<?xml version="1.0" encoding="UTF-8"?>
<!-- Generated by org.testng.reporters.JUnitXMLReporter -->
<testsuite ignored="0" hostname="DNID0689L01.local" failures="2" tests="110" name="SignUpResponseTest" time="14.616" errors="0" timestamp="17 May 2020 14:02:34 GMT">
  <testcase classname="G2.Project.Test.TS01.TC_Signup_02" name="checkHeader" time="0.003"/>
  <testcase classname="G2.Project.Test.TS01.TC_Signup_02" name="checkResponseBody" time="0.001"/>
  <testcase classname="G2.Project.Test.TS01.TC_Signup_02" name="checkResponseTime" time="0.002"/>
  <testcase classname="G2.Project.Test.TS01.TC_Signup_02" name="checkStatusCode" time="0.002"/>
  <testcase classname="G2.Project.Test.TS01.TC_Signup_02" name="checkStatusLine" time="0.002"/>
  <testcase classname="G2.Project.Test.TS01.TC_Signup_03" name="checkHeader" time="0.001"/>
  <testcase classname="G2.Project.Test.TS01.TC_Signup_03" name="checkResponseBody" time="0.001"/>
  <testcase classname="G2.Project.Test.TS01.TC_Signup_03" name="checkResponseTime" time="0.003"/>
  <testcase classname="G2.Project.Test.TS01.TC_Signup_03" name="checkStatusCode" time="0.002"/>
  <testcase classname="G2.Project.Test.TS01.TC_Signup_03" name="checkStatusLine" time="0.002"/>
  <testcase classname="G2.Project.Test.TS01.TC_Signup_04" name="checkHeader" time="0.002"/>
  <testcase classname="G2.Project.Test.TS01.TC_Signup_04" name="checkResponseBody" time="0.001"/>
  <testcase classname="G2.Project.Test.TS01.TC_Signup_04" name="checkResponseTime" time="0.002"/>
  <testcase classname="G2.Project.Test.TS01.TC_Signup_04" name="checkStatusCode" time="0.003"/>
  <testcase classname="G2.Project.Test.TS01.TC_Signup_04" name="checkStatusLine" time="0.003"/>
  <testcase classname="G2.Project.Test.TS01.TC_Signup_05" name="checkHeader" time="0.002"/>
  <testcase classname="G2.Project.Test.TS01.TC_Signup_05" name="checkResponseBody" time="0.002"/>
  <testcase classname="G2.Project.Test.TS01.TC_Signup_05" name="checkResponseTime" time="0.003"/>
  <testcase classname="G2.Project.Test.TS01.TC_Signup_05" name="checkStatusCode" time="0.002"/>
  <testcase classname="G2.Project.Test.TS01.TC_Signup_05" name="checkStatusLine" time="0.001"/>
  <testcase classname="G2.Project.Test.TS01.TC_Signup_06" name="checkHeader" time="0.002"/>
  <testcase classname="G2.Project.Test.TS01.TC_Signup_06" name="checkResponseBody" time="0.001"/>
  <testcase classname="G2.Project.Test.TS01.TC_Signup_06" name="checkResponseTime" time="0.002"/>
  <testcase classname="G2.Project.Test.TS01.TC_Signup_06" name="checkStatusCode" time="0.002"/>
  <testcase classname="G2.Project.Test.TS01.TC_Signup_06" name="checkStatusLine" time="0.006"/>
  <testcase classname="G2.Project.Test.TS01.TC_Signup_07" name="checkHeader" time="0.002"/>
  <testcase classname="G2.Project.Test.TS01.TC_Signup_07" name="checkResponseBody" time="0.002"/>
  <testcase classname="G2.Project.Test.TS01.TC_Signup_07" name="checkResponseTime" time="0.002"/>
  <testcase classname="G2.Project.Test.TS01.TC_Signup_07" name="checkStatusCode" time="0.002"/>
  <testcase classname="G2.Project.Test.TS01.TC_Signup_07" name="checkStatusLine" time="0.002"/>
  <testcase classname="G2.Project.Test.TS01.TC_Signup_08" name="checkHeader" time="0.002"/>
  <testcase classname="G2.Project.Test.TS01.TC_Signup_08" name="checkResponseBody" time="0.001"/>
  <testcase classname="G2.Project.Test.TS01.TC_Signup_08" name="checkResponseTime" time="0.002"/>
  <testcase classname="G2.Project.Test.TS01.TC_Signup_08" name="checkStatusCode" time="0.002"/>
  <testcase classname="G2.Project.Test.TS01.TC_Signup_08" name="checkStatusLine" time="0.001"/>
  <testcase classname="G2.Project.Test.TS01.TC_Signup_09" name="checkHeader" time="0.002"/>
  <testcase classname="G2.Project.Test.TS01.TC_Signup_09" name="checkResponseBody" time="0.001"/>
  <testcase classname="G2.Project.Test.TS01.TC_Signup_09" name="checkResponseTime" time="0.002"/>
  <testcase classname="G2.Project.Test.TS01.TC_Signup_09" name="checkStatusCode" time="0.001"/>
  <testcase classname="G2.Project.Test.TS01.TC_Signup_09" name="checkStatusLine" time="0.002"/>
  <testcase classname="G2.Project.Test.TS01.TC_Signup_10" name="checkHeader" time="0.002"/>
  <testcase classname="G2.Project.Test.TS01.TC_Signup_10" name="checkResponseBody" time="0.001"/>
  <testcase classname="G2.Project.Test.TS01.TC_Signup_10" name="checkResponseTime" time="0.002"/>
  <testcase classname="G2.Project.Test.TS01.TC_Signup_10" name="checkStatusCode" time="0.002"/>
  <testcase classname="G2.Project.Test.TS01.TC_Signup_10" name="checkStatusLine" time="0.002"/>
  <testcase classname="G2.Project.Test.TS01.TC_Signup_11" name="checkHeader" time="0.002"/>
  <testcase classname="G2.Project.Test.TS01.TC_Signup_11" name="checkResponseBody" time="0.001"/>
  <testcase classname="G2.Project.Test.TS01.TC_Signup_11" name="checkResponseTime" time="0.002"/>
  <testcase classname="G2.Project.Test.TS01.TC_Signup_11" name="checkStatusCode" time="0.001"/>
  <testcase classname="G2.Project.Test.TS01.TC_Signup_11" name="checkStatusLine" time="0.002"/>
  <testcase classname="G2.Project.Test.TS01.TC_Signup_12" name="checkHeader" time="0.001"/>
  <testcase classname="G2.Project.Test.TS01.TC_Signup_12" name="checkResponseBody" time="0.002"/>
  <testcase classname="G2.Project.Test.TS01.TC_Signup_12" name="checkResponseTime" time="0.003"/>
  <testcase classname="G2.Project.Test.TS01.TC_Signup_12" name="checkStatusCode" time="0.002"/>
  <testcase classname="G2.Project.Test.TS01.TC_Signup_12" name="checkStatusLine" time="0.002"/>
  <testcase classname="G2.Project.Test.TS01.TC_Signup_13" name="checkHeader" time="0.003"/>
  <testcase classname="G2.Project.Test.TS01.TC_Signup_13" name="checkResponseBody" time="0.001"/>
  <testcase classname="G2.Project.Test.TS01.TC_Signup_13" name="checkResponseTime" time="0.002"/>
  <testcase classname="G2.Project.Test.TS01.TC_Signup_13" name="checkStatusCode" time="0.003">
    <failure type="java.lang.AssertionError" message="expected [406] but found [200]">
      <![CDATA[java.lang.AssertionError: expected [406] but found [200]
at G2.Project.Base.TestBase.checkStatusCode(TestBase.java:68)
at G2.Project.Test.TS01.TC_Signup_13.checkStatusCode(TC_Signup_13.java:41)
... Removed 35 stack frames]]>
    </failure>
  </testcase> <!-- checkStatusCode -->
  <testcase classname="G2.Project.Test.TS01.TC_Signup_13" name="checkStatusLine" time="0.004">
    <failure type="java.lang.AssertionError" message="expected [HTTP/1.1 406 ] but found [HTTP/1.1 200 ]">
      <![CDATA[java.lang.AssertionError: expected [HTTP/1.1 406 ] but found [HTTP/1.1 200 ]
at G2.Project.Base.TestBase.checkStatusLine(TestBase.java:84)
at G2.Project.Test.TS01.TC_Signup_13.checkStatusLine(TC_Signup_13.java:46)
... Removed 35 stack frames]]>
    </failure>
  </testcase> <!-- checkStatusLine -->
  <testcase classname="G2.Project.Test.TS01.TC_Signup_14" name="checkHeader" time="0.003"/>
  <testcase classname="G2.Project.Test.TS01.TC_Signup_14" name="checkResponseBody" time="0.001"/>
  <testcase classname="G2.Project.Test.TS01.TC_Signup_14" name="checkResponseTime" time="0.002"/>
  <testcase classname="G2.Project.Test.TS01.TC_Signup_14" name="checkStatusCode" time="0.002"/>
  <testcase classname="G2.Project.Test.TS01.TC_Signup_14" name="checkStatusLine" time="0.002"/>
  <testcase classname="G2.Project.Test.TS01.TC_Signup_15" name="checkHeader" time="0.001"/>
  <testcase classname="G2.Project.Test.TS01.TC_Signup_15" name="checkResponseBody" time="0.001"/>
  <testcase classname="G2.Project.Test.TS01.TC_Signup_15" name="checkResponseTime" time="0.004"/>
  <testcase classname="G2.Project.Test.TS01.TC_Signup_15" name="checkStatusCode" time="0.002"/>
  <testcase classname="G2.Project.Test.TS01.TC_Signup_15" name="checkStatusLine" time="0.001"/>
  <testcase classname="G2.Project.Test.TS01.TC_Signup_16" name="checkHeader" time="0.002"/>
  <testcase classname="G2.Project.Test.TS01.TC_Signup_16" name="checkResponseBody" time="0.001"/>
  <testcase classname="G2.Project.Test.TS01.TC_Signup_16" name="checkResponseTime" time="0.001"/>
  <testcase classname="G2.Project.Test.TS01.TC_Signup_16" name="checkStatusCode" time="0.002"/>
  <testcase classname="G2.Project.Test.TS01.TC_Signup_16" name="checkStatusLine" time="0.003"/>
  <testcase classname="G2.Project.Test.TS01.TC_Signup_17" name="checkHeader" time="0.002"/>
  <testcase classname="G2.Project.Test.TS01.TC_Signup_17" name="checkResponseBody" time="0.001"/>
  <testcase classname="G2.Project.Test.TS01.TC_Signup_17" name="checkResponseTime" time="0.001"/>
  <testcase classname="G2.Project.Test.TS01.TC_Signup_17" name="checkStatusCode" time="0.002"/>
  <testcase classname="G2.Project.Test.TS01.TC_Signup_17" name="checkStatusLine" time="0.002"/>
  <testcase classname="G2.Project.Test.TS01.TC_Signup_18" name="checkHeader" time="0.002"/>
  <testcase classname="G2.Project.Test.TS01.TC_Signup_18" name="checkResponseBody" time="0.001"/>
  <testcase classname="G2.Project.Test.TS01.TC_Signup_18" name="checkResponseTime" time="0.001"/>
  <testcase classname="G2.Project.Test.TS01.TC_Signup_18" name="checkStatusCode" time="0.002"/>
  <testcase classname="G2.Project.Test.TS01.TC_Signup_18" name="checkStatusLine" time="0.002"/>
  <testcase classname="G2.Project.Test.TS01.TC_Signup_19" name="checkHeader" time="0.003"/>
  <testcase classname="G2.Project.Test.TS01.TC_Signup_19" name="checkResponseBody" time="0.001"/>
  <testcase classname="G2.Project.Test.TS01.TC_Signup_19" name="checkResponseTime" time="0.001"/>
  <testcase classname="G2.Project.Test.TS01.TC_Signup_19" name="checkStatusCode" time="0.001"/>
  <testcase classname="G2.Project.Test.TS01.TC_Signup_19" name="checkStatusLine" time="0.001"/>
  <testcase classname="G2.Project.Test.TS01.TC_Signup_20" name="checkHeader" time="0.002"/>
  <testcase classname="G2.Project.Test.TS01.TC_Signup_20" name="checkResponseBody" time="0.001"/>
  <testcase classname="G2.Project.Test.TS01.TC_Signup_20" name="checkResponseTime" time="0.002"/>
  <testcase classname="G2.Project.Test.TS01.TC_Signup_20" name="checkStatusCode" time="0.002"/>
  <testcase classname="G2.Project.Test.TS01.TC_Signup_20" name="checkStatusLine" time="0.001"/>
  <testcase classname="G2.Project.Test.TS01.TC_Signup_21" name="checkHeader" time="0.002"/>
  <testcase classname="G2.Project.Test.TS01.TC_Signup_21" name="checkResponseBody" time="0.001"/>
  <testcase classname="G2.Project.Test.TS01.TC_Signup_21" name="checkResponseTime" time="0.002"/>
  <testcase classname="G2.Project.Test.TS01.TC_Signup_21" name="checkStatusCode" time="0.002"/>
  <testcase classname="G2.Project.Test.TS01.TC_Signup_21" name="checkStatusLine" time="0.002"/>
  <testcase classname="G2.Project.Test.TS01.TC_Signup_22" name="checkHeader" time="0.001"/>
  <testcase classname="G2.Project.Test.TS01.TC_Signup_22" name="checkResponseBody" time="0.001"/>
  <testcase classname="G2.Project.Test.TS01.TC_Signup_22" name="checkResponseTime" time="0.001"/>
  <testcase classname="G2.Project.Test.TS01.TC_Signup_22" name="checkStatusCode" time="0.002"/>
  <testcase classname="G2.Project.Test.TS01.TC_Signup_22" name="checkStatusLine" time="0.002"/>
  <testcase classname="G2.Project.Test.TS01.TC_Signup_01" name="checkHeader" time="0.001"/>
  <testcase classname="G2.Project.Test.TS01.TC_Signup_01" name="checkResponseBody" time="0.001"/>
  <testcase classname="G2.Project.Test.TS01.TC_Signup_01" name="checkResponseTime" time="0.002"/>
  <testcase classname="G2.Project.Test.TS01.TC_Signup_01" name="checkStatusCode" time="0.002"/>
  <testcase classname="G2.Project.Test.TS01.TC_Signup_01" name="checkStatusLine" time="0.002"/>
</testsuite> <!-- SignUpResponseTest -->
