<html>
<head>
<title>TestNG:  SignUpResponseTest</title>
<link href="../testng.css" rel="stylesheet" type="text/css" />
<link href="../my-testng.css" rel="stylesheet" type="text/css" />

<style type="text/css">
.log { display: none;} 
.stack-trace { display: none;} 
</style>
<script type="text/javascript">
<!--
function flip(e) {
  current = e.style.display;
  if (current == 'block') {
    e.style.display = 'none';
    return 0;
  }
  else {
    e.style.display = 'block';
    return 1;
  }
}

function toggleBox(szDivId, elem, msg1, msg2)
{
  var res = -1;  if (document.getElementById) {
    res = flip(document.getElementById(szDivId));
  }
  else if (document.all) {
    // this is the way old msie versions work
    res = flip(document.all[szDivId]);
  }
  if(elem) {
    if(res == 0) elem.innerHTML = msg1; else elem.innerHTML = msg2;
  }

}

function toggleAllBoxes() {
  if (document.getElementsByTagName) {
    d = document.getElementsByTagName('div');
    for (i = 0; i < d.length; i++) {
      if (d[i].className == 'log') {
        flip(d[i]);
      }
    }
  }
}

// -->
</script>

</head>
<body>
<h2 align='center'>SignUpResponseTest</h2><table border='1' align="center">
<tr>
<td>Tests passed/Failed/Skipped:</td><td>102/8/0</td>
</tr><tr>
<td>Started on:</td><td>Sun May 17 12:52:23 WIB 2020</td>
</tr>
<tr><td>Total time:</td><td>15 seconds (15025 ms)</td>
</tr><tr>
<td>Included groups:</td><td></td>
</tr><tr>
<td>Excluded groups:</td><td></td>
</tr>
</table><p/>
<small><i>(Hover the method name to see the test class name)</i></small><p/>
<table width='100%' border='1' class='invocation-failed'>
<tr><td colspan='4' align='center'><b>FAILED TESTS</b></td></tr>
<tr><td><b>Test method</b></td>
<td width="30%"><b>Exception</b></td>
<td width="10%"><b>Time (seconds)</b></td>
<td><b>Instance</b></td>
</tr>
<tr>
<td title='G2.Project.Test.TS01.TC_Signup_13.checkStatusCode()'><b>checkStatusCode</b><br>Test class: G2.Project.Test.TS01.TC_Signup_13</td>
<td><div><pre>java.lang.AssertionError: expected [400] but found [406]
	at G2.Project.Base.TestBase.checkStatusCode(TestBase.java:68)
	at G2.Project.Test.TS01.TC_Signup_13.checkStatusCode(TC_Signup_13.java:41)
... Removed 35 stack frames</pre></div><a href='#' onClick='toggleBox("stack-trace48428832", this, "Click to show all stack frames", "Click to hide stack frames")'>Click to show all stack frames</a>
<div class='stack-trace' id='stack-trace48428832'><pre>java.lang.AssertionError: expected [400] but found [406]
	at org.testng.Assert.fail(Assert.java:96)
	at org.testng.Assert.failNotEquals(Assert.java:776)
	at org.testng.Assert.assertEqualsImpl(Assert.java:137)
	at org.testng.Assert.assertEquals(Assert.java:118)
	at org.testng.Assert.assertEquals(Assert.java:652)
	at org.testng.Assert.assertEquals(Assert.java:662)
	at G2.Project.Base.TestBase.checkStatusCode(TestBase.java:68)
	at G2.Project.Test.TS01.TC_Signup_13.checkStatusCode(TC_Signup_13.java:41)
	at java.base/jdk.internal.reflect.NativeMethodAccessorImpl.invoke0(Native Method)
	at java.base/jdk.internal.reflect.NativeMethodAccessorImpl.invoke(NativeMethodAccessorImpl.java:62)
	at java.base/jdk.internal.reflect.DelegatingMethodAccessorImpl.invoke(DelegatingMethodAccessorImpl.java:43)
	at java.base/java.lang.reflect.Method.invoke(Method.java:564)
	at org.testng.internal.MethodInvocationHelper.invokeMethod(MethodInvocationHelper.java:124)
	at org.testng.internal.Invoker.invokeMethod(Invoker.java:583)
	at org.testng.internal.Invoker.invokeTestMethod(Invoker.java:719)
	at org.testng.internal.Invoker.invokeTestMethods(Invoker.java:989)
	at org.testng.internal.TestMethodWorker.invokeTestMethods(TestMethodWorker.java:125)
	at org.testng.internal.TestMethodWorker.run(TestMethodWorker.java:109)
	at org.testng.TestRunner.privateRun(TestRunner.java:648)
	at org.testng.TestRunner.run(TestRunner.java:505)
	at org.testng.SuiteRunner.runTest(SuiteRunner.java:455)
	at org.testng.SuiteRunner.runSequentially(SuiteRunner.java:450)
	at org.testng.SuiteRunner.privateRun(SuiteRunner.java:415)
	at org.testng.SuiteRunner.run(SuiteRunner.java:364)
	at org.testng.SuiteRunnerWorker.runSuite(SuiteRunnerWorker.java:52)
	at org.testng.SuiteRunnerWorker.run(SuiteRunnerWorker.java:84)
	at org.testng.TestNG.runSuitesSequentially(TestNG.java:1208)
	at org.testng.TestNG.runSuitesLocally(TestNG.java:1137)
	at org.testng.TestNG.runSuites(TestNG.java:1049)
	at org.testng.TestNG.run(TestNG.java:1017)
	at org.apache.maven.surefire.testng.TestNGExecutor.run(TestNGExecutor.java:283)
	at org.apache.maven.surefire.testng.TestNGXmlTestSuite.execute(TestNGXmlTestSuite.java:75)
	at org.apache.maven.surefire.testng.TestNGProvider.invoke(TestNGProvider.java:120)
	at org.apache.maven.surefire.booter.ForkedBooter.invokeProviderInSameClassLoader(ForkedBooter.java:384)
	at org.apache.maven.surefire.booter.ForkedBooter.runSuitesInProcess(ForkedBooter.java:345)
	at org.apache.maven.surefire.booter.ForkedBooter.execute(ForkedBooter.java:126)
	at org.apache.maven.surefire.booter.ForkedBooter.main(ForkedBooter.java:418)
</pre></div></td>
<td>0</td>
<td>G2.Project.Test.TS01.TC_Signup_13@6a79c292</td></tr>
<tr>
<td title='G2.Project.Test.TS01.TC_Signup_14.checkStatusCode()'><b>checkStatusCode</b><br>Test class: G2.Project.Test.TS01.TC_Signup_14</td>
<td><div><pre>java.lang.AssertionError: expected [400] but found [406]
	at G2.Project.Base.TestBase.checkStatusCode(TestBase.java:68)
	at G2.Project.Test.TS01.TC_Signup_14.checkStatusCode(TC_Signup_14.java:41)
... Removed 35 stack frames</pre></div><a href='#' onClick='toggleBox("stack-trace1779219567", this, "Click to show all stack frames", "Click to hide stack frames")'>Click to show all stack frames</a>
<div class='stack-trace' id='stack-trace1779219567'><pre>java.lang.AssertionError: expected [400] but found [406]
	at org.testng.Assert.fail(Assert.java:96)
	at org.testng.Assert.failNotEquals(Assert.java:776)
	at org.testng.Assert.assertEqualsImpl(Assert.java:137)
	at org.testng.Assert.assertEquals(Assert.java:118)
	at org.testng.Assert.assertEquals(Assert.java:652)
	at org.testng.Assert.assertEquals(Assert.java:662)
	at G2.Project.Base.TestBase.checkStatusCode(TestBase.java:68)
	at G2.Project.Test.TS01.TC_Signup_14.checkStatusCode(TC_Signup_14.java:41)
	at java.base/jdk.internal.reflect.NativeMethodAccessorImpl.invoke0(Native Method)
	at java.base/jdk.internal.reflect.NativeMethodAccessorImpl.invoke(NativeMethodAccessorImpl.java:62)
	at java.base/jdk.internal.reflect.DelegatingMethodAccessorImpl.invoke(DelegatingMethodAccessorImpl.java:43)
	at java.base/java.lang.reflect.Method.invoke(Method.java:564)
	at org.testng.internal.MethodInvocationHelper.invokeMethod(MethodInvocationHelper.java:124)
	at org.testng.internal.Invoker.invokeMethod(Invoker.java:583)
	at org.testng.internal.Invoker.invokeTestMethod(Invoker.java:719)
	at org.testng.internal.Invoker.invokeTestMethods(Invoker.java:989)
	at org.testng.internal.TestMethodWorker.invokeTestMethods(TestMethodWorker.java:125)
	at org.testng.internal.TestMethodWorker.run(TestMethodWorker.java:109)
	at org.testng.TestRunner.privateRun(TestRunner.java:648)
	at org.testng.TestRunner.run(TestRunner.java:505)
	at org.testng.SuiteRunner.runTest(SuiteRunner.java:455)
	at org.testng.SuiteRunner.runSequentially(SuiteRunner.java:450)
	at org.testng.SuiteRunner.privateRun(SuiteRunner.java:415)
	at org.testng.SuiteRunner.run(SuiteRunner.java:364)
	at org.testng.SuiteRunnerWorker.runSuite(SuiteRunnerWorker.java:52)
	at org.testng.SuiteRunnerWorker.run(SuiteRunnerWorker.java:84)
	at org.testng.TestNG.runSuitesSequentially(TestNG.java:1208)
	at org.testng.TestNG.runSuitesLocally(TestNG.java:1137)
	at org.testng.TestNG.runSuites(TestNG.java:1049)
	at org.testng.TestNG.run(TestNG.java:1017)
	at org.apache.maven.surefire.testng.TestNGExecutor.run(TestNGExecutor.java:283)
	at org.apache.maven.surefire.testng.TestNGXmlTestSuite.execute(TestNGXmlTestSuite.java:75)
	at org.apache.maven.surefire.testng.TestNGProvider.invoke(TestNGProvider.java:120)
	at org.apache.maven.surefire.booter.ForkedBooter.invokeProviderInSameClassLoader(ForkedBooter.java:384)
	at org.apache.maven.surefire.booter.ForkedBooter.runSuitesInProcess(ForkedBooter.java:345)
	at org.apache.maven.surefire.booter.ForkedBooter.execute(ForkedBooter.java:126)
	at org.apache.maven.surefire.booter.ForkedBooter.main(ForkedBooter.java:418)
</pre></div></td>
<td>0</td>
<td>G2.Project.Test.TS01.TC_Signup_14@37574691</td></tr>
<tr>
<td title='G2.Project.Test.TS01.TC_Signup_15.checkStatusCode()'><b>checkStatusCode</b><br>Test class: G2.Project.Test.TS01.TC_Signup_15</td>
<td><div><pre>java.lang.AssertionError: expected [400] but found [406]
	at G2.Project.Base.TestBase.checkStatusCode(TestBase.java:68)
	at G2.Project.Test.TS01.TC_Signup_15.checkStatusCode(TC_Signup_15.java:41)
... Removed 35 stack frames</pre></div><a href='#' onClick='toggleBox("stack-trace1183572822", this, "Click to show all stack frames", "Click to hide stack frames")'>Click to show all stack frames</a>
<div class='stack-trace' id='stack-trace1183572822'><pre>java.lang.AssertionError: expected [400] but found [406]
	at org.testng.Assert.fail(Assert.java:96)
	at org.testng.Assert.failNotEquals(Assert.java:776)
	at org.testng.Assert.assertEqualsImpl(Assert.java:137)
	at org.testng.Assert.assertEquals(Assert.java:118)
	at org.testng.Assert.assertEquals(Assert.java:652)
	at org.testng.Assert.assertEquals(Assert.java:662)
	at G2.Project.Base.TestBase.checkStatusCode(TestBase.java:68)
	at G2.Project.Test.TS01.TC_Signup_15.checkStatusCode(TC_Signup_15.java:41)
	at java.base/jdk.internal.reflect.NativeMethodAccessorImpl.invoke0(Native Method)
	at java.base/jdk.internal.reflect.NativeMethodAccessorImpl.invoke(NativeMethodAccessorImpl.java:62)
	at java.base/jdk.internal.reflect.DelegatingMethodAccessorImpl.invoke(DelegatingMethodAccessorImpl.java:43)
	at java.base/java.lang.reflect.Method.invoke(Method.java:564)
	at org.testng.internal.MethodInvocationHelper.invokeMethod(MethodInvocationHelper.java:124)
	at org.testng.internal.Invoker.invokeMethod(Invoker.java:583)
	at org.testng.internal.Invoker.invokeTestMethod(Invoker.java:719)
	at org.testng.internal.Invoker.invokeTestMethods(Invoker.java:989)
	at org.testng.internal.TestMethodWorker.invokeTestMethods(TestMethodWorker.java:125)
	at org.testng.internal.TestMethodWorker.run(TestMethodWorker.java:109)
	at org.testng.TestRunner.privateRun(TestRunner.java:648)
	at org.testng.TestRunner.run(TestRunner.java:505)
	at org.testng.SuiteRunner.runTest(SuiteRunner.java:455)
	at org.testng.SuiteRunner.runSequentially(SuiteRunner.java:450)
	at org.testng.SuiteRunner.privateRun(SuiteRunner.java:415)
	at org.testng.SuiteRunner.run(SuiteRunner.java:364)
	at org.testng.SuiteRunnerWorker.runSuite(SuiteRunnerWorker.java:52)
	at org.testng.SuiteRunnerWorker.run(SuiteRunnerWorker.java:84)
	at org.testng.TestNG.runSuitesSequentially(TestNG.java:1208)
	at org.testng.TestNG.runSuitesLocally(TestNG.java:1137)
	at org.testng.TestNG.runSuites(TestNG.java:1049)
	at org.testng.TestNG.run(TestNG.java:1017)
	at org.apache.maven.surefire.testng.TestNGExecutor.run(TestNGExecutor.java:283)
	at org.apache.maven.surefire.testng.TestNGXmlTestSuite.execute(TestNGXmlTestSuite.java:75)
	at org.apache.maven.surefire.testng.TestNGProvider.invoke(TestNGProvider.java:120)
	at org.apache.maven.surefire.booter.ForkedBooter.invokeProviderInSameClassLoader(ForkedBooter.java:384)
	at org.apache.maven.surefire.booter.ForkedBooter.runSuitesInProcess(ForkedBooter.java:345)
	at org.apache.maven.surefire.booter.ForkedBooter.execute(ForkedBooter.java:126)
	at org.apache.maven.surefire.booter.ForkedBooter.main(ForkedBooter.java:418)
</pre></div></td>
<td>0</td>
<td>G2.Project.Test.TS01.TC_Signup_15@25359ed8</td></tr>
<tr>
<td title='G2.Project.Test.TS01.TC_Signup_01.checkStatusCode()'><b>checkStatusCode</b><br>Test class: G2.Project.Test.TS01.TC_Signup_01</td>
<td><div><pre>java.lang.AssertionError: expected [201] but found [200]
	at G2.Project.Base.TestBase.checkStatusCode(TestBase.java:68)
	at G2.Project.Test.TS01.TC_Signup_01.checkStatusCode(TC_Signup_01.java:41)
... Removed 35 stack frames</pre></div><a href='#' onClick='toggleBox("stack-trace1790229151", this, "Click to show all stack frames", "Click to hide stack frames")'>Click to show all stack frames</a>
<div class='stack-trace' id='stack-trace1790229151'><pre>java.lang.AssertionError: expected [201] but found [200]
	at org.testng.Assert.fail(Assert.java:96)
	at org.testng.Assert.failNotEquals(Assert.java:776)
	at org.testng.Assert.assertEqualsImpl(Assert.java:137)
	at org.testng.Assert.assertEquals(Assert.java:118)
	at org.testng.Assert.assertEquals(Assert.java:652)
	at org.testng.Assert.assertEquals(Assert.java:662)
	at G2.Project.Base.TestBase.checkStatusCode(TestBase.java:68)
	at G2.Project.Test.TS01.TC_Signup_01.checkStatusCode(TC_Signup_01.java:41)
	at java.base/jdk.internal.reflect.NativeMethodAccessorImpl.invoke0(Native Method)
	at java.base/jdk.internal.reflect.NativeMethodAccessorImpl.invoke(NativeMethodAccessorImpl.java:62)
	at java.base/jdk.internal.reflect.DelegatingMethodAccessorImpl.invoke(DelegatingMethodAccessorImpl.java:43)
	at java.base/java.lang.reflect.Method.invoke(Method.java:564)
	at org.testng.internal.MethodInvocationHelper.invokeMethod(MethodInvocationHelper.java:124)
	at org.testng.internal.Invoker.invokeMethod(Invoker.java:583)
	at org.testng.internal.Invoker.invokeTestMethod(Invoker.java:719)
	at org.testng.internal.Invoker.invokeTestMethods(Invoker.java:989)
	at org.testng.internal.TestMethodWorker.invokeTestMethods(TestMethodWorker.java:125)
	at org.testng.internal.TestMethodWorker.run(TestMethodWorker.java:109)
	at org.testng.TestRunner.privateRun(TestRunner.java:648)
	at org.testng.TestRunner.run(TestRunner.java:505)
	at org.testng.SuiteRunner.runTest(SuiteRunner.java:455)
	at org.testng.SuiteRunner.runSequentially(SuiteRunner.java:450)
	at org.testng.SuiteRunner.privateRun(SuiteRunner.java:415)
	at org.testng.SuiteRunner.run(SuiteRunner.java:364)
	at org.testng.SuiteRunnerWorker.runSuite(SuiteRunnerWorker.java:52)
	at org.testng.SuiteRunnerWorker.run(SuiteRunnerWorker.java:84)
	at org.testng.TestNG.runSuitesSequentially(TestNG.java:1208)
	at org.testng.TestNG.runSuitesLocally(TestNG.java:1137)
	at org.testng.TestNG.runSuites(TestNG.java:1049)
	at org.testng.TestNG.run(TestNG.java:1017)
	at org.apache.maven.surefire.testng.TestNGExecutor.run(TestNGExecutor.java:283)
	at org.apache.maven.surefire.testng.TestNGXmlTestSuite.execute(TestNGXmlTestSuite.java:75)
	at org.apache.maven.surefire.testng.TestNGProvider.invoke(TestNGProvider.java:120)
	at org.apache.maven.surefire.booter.ForkedBooter.invokeProviderInSameClassLoader(ForkedBooter.java:384)
	at org.apache.maven.surefire.booter.ForkedBooter.runSuitesInProcess(ForkedBooter.java:345)
	at org.apache.maven.surefire.booter.ForkedBooter.execute(ForkedBooter.java:126)
	at org.apache.maven.surefire.booter.ForkedBooter.main(ForkedBooter.java:418)
</pre></div></td>
<td>0</td>
<td>G2.Project.Test.TS01.TC_Signup_01@314c508a</td></tr>
<tr>
<td title='G2.Project.Test.TS01.TC_Signup_13.checkStatusLine()'><b>checkStatusLine</b><br>Test class: G2.Project.Test.TS01.TC_Signup_13</td>
<td><div><pre>java.lang.AssertionError: expected [HTTP/1.1 400 ] but found [HTTP/1.1 406 ]
	at G2.Project.Base.TestBase.checkStatusLine(TestBase.java:84)
	at G2.Project.Test.TS01.TC_Signup_13.checkStatusLine(TC_Signup_13.java:46)
... Removed 35 stack frames</pre></div><a href='#' onClick='toggleBox("stack-trace987950392", this, "Click to show all stack frames", "Click to hide stack frames")'>Click to show all stack frames</a>
<div class='stack-trace' id='stack-trace987950392'><pre>java.lang.AssertionError: expected [HTTP/1.1 400 ] but found [HTTP/1.1 406 ]
	at org.testng.Assert.fail(Assert.java:96)
	at org.testng.Assert.failNotEquals(Assert.java:776)
	at org.testng.Assert.assertEqualsImpl(Assert.java:137)
	at org.testng.Assert.assertEquals(Assert.java:118)
	at org.testng.Assert.assertEquals(Assert.java:453)
	at org.testng.Assert.assertEquals(Assert.java:463)
	at G2.Project.Base.TestBase.checkStatusLine(TestBase.java:84)
	at G2.Project.Test.TS01.TC_Signup_13.checkStatusLine(TC_Signup_13.java:46)
	at java.base/jdk.internal.reflect.NativeMethodAccessorImpl.invoke0(Native Method)
	at java.base/jdk.internal.reflect.NativeMethodAccessorImpl.invoke(NativeMethodAccessorImpl.java:62)
	at java.base/jdk.internal.reflect.DelegatingMethodAccessorImpl.invoke(DelegatingMethodAccessorImpl.java:43)
	at java.base/java.lang.reflect.Method.invoke(Method.java:564)
	at org.testng.internal.MethodInvocationHelper.invokeMethod(MethodInvocationHelper.java:124)
	at org.testng.internal.Invoker.invokeMethod(Invoker.java:583)
	at org.testng.internal.Invoker.invokeTestMethod(Invoker.java:719)
	at org.testng.internal.Invoker.invokeTestMethods(Invoker.java:989)
	at org.testng.internal.TestMethodWorker.invokeTestMethods(TestMethodWorker.java:125)
	at org.testng.internal.TestMethodWorker.run(TestMethodWorker.java:109)
	at org.testng.TestRunner.privateRun(TestRunner.java:648)
	at org.testng.TestRunner.run(TestRunner.java:505)
	at org.testng.SuiteRunner.runTest(SuiteRunner.java:455)
	at org.testng.SuiteRunner.runSequentially(SuiteRunner.java:450)
	at org.testng.SuiteRunner.privateRun(SuiteRunner.java:415)
	at org.testng.SuiteRunner.run(SuiteRunner.java:364)
	at org.testng.SuiteRunnerWorker.runSuite(SuiteRunnerWorker.java:52)
	at org.testng.SuiteRunnerWorker.run(SuiteRunnerWorker.java:84)
	at org.testng.TestNG.runSuitesSequentially(TestNG.java:1208)
	at org.testng.TestNG.runSuitesLocally(TestNG.java:1137)
	at org.testng.TestNG.runSuites(TestNG.java:1049)
	at org.testng.TestNG.run(TestNG.java:1017)
	at org.apache.maven.surefire.testng.TestNGExecutor.run(TestNGExecutor.java:283)
	at org.apache.maven.surefire.testng.TestNGXmlTestSuite.execute(TestNGXmlTestSuite.java:75)
	at org.apache.maven.surefire.testng.TestNGProvider.invoke(TestNGProvider.java:120)
	at org.apache.maven.surefire.booter.ForkedBooter.invokeProviderInSameClassLoader(ForkedBooter.java:384)
	at org.apache.maven.surefire.booter.ForkedBooter.runSuitesInProcess(ForkedBooter.java:345)
	at org.apache.maven.surefire.booter.ForkedBooter.execute(ForkedBooter.java:126)
	at org.apache.maven.surefire.booter.ForkedBooter.main(ForkedBooter.java:418)
</pre></div></td>
<td>0</td>
<td>G2.Project.Test.TS01.TC_Signup_13@6a79c292</td></tr>
<tr>
<td title='G2.Project.Test.TS01.TC_Signup_14.checkStatusLine()'><b>checkStatusLine</b><br>Test class: G2.Project.Test.TS01.TC_Signup_14</td>
<td><div><pre>java.lang.AssertionError: expected [HTTP/1.1 400 ] but found [HTTP/1.1 406 ]
	at G2.Project.Base.TestBase.checkStatusLine(TestBase.java:84)
	at G2.Project.Test.TS01.TC_Signup_14.checkStatusLine(TC_Signup_14.java:46)
... Removed 35 stack frames</pre></div><a href='#' onClick='toggleBox("stack-trace1729171313", this, "Click to show all stack frames", "Click to hide stack frames")'>Click to show all stack frames</a>
<div class='stack-trace' id='stack-trace1729171313'><pre>java.lang.AssertionError: expected [HTTP/1.1 400 ] but found [HTTP/1.1 406 ]
	at org.testng.Assert.fail(Assert.java:96)
	at org.testng.Assert.failNotEquals(Assert.java:776)
	at org.testng.Assert.assertEqualsImpl(Assert.java:137)
	at org.testng.Assert.assertEquals(Assert.java:118)
	at org.testng.Assert.assertEquals(Assert.java:453)
	at org.testng.Assert.assertEquals(Assert.java:463)
	at G2.Project.Base.TestBase.checkStatusLine(TestBase.java:84)
	at G2.Project.Test.TS01.TC_Signup_14.checkStatusLine(TC_Signup_14.java:46)
	at java.base/jdk.internal.reflect.NativeMethodAccessorImpl.invoke0(Native Method)
	at java.base/jdk.internal.reflect.NativeMethodAccessorImpl.invoke(NativeMethodAccessorImpl.java:62)
	at java.base/jdk.internal.reflect.DelegatingMethodAccessorImpl.invoke(DelegatingMethodAccessorImpl.java:43)
	at java.base/java.lang.reflect.Method.invoke(Method.java:564)
	at org.testng.internal.MethodInvocationHelper.invokeMethod(MethodInvocationHelper.java:124)
	at org.testng.internal.Invoker.invokeMethod(Invoker.java:583)
	at org.testng.internal.Invoker.invokeTestMethod(Invoker.java:719)
	at org.testng.internal.Invoker.invokeTestMethods(Invoker.java:989)
	at org.testng.internal.TestMethodWorker.invokeTestMethods(TestMethodWorker.java:125)
	at org.testng.internal.TestMethodWorker.run(TestMethodWorker.java:109)
	at org.testng.TestRunner.privateRun(TestRunner.java:648)
	at org.testng.TestRunner.run(TestRunner.java:505)
	at org.testng.SuiteRunner.runTest(SuiteRunner.java:455)
	at org.testng.SuiteRunner.runSequentially(SuiteRunner.java:450)
	at org.testng.SuiteRunner.privateRun(SuiteRunner.java:415)
	at org.testng.SuiteRunner.run(SuiteRunner.java:364)
	at org.testng.SuiteRunnerWorker.runSuite(SuiteRunnerWorker.java:52)
	at org.testng.SuiteRunnerWorker.run(SuiteRunnerWorker.java:84)
	at org.testng.TestNG.runSuitesSequentially(TestNG.java:1208)
	at org.testng.TestNG.runSuitesLocally(TestNG.java:1137)
	at org.testng.TestNG.runSuites(TestNG.java:1049)
	at org.testng.TestNG.run(TestNG.java:1017)
	at org.apache.maven.surefire.testng.TestNGExecutor.run(TestNGExecutor.java:283)
	at org.apache.maven.surefire.testng.TestNGXmlTestSuite.execute(TestNGXmlTestSuite.java:75)
	at org.apache.maven.surefire.testng.TestNGProvider.invoke(TestNGProvider.java:120)
	at org.apache.maven.surefire.booter.ForkedBooter.invokeProviderInSameClassLoader(ForkedBooter.java:384)
	at org.apache.maven.surefire.booter.ForkedBooter.runSuitesInProcess(ForkedBooter.java:345)
	at org.apache.maven.surefire.booter.ForkedBooter.execute(ForkedBooter.java:126)
	at org.apache.maven.surefire.booter.ForkedBooter.main(ForkedBooter.java:418)
</pre></div></td>
<td>0</td>
<td>G2.Project.Test.TS01.TC_Signup_14@37574691</td></tr>
<tr>
<td title='G2.Project.Test.TS01.TC_Signup_15.checkStatusLine()'><b>checkStatusLine</b><br>Test class: G2.Project.Test.TS01.TC_Signup_15</td>
<td><div><pre>java.lang.AssertionError: expected [HTTP/1.1 400 Bad Request] but found [HTTP/1.1 406 ]
	at G2.Project.Base.TestBase.checkStatusLine(TestBase.java:84)
	at G2.Project.Test.TS01.TC_Signup_15.checkStatusLine(TC_Signup_15.java:46)
... Removed 35 stack frames</pre></div><a href='#' onClick='toggleBox("stack-trace1553646796", this, "Click to show all stack frames", "Click to hide stack frames")'>Click to show all stack frames</a>
<div class='stack-trace' id='stack-trace1553646796'><pre>java.lang.AssertionError: expected [HTTP/1.1 400 Bad Request] but found [HTTP/1.1 406 ]
	at org.testng.Assert.fail(Assert.java:96)
	at org.testng.Assert.failNotEquals(Assert.java:776)
	at org.testng.Assert.assertEqualsImpl(Assert.java:137)
	at org.testng.Assert.assertEquals(Assert.java:118)
	at org.testng.Assert.assertEquals(Assert.java:453)
	at org.testng.Assert.assertEquals(Assert.java:463)
	at G2.Project.Base.TestBase.checkStatusLine(TestBase.java:84)
	at G2.Project.Test.TS01.TC_Signup_15.checkStatusLine(TC_Signup_15.java:46)
	at java.base/jdk.internal.reflect.NativeMethodAccessorImpl.invoke0(Native Method)
	at java.base/jdk.internal.reflect.NativeMethodAccessorImpl.invoke(NativeMethodAccessorImpl.java:62)
	at java.base/jdk.internal.reflect.DelegatingMethodAccessorImpl.invoke(DelegatingMethodAccessorImpl.java:43)
	at java.base/java.lang.reflect.Method.invoke(Method.java:564)
	at org.testng.internal.MethodInvocationHelper.invokeMethod(MethodInvocationHelper.java:124)
	at org.testng.internal.Invoker.invokeMethod(Invoker.java:583)
	at org.testng.internal.Invoker.invokeTestMethod(Invoker.java:719)
	at org.testng.internal.Invoker.invokeTestMethods(Invoker.java:989)
	at org.testng.internal.TestMethodWorker.invokeTestMethods(TestMethodWorker.java:125)
	at org.testng.internal.TestMethodWorker.run(TestMethodWorker.java:109)
	at org.testng.TestRunner.privateRun(TestRunner.java:648)
	at org.testng.TestRunner.run(TestRunner.java:505)
	at org.testng.SuiteRunner.runTest(SuiteRunner.java:455)
	at org.testng.SuiteRunner.runSequentially(SuiteRunner.java:450)
	at org.testng.SuiteRunner.privateRun(SuiteRunner.java:415)
	at org.testng.SuiteRunner.run(SuiteRunner.java:364)
	at org.testng.SuiteRunnerWorker.runSuite(SuiteRunnerWorker.java:52)
	at org.testng.SuiteRunnerWorker.run(SuiteRunnerWorker.java:84)
	at org.testng.TestNG.runSuitesSequentially(TestNG.java:1208)
	at org.testng.TestNG.runSuitesLocally(TestNG.java:1137)
	at org.testng.TestNG.runSuites(TestNG.java:1049)
	at org.testng.TestNG.run(TestNG.java:1017)
	at org.apache.maven.surefire.testng.TestNGExecutor.run(TestNGExecutor.java:283)
	at org.apache.maven.surefire.testng.TestNGXmlTestSuite.execute(TestNGXmlTestSuite.java:75)
	at org.apache.maven.surefire.testng.TestNGProvider.invoke(TestNGProvider.java:120)
	at org.apache.maven.surefire.booter.ForkedBooter.invokeProviderInSameClassLoader(ForkedBooter.java:384)
	at org.apache.maven.surefire.booter.ForkedBooter.runSuitesInProcess(ForkedBooter.java:345)
	at org.apache.maven.surefire.booter.ForkedBooter.execute(ForkedBooter.java:126)
	at org.apache.maven.surefire.booter.ForkedBooter.main(ForkedBooter.java:418)
</pre></div></td>
<td>0</td>
<td>G2.Project.Test.TS01.TC_Signup_15@25359ed8</td></tr>
<tr>
<td title='G2.Project.Test.TS01.TC_Signup_01.checkStatusLine()'><b>checkStatusLine</b><br>Test class: G2.Project.Test.TS01.TC_Signup_01</td>
<td><div><pre>java.lang.AssertionError: expected [HTTP/1.1 201 ] but found [HTTP/1.1 200 ]
	at G2.Project.Base.TestBase.checkStatusLine(TestBase.java:84)
	at G2.Project.Test.TS01.TC_Signup_01.checkStatusLine(TC_Signup_01.java:46)
... Removed 35 stack frames</pre></div><a href='#' onClick='toggleBox("stack-trace665641137", this, "Click to show all stack frames", "Click to hide stack frames")'>Click to show all stack frames</a>
<div class='stack-trace' id='stack-trace665641137'><pre>java.lang.AssertionError: expected [HTTP/1.1 201 ] but found [HTTP/1.1 200 ]
	at org.testng.Assert.fail(Assert.java:96)
	at org.testng.Assert.failNotEquals(Assert.java:776)
	at org.testng.Assert.assertEqualsImpl(Assert.java:137)
	at org.testng.Assert.assertEquals(Assert.java:118)
	at org.testng.Assert.assertEquals(Assert.java:453)
	at org.testng.Assert.assertEquals(Assert.java:463)
	at G2.Project.Base.TestBase.checkStatusLine(TestBase.java:84)
	at G2.Project.Test.TS01.TC_Signup_01.checkStatusLine(TC_Signup_01.java:46)
	at java.base/jdk.internal.reflect.NativeMethodAccessorImpl.invoke0(Native Method)
	at java.base/jdk.internal.reflect.NativeMethodAccessorImpl.invoke(NativeMethodAccessorImpl.java:62)
	at java.base/jdk.internal.reflect.DelegatingMethodAccessorImpl.invoke(DelegatingMethodAccessorImpl.java:43)
	at java.base/java.lang.reflect.Method.invoke(Method.java:564)
	at org.testng.internal.MethodInvocationHelper.invokeMethod(MethodInvocationHelper.java:124)
	at org.testng.internal.Invoker.invokeMethod(Invoker.java:583)
	at org.testng.internal.Invoker.invokeTestMethod(Invoker.java:719)
	at org.testng.internal.Invoker.invokeTestMethods(Invoker.java:989)
	at org.testng.internal.TestMethodWorker.invokeTestMethods(TestMethodWorker.java:125)
	at org.testng.internal.TestMethodWorker.run(TestMethodWorker.java:109)
	at org.testng.TestRunner.privateRun(TestRunner.java:648)
	at org.testng.TestRunner.run(TestRunner.java:505)
	at org.testng.SuiteRunner.runTest(SuiteRunner.java:455)
	at org.testng.SuiteRunner.runSequentially(SuiteRunner.java:450)
	at org.testng.SuiteRunner.privateRun(SuiteRunner.java:415)
	at org.testng.SuiteRunner.run(SuiteRunner.java:364)
	at org.testng.SuiteRunnerWorker.runSuite(SuiteRunnerWorker.java:52)
	at org.testng.SuiteRunnerWorker.run(SuiteRunnerWorker.java:84)
	at org.testng.TestNG.runSuitesSequentially(TestNG.java:1208)
	at org.testng.TestNG.runSuitesLocally(TestNG.java:1137)
	at org.testng.TestNG.runSuites(TestNG.java:1049)
	at org.testng.TestNG.run(TestNG.java:1017)
	at org.apache.maven.surefire.testng.TestNGExecutor.run(TestNGExecutor.java:283)
	at org.apache.maven.surefire.testng.TestNGXmlTestSuite.execute(TestNGXmlTestSuite.java:75)
	at org.apache.maven.surefire.testng.TestNGProvider.invoke(TestNGProvider.java:120)
	at org.apache.maven.surefire.booter.ForkedBooter.invokeProviderInSameClassLoader(ForkedBooter.java:384)
	at org.apache.maven.surefire.booter.ForkedBooter.runSuitesInProcess(ForkedBooter.java:345)
	at org.apache.maven.surefire.booter.ForkedBooter.execute(ForkedBooter.java:126)
	at org.apache.maven.surefire.booter.ForkedBooter.main(ForkedBooter.java:418)
</pre></div></td>
<td>0</td>
<td>G2.Project.Test.TS01.TC_Signup_01@314c508a</td></tr>
</table><p>
<table width='100%' border='1' class='invocation-passed'>
<tr><td colspan='4' align='center'><b>PASSED TESTS</b></td></tr>
<tr><td><b>Test method</b></td>
<td width="30%"><b>Exception</b></td>
<td width="10%"><b>Time (seconds)</b></td>
<td><b>Instance</b></td>
</tr>
<tr>
<td title='G2.Project.Test.TS01.TC_Signup_02.checkHeader()'><b>checkHeader</b><br>Test class: G2.Project.Test.TS01.TC_Signup_02</td>
<td></td>
<td>0</td>
<td>G2.Project.Test.TS01.TC_Signup_02@11e21d0e</td></tr>
<tr>
<td title='G2.Project.Test.TS01.TC_Signup_03.checkHeader()'><b>checkHeader</b><br>Test class: G2.Project.Test.TS01.TC_Signup_03</td>
<td></td>
<td>0</td>
<td>G2.Project.Test.TS01.TC_Signup_03@1dd02175</td></tr>
<tr>
<td title='G2.Project.Test.TS01.TC_Signup_04.checkHeader()'><b>checkHeader</b><br>Test class: G2.Project.Test.TS01.TC_Signup_04</td>
<td></td>
<td>0</td>
<td>G2.Project.Test.TS01.TC_Signup_04@31206beb</td></tr>
<tr>
<td title='G2.Project.Test.TS01.TC_Signup_05.checkHeader()'><b>checkHeader</b><br>Test class: G2.Project.Test.TS01.TC_Signup_05</td>
<td></td>
<td>0</td>
<td>G2.Project.Test.TS01.TC_Signup_05@3e77a1ed</td></tr>
<tr>
<td title='G2.Project.Test.TS01.TC_Signup_06.checkHeader()'><b>checkHeader</b><br>Test class: G2.Project.Test.TS01.TC_Signup_06</td>
<td></td>
<td>0</td>
<td>G2.Project.Test.TS01.TC_Signup_06@3ffcd140</td></tr>
<tr>
<td title='G2.Project.Test.TS01.TC_Signup_07.checkHeader()'><b>checkHeader</b><br>Test class: G2.Project.Test.TS01.TC_Signup_07</td>
<td></td>
<td>0</td>
<td>G2.Project.Test.TS01.TC_Signup_07@23bb8443</td></tr>
<tr>
<td title='G2.Project.Test.TS01.TC_Signup_08.checkHeader()'><b>checkHeader</b><br>Test class: G2.Project.Test.TS01.TC_Signup_08</td>
<td></td>
<td>0</td>
<td>G2.Project.Test.TS01.TC_Signup_08@1176dcec</td></tr>
<tr>
<td title='G2.Project.Test.TS01.TC_Signup_09.checkHeader()'><b>checkHeader</b><br>Test class: G2.Project.Test.TS01.TC_Signup_09</td>
<td></td>
<td>0</td>
<td>G2.Project.Test.TS01.TC_Signup_09@120d6fe6</td></tr>
<tr>
<td title='G2.Project.Test.TS01.TC_Signup_10.checkHeader()'><b>checkHeader</b><br>Test class: G2.Project.Test.TS01.TC_Signup_10</td>
<td></td>
<td>0</td>
<td>G2.Project.Test.TS01.TC_Signup_10@4ba2ca36</td></tr>
<tr>
<td title='G2.Project.Test.TS01.TC_Signup_11.checkHeader()'><b>checkHeader</b><br>Test class: G2.Project.Test.TS01.TC_Signup_11</td>
<td></td>
<td>0</td>
<td>G2.Project.Test.TS01.TC_Signup_11@3444d69d</td></tr>
<tr>
<td title='G2.Project.Test.TS01.TC_Signup_12.checkHeader()'><b>checkHeader</b><br>Test class: G2.Project.Test.TS01.TC_Signup_12</td>
<td></td>
<td>0</td>
<td>G2.Project.Test.TS01.TC_Signup_12@1372ed45</td></tr>
<tr>
<td title='G2.Project.Test.TS01.TC_Signup_13.checkHeader()'><b>checkHeader</b><br>Test class: G2.Project.Test.TS01.TC_Signup_13</td>
<td></td>
<td>0</td>
<td>G2.Project.Test.TS01.TC_Signup_13@6a79c292</td></tr>
<tr>
<td title='G2.Project.Test.TS01.TC_Signup_14.checkHeader()'><b>checkHeader</b><br>Test class: G2.Project.Test.TS01.TC_Signup_14</td>
<td></td>
<td>0</td>
<td>G2.Project.Test.TS01.TC_Signup_14@37574691</td></tr>
<tr>
<td title='G2.Project.Test.TS01.TC_Signup_15.checkHeader()'><b>checkHeader</b><br>Test class: G2.Project.Test.TS01.TC_Signup_15</td>
<td></td>
<td>0</td>
<td>G2.Project.Test.TS01.TC_Signup_15@25359ed8</td></tr>
<tr>
<td title='G2.Project.Test.TS01.TC_Signup_16.checkHeader()'><b>checkHeader</b><br>Test class: G2.Project.Test.TS01.TC_Signup_16</td>
<td></td>
<td>0</td>
<td>G2.Project.Test.TS01.TC_Signup_16@21a947fe</td></tr>
<tr>
<td title='G2.Project.Test.TS01.TC_Signup_17.checkHeader()'><b>checkHeader</b><br>Test class: G2.Project.Test.TS01.TC_Signup_17</td>
<td></td>
<td>0</td>
<td>G2.Project.Test.TS01.TC_Signup_17@5606c0b</td></tr>
<tr>
<td title='G2.Project.Test.TS01.TC_Signup_18.checkHeader()'><b>checkHeader</b><br>Test class: G2.Project.Test.TS01.TC_Signup_18</td>
<td></td>
<td>0</td>
<td>G2.Project.Test.TS01.TC_Signup_18@80ec1f8</td></tr>
<tr>
<td title='G2.Project.Test.TS01.TC_Signup_19.checkHeader()'><b>checkHeader</b><br>Test class: G2.Project.Test.TS01.TC_Signup_19</td>
<td></td>
<td>0</td>
<td>G2.Project.Test.TS01.TC_Signup_19@1445d7f</td></tr>
<tr>
<td title='G2.Project.Test.TS01.TC_Signup_20.checkHeader()'><b>checkHeader</b><br>Test class: G2.Project.Test.TS01.TC_Signup_20</td>
<td></td>
<td>0</td>
<td>G2.Project.Test.TS01.TC_Signup_20@6a396c1e</td></tr>
<tr>
<td title='G2.Project.Test.TS01.TC_Signup_21.checkHeader()'><b>checkHeader</b><br>Test class: G2.Project.Test.TS01.TC_Signup_21</td>
<td></td>
<td>0</td>
<td>G2.Project.Test.TS01.TC_Signup_21@6c3f5566</td></tr>
<tr>
<td title='G2.Project.Test.TS01.TC_Signup_22.checkHeader()'><b>checkHeader</b><br>Test class: G2.Project.Test.TS01.TC_Signup_22</td>
<td></td>
<td>0</td>
<td>G2.Project.Test.TS01.TC_Signup_22@12405818</td></tr>
<tr>
<td title='G2.Project.Test.TS01.TC_Signup_01.checkHeader()'><b>checkHeader</b><br>Test class: G2.Project.Test.TS01.TC_Signup_01</td>
<td></td>
<td>0</td>
<td>G2.Project.Test.TS01.TC_Signup_01@314c508a</td></tr>
<tr>
<td title='G2.Project.Test.TS01.TC_Signup_02.checkResponseBody()'><b>checkResponseBody</b><br>Test class: G2.Project.Test.TS01.TC_Signup_02</td>
<td></td>
<td>0</td>
<td>G2.Project.Test.TS01.TC_Signup_02@11e21d0e</td></tr>
<tr>
<td title='G2.Project.Test.TS01.TC_Signup_03.checkResponseBody()'><b>checkResponseBody</b><br>Test class: G2.Project.Test.TS01.TC_Signup_03</td>
<td></td>
<td>0</td>
<td>G2.Project.Test.TS01.TC_Signup_03@1dd02175</td></tr>
<tr>
<td title='G2.Project.Test.TS01.TC_Signup_04.checkResponseBody()'><b>checkResponseBody</b><br>Test class: G2.Project.Test.TS01.TC_Signup_04</td>
<td></td>
<td>0</td>
<td>G2.Project.Test.TS01.TC_Signup_04@31206beb</td></tr>
<tr>
<td title='G2.Project.Test.TS01.TC_Signup_05.checkResponseBody()'><b>checkResponseBody</b><br>Test class: G2.Project.Test.TS01.TC_Signup_05</td>
<td></td>
<td>0</td>
<td>G2.Project.Test.TS01.TC_Signup_05@3e77a1ed</td></tr>
<tr>
<td title='G2.Project.Test.TS01.TC_Signup_06.checkResponseBody()'><b>checkResponseBody</b><br>Test class: G2.Project.Test.TS01.TC_Signup_06</td>
<td></td>
<td>0</td>
<td>G2.Project.Test.TS01.TC_Signup_06@3ffcd140</td></tr>
<tr>
<td title='G2.Project.Test.TS01.TC_Signup_07.checkResponseBody()'><b>checkResponseBody</b><br>Test class: G2.Project.Test.TS01.TC_Signup_07</td>
<td></td>
<td>0</td>
<td>G2.Project.Test.TS01.TC_Signup_07@23bb8443</td></tr>
<tr>
<td title='G2.Project.Test.TS01.TC_Signup_08.checkResponseBody()'><b>checkResponseBody</b><br>Test class: G2.Project.Test.TS01.TC_Signup_08</td>
<td></td>
<td>0</td>
<td>G2.Project.Test.TS01.TC_Signup_08@1176dcec</td></tr>
<tr>
<td title='G2.Project.Test.TS01.TC_Signup_09.checkResponseBody()'><b>checkResponseBody</b><br>Test class: G2.Project.Test.TS01.TC_Signup_09</td>
<td></td>
<td>0</td>
<td>G2.Project.Test.TS01.TC_Signup_09@120d6fe6</td></tr>
<tr>
<td title='G2.Project.Test.TS01.TC_Signup_10.checkResponseBody()'><b>checkResponseBody</b><br>Test class: G2.Project.Test.TS01.TC_Signup_10</td>
<td></td>
<td>0</td>
<td>G2.Project.Test.TS01.TC_Signup_10@4ba2ca36</td></tr>
<tr>
<td title='G2.Project.Test.TS01.TC_Signup_11.checkResponseBody()'><b>checkResponseBody</b><br>Test class: G2.Project.Test.TS01.TC_Signup_11</td>
<td></td>
<td>0</td>
<td>G2.Project.Test.TS01.TC_Signup_11@3444d69d</td></tr>
<tr>
<td title='G2.Project.Test.TS01.TC_Signup_12.checkResponseBody()'><b>checkResponseBody</b><br>Test class: G2.Project.Test.TS01.TC_Signup_12</td>
<td></td>
<td>0</td>
<td>G2.Project.Test.TS01.TC_Signup_12@1372ed45</td></tr>
<tr>
<td title='G2.Project.Test.TS01.TC_Signup_13.checkResponseBody()'><b>checkResponseBody</b><br>Test class: G2.Project.Test.TS01.TC_Signup_13</td>
<td></td>
<td>0</td>
<td>G2.Project.Test.TS01.TC_Signup_13@6a79c292</td></tr>
<tr>
<td title='G2.Project.Test.TS01.TC_Signup_14.checkResponseBody()'><b>checkResponseBody</b><br>Test class: G2.Project.Test.TS01.TC_Signup_14</td>
<td></td>
<td>0</td>
<td>G2.Project.Test.TS01.TC_Signup_14@37574691</td></tr>
<tr>
<td title='G2.Project.Test.TS01.TC_Signup_15.checkResponseBody()'><b>checkResponseBody</b><br>Test class: G2.Project.Test.TS01.TC_Signup_15</td>
<td></td>
<td>0</td>
<td>G2.Project.Test.TS01.TC_Signup_15@25359ed8</td></tr>
<tr>
<td title='G2.Project.Test.TS01.TC_Signup_16.checkResponseBody()'><b>checkResponseBody</b><br>Test class: G2.Project.Test.TS01.TC_Signup_16</td>
<td></td>
<td>0</td>
<td>G2.Project.Test.TS01.TC_Signup_16@21a947fe</td></tr>
<tr>
<td title='G2.Project.Test.TS01.TC_Signup_17.checkResponseBody()'><b>checkResponseBody</b><br>Test class: G2.Project.Test.TS01.TC_Signup_17</td>
<td></td>
<td>0</td>
<td>G2.Project.Test.TS01.TC_Signup_17@5606c0b</td></tr>
<tr>
<td title='G2.Project.Test.TS01.TC_Signup_18.checkResponseBody()'><b>checkResponseBody</b><br>Test class: G2.Project.Test.TS01.TC_Signup_18</td>
<td></td>
<td>0</td>
<td>G2.Project.Test.TS01.TC_Signup_18@80ec1f8</td></tr>
<tr>
<td title='G2.Project.Test.TS01.TC_Signup_19.checkResponseBody()'><b>checkResponseBody</b><br>Test class: G2.Project.Test.TS01.TC_Signup_19</td>
<td></td>
<td>0</td>
<td>G2.Project.Test.TS01.TC_Signup_19@1445d7f</td></tr>
<tr>
<td title='G2.Project.Test.TS01.TC_Signup_20.checkResponseBody()'><b>checkResponseBody</b><br>Test class: G2.Project.Test.TS01.TC_Signup_20</td>
<td></td>
<td>0</td>
<td>G2.Project.Test.TS01.TC_Signup_20@6a396c1e</td></tr>
<tr>
<td title='G2.Project.Test.TS01.TC_Signup_21.checkResponseBody()'><b>checkResponseBody</b><br>Test class: G2.Project.Test.TS01.TC_Signup_21</td>
<td></td>
<td>0</td>
<td>G2.Project.Test.TS01.TC_Signup_21@6c3f5566</td></tr>
<tr>
<td title='G2.Project.Test.TS01.TC_Signup_22.checkResponseBody()'><b>checkResponseBody</b><br>Test class: G2.Project.Test.TS01.TC_Signup_22</td>
<td></td>
<td>0</td>
<td>G2.Project.Test.TS01.TC_Signup_22@12405818</td></tr>
<tr>
<td title='G2.Project.Test.TS01.TC_Signup_01.checkResponseBody()'><b>checkResponseBody</b><br>Test class: G2.Project.Test.TS01.TC_Signup_01</td>
<td></td>
<td>0</td>
<td>G2.Project.Test.TS01.TC_Signup_01@314c508a</td></tr>
<tr>
<td title='G2.Project.Test.TS01.TC_Signup_02.checkResponseTime()'><b>checkResponseTime</b><br>Test class: G2.Project.Test.TS01.TC_Signup_02</td>
<td></td>
<td>0</td>
<td>G2.Project.Test.TS01.TC_Signup_02@11e21d0e</td></tr>
<tr>
<td title='G2.Project.Test.TS01.TC_Signup_03.checkResponseTime()'><b>checkResponseTime</b><br>Test class: G2.Project.Test.TS01.TC_Signup_03</td>
<td></td>
<td>0</td>
<td>G2.Project.Test.TS01.TC_Signup_03@1dd02175</td></tr>
<tr>
<td title='G2.Project.Test.TS01.TC_Signup_04.checkResponseTime()'><b>checkResponseTime</b><br>Test class: G2.Project.Test.TS01.TC_Signup_04</td>
<td></td>
<td>0</td>
<td>G2.Project.Test.TS01.TC_Signup_04@31206beb</td></tr>
<tr>
<td title='G2.Project.Test.TS01.TC_Signup_05.checkResponseTime()'><b>checkResponseTime</b><br>Test class: G2.Project.Test.TS01.TC_Signup_05</td>
<td></td>
<td>0</td>
<td>G2.Project.Test.TS01.TC_Signup_05@3e77a1ed</td></tr>
<tr>
<td title='G2.Project.Test.TS01.TC_Signup_06.checkResponseTime()'><b>checkResponseTime</b><br>Test class: G2.Project.Test.TS01.TC_Signup_06</td>
<td></td>
<td>0</td>
<td>G2.Project.Test.TS01.TC_Signup_06@3ffcd140</td></tr>
<tr>
<td title='G2.Project.Test.TS01.TC_Signup_07.checkResponseTime()'><b>checkResponseTime</b><br>Test class: G2.Project.Test.TS01.TC_Signup_07</td>
<td></td>
<td>0</td>
<td>G2.Project.Test.TS01.TC_Signup_07@23bb8443</td></tr>
<tr>
<td title='G2.Project.Test.TS01.TC_Signup_08.checkResponseTime()'><b>checkResponseTime</b><br>Test class: G2.Project.Test.TS01.TC_Signup_08</td>
<td></td>
<td>0</td>
<td>G2.Project.Test.TS01.TC_Signup_08@1176dcec</td></tr>
<tr>
<td title='G2.Project.Test.TS01.TC_Signup_09.checkResponseTime()'><b>checkResponseTime</b><br>Test class: G2.Project.Test.TS01.TC_Signup_09</td>
<td></td>
<td>0</td>
<td>G2.Project.Test.TS01.TC_Signup_09@120d6fe6</td></tr>
<tr>
<td title='G2.Project.Test.TS01.TC_Signup_10.checkResponseTime()'><b>checkResponseTime</b><br>Test class: G2.Project.Test.TS01.TC_Signup_10</td>
<td></td>
<td>0</td>
<td>G2.Project.Test.TS01.TC_Signup_10@4ba2ca36</td></tr>
<tr>
<td title='G2.Project.Test.TS01.TC_Signup_11.checkResponseTime()'><b>checkResponseTime</b><br>Test class: G2.Project.Test.TS01.TC_Signup_11</td>
<td></td>
<td>0</td>
<td>G2.Project.Test.TS01.TC_Signup_11@3444d69d</td></tr>
<tr>
<td title='G2.Project.Test.TS01.TC_Signup_12.checkResponseTime()'><b>checkResponseTime</b><br>Test class: G2.Project.Test.TS01.TC_Signup_12</td>
<td></td>
<td>0</td>
<td>G2.Project.Test.TS01.TC_Signup_12@1372ed45</td></tr>
<tr>
<td title='G2.Project.Test.TS01.TC_Signup_13.checkResponseTime()'><b>checkResponseTime</b><br>Test class: G2.Project.Test.TS01.TC_Signup_13</td>
<td></td>
<td>0</td>
<td>G2.Project.Test.TS01.TC_Signup_13@6a79c292</td></tr>
<tr>
<td title='G2.Project.Test.TS01.TC_Signup_14.checkResponseTime()'><b>checkResponseTime</b><br>Test class: G2.Project.Test.TS01.TC_Signup_14</td>
<td></td>
<td>0</td>
<td>G2.Project.Test.TS01.TC_Signup_14@37574691</td></tr>
<tr>
<td title='G2.Project.Test.TS01.TC_Signup_15.checkResponseTime()'><b>checkResponseTime</b><br>Test class: G2.Project.Test.TS01.TC_Signup_15</td>
<td></td>
<td>0</td>
<td>G2.Project.Test.TS01.TC_Signup_15@25359ed8</td></tr>
<tr>
<td title='G2.Project.Test.TS01.TC_Signup_16.checkResponseTime()'><b>checkResponseTime</b><br>Test class: G2.Project.Test.TS01.TC_Signup_16</td>
<td></td>
<td>0</td>
<td>G2.Project.Test.TS01.TC_Signup_16@21a947fe</td></tr>
<tr>
<td title='G2.Project.Test.TS01.TC_Signup_17.checkResponseTime()'><b>checkResponseTime</b><br>Test class: G2.Project.Test.TS01.TC_Signup_17</td>
<td></td>
<td>0</td>
<td>G2.Project.Test.TS01.TC_Signup_17@5606c0b</td></tr>
<tr>
<td title='G2.Project.Test.TS01.TC_Signup_18.checkResponseTime()'><b>checkResponseTime</b><br>Test class: G2.Project.Test.TS01.TC_Signup_18</td>
<td></td>
<td>0</td>
<td>G2.Project.Test.TS01.TC_Signup_18@80ec1f8</td></tr>
<tr>
<td title='G2.Project.Test.TS01.TC_Signup_19.checkResponseTime()'><b>checkResponseTime</b><br>Test class: G2.Project.Test.TS01.TC_Signup_19</td>
<td></td>
<td>0</td>
<td>G2.Project.Test.TS01.TC_Signup_19@1445d7f</td></tr>
<tr>
<td title='G2.Project.Test.TS01.TC_Signup_20.checkResponseTime()'><b>checkResponseTime</b><br>Test class: G2.Project.Test.TS01.TC_Signup_20</td>
<td></td>
<td>0</td>
<td>G2.Project.Test.TS01.TC_Signup_20@6a396c1e</td></tr>
<tr>
<td title='G2.Project.Test.TS01.TC_Signup_21.checkResponseTime()'><b>checkResponseTime</b><br>Test class: G2.Project.Test.TS01.TC_Signup_21</td>
<td></td>
<td>0</td>
<td>G2.Project.Test.TS01.TC_Signup_21@6c3f5566</td></tr>
<tr>
<td title='G2.Project.Test.TS01.TC_Signup_22.checkResponseTime()'><b>checkResponseTime</b><br>Test class: G2.Project.Test.TS01.TC_Signup_22</td>
<td></td>
<td>0</td>
<td>G2.Project.Test.TS01.TC_Signup_22@12405818</td></tr>
<tr>
<td title='G2.Project.Test.TS01.TC_Signup_01.checkResponseTime()'><b>checkResponseTime</b><br>Test class: G2.Project.Test.TS01.TC_Signup_01</td>
<td></td>
<td>0</td>
<td>G2.Project.Test.TS01.TC_Signup_01@314c508a</td></tr>
<tr>
<td title='G2.Project.Test.TS01.TC_Signup_02.checkStatusCode()'><b>checkStatusCode</b><br>Test class: G2.Project.Test.TS01.TC_Signup_02</td>
<td></td>
<td>0</td>
<td>G2.Project.Test.TS01.TC_Signup_02@11e21d0e</td></tr>
<tr>
<td title='G2.Project.Test.TS01.TC_Signup_03.checkStatusCode()'><b>checkStatusCode</b><br>Test class: G2.Project.Test.TS01.TC_Signup_03</td>
<td></td>
<td>0</td>
<td>G2.Project.Test.TS01.TC_Signup_03@1dd02175</td></tr>
<tr>
<td title='G2.Project.Test.TS01.TC_Signup_04.checkStatusCode()'><b>checkStatusCode</b><br>Test class: G2.Project.Test.TS01.TC_Signup_04</td>
<td></td>
<td>0</td>
<td>G2.Project.Test.TS01.TC_Signup_04@31206beb</td></tr>
<tr>
<td title='G2.Project.Test.TS01.TC_Signup_05.checkStatusCode()'><b>checkStatusCode</b><br>Test class: G2.Project.Test.TS01.TC_Signup_05</td>
<td></td>
<td>0</td>
<td>G2.Project.Test.TS01.TC_Signup_05@3e77a1ed</td></tr>
<tr>
<td title='G2.Project.Test.TS01.TC_Signup_06.checkStatusCode()'><b>checkStatusCode</b><br>Test class: G2.Project.Test.TS01.TC_Signup_06</td>
<td></td>
<td>0</td>
<td>G2.Project.Test.TS01.TC_Signup_06@3ffcd140</td></tr>
<tr>
<td title='G2.Project.Test.TS01.TC_Signup_07.checkStatusCode()'><b>checkStatusCode</b><br>Test class: G2.Project.Test.TS01.TC_Signup_07</td>
<td></td>
<td>0</td>
<td>G2.Project.Test.TS01.TC_Signup_07@23bb8443</td></tr>
<tr>
<td title='G2.Project.Test.TS01.TC_Signup_08.checkStatusCode()'><b>checkStatusCode</b><br>Test class: G2.Project.Test.TS01.TC_Signup_08</td>
<td></td>
<td>0</td>
<td>G2.Project.Test.TS01.TC_Signup_08@1176dcec</td></tr>
<tr>
<td title='G2.Project.Test.TS01.TC_Signup_09.checkStatusCode()'><b>checkStatusCode</b><br>Test class: G2.Project.Test.TS01.TC_Signup_09</td>
<td></td>
<td>0</td>
<td>G2.Project.Test.TS01.TC_Signup_09@120d6fe6</td></tr>
<tr>
<td title='G2.Project.Test.TS01.TC_Signup_10.checkStatusCode()'><b>checkStatusCode</b><br>Test class: G2.Project.Test.TS01.TC_Signup_10</td>
<td></td>
<td>0</td>
<td>G2.Project.Test.TS01.TC_Signup_10@4ba2ca36</td></tr>
<tr>
<td title='G2.Project.Test.TS01.TC_Signup_11.checkStatusCode()'><b>checkStatusCode</b><br>Test class: G2.Project.Test.TS01.TC_Signup_11</td>
<td></td>
<td>0</td>
<td>G2.Project.Test.TS01.TC_Signup_11@3444d69d</td></tr>
<tr>
<td title='G2.Project.Test.TS01.TC_Signup_12.checkStatusCode()'><b>checkStatusCode</b><br>Test class: G2.Project.Test.TS01.TC_Signup_12</td>
<td></td>
<td>0</td>
<td>G2.Project.Test.TS01.TC_Signup_12@1372ed45</td></tr>
<tr>
<td title='G2.Project.Test.TS01.TC_Signup_16.checkStatusCode()'><b>checkStatusCode</b><br>Test class: G2.Project.Test.TS01.TC_Signup_16</td>
<td></td>
<td>0</td>
<td>G2.Project.Test.TS01.TC_Signup_16@21a947fe</td></tr>
<tr>
<td title='G2.Project.Test.TS01.TC_Signup_17.checkStatusCode()'><b>checkStatusCode</b><br>Test class: G2.Project.Test.TS01.TC_Signup_17</td>
<td></td>
<td>0</td>
<td>G2.Project.Test.TS01.TC_Signup_17@5606c0b</td></tr>
<tr>
<td title='G2.Project.Test.TS01.TC_Signup_18.checkStatusCode()'><b>checkStatusCode</b><br>Test class: G2.Project.Test.TS01.TC_Signup_18</td>
<td></td>
<td>0</td>
<td>G2.Project.Test.TS01.TC_Signup_18@80ec1f8</td></tr>
<tr>
<td title='G2.Project.Test.TS01.TC_Signup_19.checkStatusCode()'><b>checkStatusCode</b><br>Test class: G2.Project.Test.TS01.TC_Signup_19</td>
<td></td>
<td>0</td>
<td>G2.Project.Test.TS01.TC_Signup_19@1445d7f</td></tr>
<tr>
<td title='G2.Project.Test.TS01.TC_Signup_20.checkStatusCode()'><b>checkStatusCode</b><br>Test class: G2.Project.Test.TS01.TC_Signup_20</td>
<td></td>
<td>0</td>
<td>G2.Project.Test.TS01.TC_Signup_20@6a396c1e</td></tr>
<tr>
<td title='G2.Project.Test.TS01.TC_Signup_21.checkStatusCode()'><b>checkStatusCode</b><br>Test class: G2.Project.Test.TS01.TC_Signup_21</td>
<td></td>
<td>0</td>
<td>G2.Project.Test.TS01.TC_Signup_21@6c3f5566</td></tr>
<tr>
<td title='G2.Project.Test.TS01.TC_Signup_22.checkStatusCode()'><b>checkStatusCode</b><br>Test class: G2.Project.Test.TS01.TC_Signup_22</td>
<td></td>
<td>0</td>
<td>G2.Project.Test.TS01.TC_Signup_22@12405818</td></tr>
<tr>
<td title='G2.Project.Test.TS01.TC_Signup_02.checkStatusLine()'><b>checkStatusLine</b><br>Test class: G2.Project.Test.TS01.TC_Signup_02</td>
<td></td>
<td>0</td>
<td>G2.Project.Test.TS01.TC_Signup_02@11e21d0e</td></tr>
<tr>
<td title='G2.Project.Test.TS01.TC_Signup_03.checkStatusLine()'><b>checkStatusLine</b><br>Test class: G2.Project.Test.TS01.TC_Signup_03</td>
<td></td>
<td>0</td>
<td>G2.Project.Test.TS01.TC_Signup_03@1dd02175</td></tr>
<tr>
<td title='G2.Project.Test.TS01.TC_Signup_04.checkStatusLine()'><b>checkStatusLine</b><br>Test class: G2.Project.Test.TS01.TC_Signup_04</td>
<td></td>
<td>0</td>
<td>G2.Project.Test.TS01.TC_Signup_04@31206beb</td></tr>
<tr>
<td title='G2.Project.Test.TS01.TC_Signup_05.checkStatusLine()'><b>checkStatusLine</b><br>Test class: G2.Project.Test.TS01.TC_Signup_05</td>
<td></td>
<td>0</td>
<td>G2.Project.Test.TS01.TC_Signup_05@3e77a1ed</td></tr>
<tr>
<td title='G2.Project.Test.TS01.TC_Signup_06.checkStatusLine()'><b>checkStatusLine</b><br>Test class: G2.Project.Test.TS01.TC_Signup_06</td>
<td></td>
<td>0</td>
<td>G2.Project.Test.TS01.TC_Signup_06@3ffcd140</td></tr>
<tr>
<td title='G2.Project.Test.TS01.TC_Signup_07.checkStatusLine()'><b>checkStatusLine</b><br>Test class: G2.Project.Test.TS01.TC_Signup_07</td>
<td></td>
<td>0</td>
<td>G2.Project.Test.TS01.TC_Signup_07@23bb8443</td></tr>
<tr>
<td title='G2.Project.Test.TS01.TC_Signup_08.checkStatusLine()'><b>checkStatusLine</b><br>Test class: G2.Project.Test.TS01.TC_Signup_08</td>
<td></td>
<td>0</td>
<td>G2.Project.Test.TS01.TC_Signup_08@1176dcec</td></tr>
<tr>
<td title='G2.Project.Test.TS01.TC_Signup_09.checkStatusLine()'><b>checkStatusLine</b><br>Test class: G2.Project.Test.TS01.TC_Signup_09</td>
<td></td>
<td>0</td>
<td>G2.Project.Test.TS01.TC_Signup_09@120d6fe6</td></tr>
<tr>
<td title='G2.Project.Test.TS01.TC_Signup_10.checkStatusLine()'><b>checkStatusLine</b><br>Test class: G2.Project.Test.TS01.TC_Signup_10</td>
<td></td>
<td>0</td>
<td>G2.Project.Test.TS01.TC_Signup_10@4ba2ca36</td></tr>
<tr>
<td title='G2.Project.Test.TS01.TC_Signup_11.checkStatusLine()'><b>checkStatusLine</b><br>Test class: G2.Project.Test.TS01.TC_Signup_11</td>
<td></td>
<td>0</td>
<td>G2.Project.Test.TS01.TC_Signup_11@3444d69d</td></tr>
<tr>
<td title='G2.Project.Test.TS01.TC_Signup_12.checkStatusLine()'><b>checkStatusLine</b><br>Test class: G2.Project.Test.TS01.TC_Signup_12</td>
<td></td>
<td>0</td>
<td>G2.Project.Test.TS01.TC_Signup_12@1372ed45</td></tr>
<tr>
<td title='G2.Project.Test.TS01.TC_Signup_16.checkStatusLine()'><b>checkStatusLine</b><br>Test class: G2.Project.Test.TS01.TC_Signup_16</td>
<td></td>
<td>0</td>
<td>G2.Project.Test.TS01.TC_Signup_16@21a947fe</td></tr>
<tr>
<td title='G2.Project.Test.TS01.TC_Signup_17.checkStatusLine()'><b>checkStatusLine</b><br>Test class: G2.Project.Test.TS01.TC_Signup_17</td>
<td></td>
<td>0</td>
<td>G2.Project.Test.TS01.TC_Signup_17@5606c0b</td></tr>
<tr>
<td title='G2.Project.Test.TS01.TC_Signup_18.checkStatusLine()'><b>checkStatusLine</b><br>Test class: G2.Project.Test.TS01.TC_Signup_18</td>
<td></td>
<td>0</td>
<td>G2.Project.Test.TS01.TC_Signup_18@80ec1f8</td></tr>
<tr>
<td title='G2.Project.Test.TS01.TC_Signup_19.checkStatusLine()'><b>checkStatusLine</b><br>Test class: G2.Project.Test.TS01.TC_Signup_19</td>
<td></td>
<td>0</td>
<td>G2.Project.Test.TS01.TC_Signup_19@1445d7f</td></tr>
<tr>
<td title='G2.Project.Test.TS01.TC_Signup_20.checkStatusLine()'><b>checkStatusLine</b><br>Test class: G2.Project.Test.TS01.TC_Signup_20</td>
<td></td>
<td>0</td>
<td>G2.Project.Test.TS01.TC_Signup_20@6a396c1e</td></tr>
<tr>
<td title='G2.Project.Test.TS01.TC_Signup_21.checkStatusLine()'><b>checkStatusLine</b><br>Test class: G2.Project.Test.TS01.TC_Signup_21</td>
<td></td>
<td>0</td>
<td>G2.Project.Test.TS01.TC_Signup_21@6c3f5566</td></tr>
<tr>
<td title='G2.Project.Test.TS01.TC_Signup_22.checkStatusLine()'><b>checkStatusLine</b><br>Test class: G2.Project.Test.TS01.TC_Signup_22</td>
<td></td>
<td>0</td>
<td>G2.Project.Test.TS01.TC_Signup_22@12405818</td></tr>
</table><p>
</body>
</html>