<?xml version="1.0" encoding="UTF-8"?>
<!-- Generated by org.testng.reporters.JUnitXMLReporter -->
<testsuite ignored="0" hostname="DNID0689L01.local" failures="2" tests="22" name="UploadReceiptResponseTest" time="11.008" errors="0" timestamp="16 May 2020 10:27:32 GMT">
  <testcase classname="G2.Project.Test.TS13.TC_TransferReceipt_03" name="checkHeader" time="0.01"/>
  <testcase classname="G2.Project.Test.TS13.TC_TransferReceipt_03" name="checkResponseBody" time="0.001"/>
  <testcase classname="G2.Project.Test.TS13.TC_TransferReceipt_03" name="checkResponseTime" time="0.004"/>
  <testcase classname="G2.Project.Test.TS13.TC_TransferReceipt_03" name="checkStatusCode" time="0.004"/>
  <testcase classname="G2.Project.Test.TS13.TC_TransferReceipt_03" name="checkStatusLine" time="0.002"/>
  <testcase classname="G2.Project.Test.TS13.TC_TransferReceipt_05" name="checkResponseBody" time="0.001"/>
  <testcase classname="G2.Project.Test.TS13.TC_TransferReceipt_05" name="checkResponseTime" time="0.002"/>
  <testcase classname="G2.Project.Test.TS13.TC_TransferReceipt_05" name="checkStatusCode" time="0.003"/>
  <testcase classname="G2.Project.Test.TS13.TC_TransferReceipt_05" name="checkStatusLine" time="0.001"/>
  <testcase classname="G2.Project.Test.TS13.TC_TransferReceipt_06" name="checkResponseBody" time="0.003">
    <failure type="java.lang.AssertionError" message="expected [true] but found [false]">
      <![CDATA[java.lang.AssertionError: expected [true] but found [false]
at G2.Project.Base.TestBase.checkBody(TestBase.java:60)
at G2.Project.Test.TS13.TC_TransferReceipt_06.checkResponseBody(TC_TransferReceipt_06.java:29)
... Removed 34 stack frames]]>
    </failure>
  </testcase> <!-- checkResponseBody -->
  <testcase classname="G2.Project.Test.TS13.TC_TransferReceipt_06" name="checkResponseTime" time="0.003">
    <failure type="java.lang.AssertionError" message="expected [true] but found [false]">
      <![CDATA[java.lang.AssertionError: expected [true] but found [false]
at G2.Project.Base.TestBase.checkResponseTime(TestBase.java:76)
at G2.Project.Test.TS13.TC_TransferReceipt_06.checkResponseTime(TC_TransferReceipt_06.java:44)
... Removed 34 stack frames]]>
    </failure>
  </testcase> <!-- checkResponseTime -->
  <testcase classname="G2.Project.Test.TS13.TC_TransferReceipt_06" name="checkStatusCode" time="0.002"/>
  <testcase classname="G2.Project.Test.TS13.TC_TransferReceipt_06" name="checkStatusLine" time="0.002"/>
  <testcase classname="G2.Project.Test.TS13.TC_TransferReceipt_07" name="checkResponseBody" time="0.002"/>
  <testcase classname="G2.Project.Test.TS13.TC_TransferReceipt_07" name="checkResponseTime" time="0.002"/>
  <testcase classname="G2.Project.Test.TS13.TC_TransferReceipt_07" name="checkStatusCode" time="0.001"/>
  <testcase classname="G2.Project.Test.TS13.TC_TransferReceipt_07" name="checkStatusLine" time="0.001"/>
  <testcase classname="G2.Project.Test.TS13.TC_TransferReceipt_01" name="checkHeader" time="0.002"/>
  <testcase classname="G2.Project.Test.TS13.TC_TransferReceipt_01" name="checkResponseBody" time="0.001"/>
  <testcase classname="G2.Project.Test.TS13.TC_TransferReceipt_01" name="checkResponseTime" time="0.002"/>
  <testcase classname="G2.Project.Test.TS13.TC_TransferReceipt_01" name="checkStatusCode" time="0.001"/>
  <testcase classname="G2.Project.Test.TS13.TC_TransferReceipt_01" name="checkStatusLine" time="0.002"/>
</testsuite> <!-- UploadReceiptResponseTest -->
