<html>
<head>
<title>TestNG:  UploadReceiptResponseTest</title>
<link href="../testng.css" rel="stylesheet" type="text/css" />
<link href="../my-testng.css" rel="stylesheet" type="text/css" />

<style type="text/css">
.log { display: none;} 
.stack-trace { display: none;} 
</style>
<script type="text/javascript">
<!--
function flip(e) {
  current = e.style.display;
  if (current == 'block') {
    e.style.display = 'none';
    return 0;
  }
  else {
    e.style.display = 'block';
    return 1;
  }
}

function toggleBox(szDivId, elem, msg1, msg2)
{
  var res = -1;  if (document.getElementById) {
    res = flip(document.getElementById(szDivId));
  }
  else if (document.all) {
    // this is the way old msie versions work
    res = flip(document.all[szDivId]);
  }
  if(elem) {
    if(res == 0) elem.innerHTML = msg1; else elem.innerHTML = msg2;
  }

}

function toggleAllBoxes() {
  if (document.getElementsByTagName) {
    d = document.getElementsByTagName('div');
    for (i = 0; i < d.length; i++) {
      if (d[i].className == 'log') {
        flip(d[i]);
      }
    }
  }
}

// -->
</script>

</head>
<body>
<h2 align='center'>UploadReceiptResponseTest</h2><table border='1' align="center">
<tr>
<td>Tests passed/Failed/Skipped:</td><td>20/2/0</td>
</tr><tr>
<td>Started on:</td><td>Sat May 16 17:27:21 WIB 2020</td>
</tr>
<tr><td>Total time:</td><td>11 seconds (11008 ms)</td>
</tr><tr>
<td>Included groups:</td><td></td>
</tr><tr>
<td>Excluded groups:</td><td></td>
</tr>
</table><p/>
<small><i>(Hover the method name to see the test class name)</i></small><p/>
<table width='100%' border='1' class='invocation-failed'>
<tr><td colspan='4' align='center'><b>FAILED TESTS</b></td></tr>
<tr><td><b>Test method</b></td>
<td width="30%"><b>Exception</b></td>
<td width="10%"><b>Time (seconds)</b></td>
<td><b>Instance</b></td>
</tr>
<tr>
<td title='G2.Project.Test.TS13.TC_TransferReceipt_06.checkResponseBody()'><b>checkResponseBody</b><br>Test class: G2.Project.Test.TS13.TC_TransferReceipt_06</td>
<td><div><pre>java.lang.AssertionError: expected [true] but found [false]
	at G2.Project.Base.TestBase.checkBody(TestBase.java:60)
	at G2.Project.Test.TS13.TC_TransferReceipt_06.checkResponseBody(TC_TransferReceipt_06.java:29)
... Removed 34 stack frames</pre></div><a href='#' onClick='toggleBox("stack-trace542641486", this, "Click to show all stack frames", "Click to hide stack frames")'>Click to show all stack frames</a>
<div class='stack-trace' id='stack-trace542641486'><pre>java.lang.AssertionError: expected [true] but found [false]
	at org.testng.Assert.fail(Assert.java:96)
	at org.testng.Assert.failNotEquals(Assert.java:776)
	at org.testng.Assert.assertTrue(Assert.java:44)
	at org.testng.Assert.assertTrue(Assert.java:54)
	at G2.Project.Base.TestBase.checkBody(TestBase.java:60)
	at G2.Project.Test.TS13.TC_TransferReceipt_06.checkResponseBody(TC_TransferReceipt_06.java:29)
	at java.base/jdk.internal.reflect.NativeMethodAccessorImpl.invoke0(Native Method)
	at java.base/jdk.internal.reflect.NativeMethodAccessorImpl.invoke(NativeMethodAccessorImpl.java:62)
	at java.base/jdk.internal.reflect.DelegatingMethodAccessorImpl.invoke(DelegatingMethodAccessorImpl.java:43)
	at java.base/java.lang.reflect.Method.invoke(Method.java:564)
	at org.testng.internal.MethodInvocationHelper.invokeMethod(MethodInvocationHelper.java:124)
	at org.testng.internal.Invoker.invokeMethod(Invoker.java:583)
	at org.testng.internal.Invoker.invokeTestMethod(Invoker.java:719)
	at org.testng.internal.Invoker.invokeTestMethods(Invoker.java:989)
	at org.testng.internal.TestMethodWorker.invokeTestMethods(TestMethodWorker.java:125)
	at org.testng.internal.TestMethodWorker.run(TestMethodWorker.java:109)
	at org.testng.TestRunner.privateRun(TestRunner.java:648)
	at org.testng.TestRunner.run(TestRunner.java:505)
	at org.testng.SuiteRunner.runTest(SuiteRunner.java:455)
	at org.testng.SuiteRunner.runSequentially(SuiteRunner.java:450)
	at org.testng.SuiteRunner.privateRun(SuiteRunner.java:415)
	at org.testng.SuiteRunner.run(SuiteRunner.java:364)
	at org.testng.SuiteRunnerWorker.runSuite(SuiteRunnerWorker.java:52)
	at org.testng.SuiteRunnerWorker.run(SuiteRunnerWorker.java:84)
	at org.testng.TestNG.runSuitesSequentially(TestNG.java:1208)
	at org.testng.TestNG.runSuitesSequentially(TestNG.java:1204)
	at org.testng.TestNG.runSuitesLocally(TestNG.java:1137)
	at org.testng.TestNG.runSuites(TestNG.java:1049)
	at org.testng.TestNG.run(TestNG.java:1017)
	at org.apache.maven.surefire.testng.TestNGExecutor.run(TestNGExecutor.java:283)
	at org.apache.maven.surefire.testng.TestNGXmlTestSuite.execute(TestNGXmlTestSuite.java:75)
	at org.apache.maven.surefire.testng.TestNGProvider.invoke(TestNGProvider.java:120)
	at org.apache.maven.surefire.booter.ForkedBooter.invokeProviderInSameClassLoader(ForkedBooter.java:384)
	at org.apache.maven.surefire.booter.ForkedBooter.runSuitesInProcess(ForkedBooter.java:345)
	at org.apache.maven.surefire.booter.ForkedBooter.execute(ForkedBooter.java:126)
	at org.apache.maven.surefire.booter.ForkedBooter.main(ForkedBooter.java:418)
</pre></div></td>
<td>0</td>
<td>G2.Project.Test.TS13.TC_TransferReceipt_06@5b0abc94</td></tr>
<tr>
<td title='G2.Project.Test.TS13.TC_TransferReceipt_06.checkResponseTime()'><b>checkResponseTime</b><br>Test class: G2.Project.Test.TS13.TC_TransferReceipt_06</td>
<td><div><pre>java.lang.AssertionError: expected [true] but found [false]
	at G2.Project.Base.TestBase.checkResponseTime(TestBase.java:76)
	at G2.Project.Test.TS13.TC_TransferReceipt_06.checkResponseTime(TC_TransferReceipt_06.java:44)
... Removed 34 stack frames</pre></div><a href='#' onClick='toggleBox("stack-trace566039179", this, "Click to show all stack frames", "Click to hide stack frames")'>Click to show all stack frames</a>
<div class='stack-trace' id='stack-trace566039179'><pre>java.lang.AssertionError: expected [true] but found [false]
	at org.testng.Assert.fail(Assert.java:96)
	at org.testng.Assert.failNotEquals(Assert.java:776)
	at org.testng.Assert.assertTrue(Assert.java:44)
	at org.testng.Assert.assertTrue(Assert.java:54)
	at G2.Project.Base.TestBase.checkResponseTime(TestBase.java:76)
	at G2.Project.Test.TS13.TC_TransferReceipt_06.checkResponseTime(TC_TransferReceipt_06.java:44)
	at java.base/jdk.internal.reflect.NativeMethodAccessorImpl.invoke0(Native Method)
	at java.base/jdk.internal.reflect.NativeMethodAccessorImpl.invoke(NativeMethodAccessorImpl.java:62)
	at java.base/jdk.internal.reflect.DelegatingMethodAccessorImpl.invoke(DelegatingMethodAccessorImpl.java:43)
	at java.base/java.lang.reflect.Method.invoke(Method.java:564)
	at org.testng.internal.MethodInvocationHelper.invokeMethod(MethodInvocationHelper.java:124)
	at org.testng.internal.Invoker.invokeMethod(Invoker.java:583)
	at org.testng.internal.Invoker.invokeTestMethod(Invoker.java:719)
	at org.testng.internal.Invoker.invokeTestMethods(Invoker.java:989)
	at org.testng.internal.TestMethodWorker.invokeTestMethods(TestMethodWorker.java:125)
	at org.testng.internal.TestMethodWorker.run(TestMethodWorker.java:109)
	at org.testng.TestRunner.privateRun(TestRunner.java:648)
	at org.testng.TestRunner.run(TestRunner.java:505)
	at org.testng.SuiteRunner.runTest(SuiteRunner.java:455)
	at org.testng.SuiteRunner.runSequentially(SuiteRunner.java:450)
	at org.testng.SuiteRunner.privateRun(SuiteRunner.java:415)
	at org.testng.SuiteRunner.run(SuiteRunner.java:364)
	at org.testng.SuiteRunnerWorker.runSuite(SuiteRunnerWorker.java:52)
	at org.testng.SuiteRunnerWorker.run(SuiteRunnerWorker.java:84)
	at org.testng.TestNG.runSuitesSequentially(TestNG.java:1208)
	at org.testng.TestNG.runSuitesSequentially(TestNG.java:1204)
	at org.testng.TestNG.runSuitesLocally(TestNG.java:1137)
	at org.testng.TestNG.runSuites(TestNG.java:1049)
	at org.testng.TestNG.run(TestNG.java:1017)
	at org.apache.maven.surefire.testng.TestNGExecutor.run(TestNGExecutor.java:283)
	at org.apache.maven.surefire.testng.TestNGXmlTestSuite.execute(TestNGXmlTestSuite.java:75)
	at org.apache.maven.surefire.testng.TestNGProvider.invoke(TestNGProvider.java:120)
	at org.apache.maven.surefire.booter.ForkedBooter.invokeProviderInSameClassLoader(ForkedBooter.java:384)
	at org.apache.maven.surefire.booter.ForkedBooter.runSuitesInProcess(ForkedBooter.java:345)
	at org.apache.maven.surefire.booter.ForkedBooter.execute(ForkedBooter.java:126)
	at org.apache.maven.surefire.booter.ForkedBooter.main(ForkedBooter.java:418)
</pre></div></td>
<td>0</td>
<td>G2.Project.Test.TS13.TC_TransferReceipt_06@5b0abc94</td></tr>
</table><p>
<table width='100%' border='1' class='invocation-passed'>
<tr><td colspan='4' align='center'><b>PASSED TESTS</b></td></tr>
<tr><td><b>Test method</b></td>
<td width="30%"><b>Exception</b></td>
<td width="10%"><b>Time (seconds)</b></td>
<td><b>Instance</b></td>
</tr>
<tr>
<td title='G2.Project.Test.TS13.TC_TransferReceipt_03.checkHeader()'><b>checkHeader</b><br>Test class: G2.Project.Test.TS13.TC_TransferReceipt_03</td>
<td></td>
<td>0</td>
<td>G2.Project.Test.TS13.TC_TransferReceipt_03@123f1134</td></tr>
<tr>
<td title='G2.Project.Test.TS13.TC_TransferReceipt_01.checkHeader()'><b>checkHeader</b><br>Test class: G2.Project.Test.TS13.TC_TransferReceipt_01</td>
<td></td>
<td>0</td>
<td>G2.Project.Test.TS13.TC_TransferReceipt_01@1f1c7bf6</td></tr>
<tr>
<td title='G2.Project.Test.TS13.TC_TransferReceipt_03.checkResponseBody()'><b>checkResponseBody</b><br>Test class: G2.Project.Test.TS13.TC_TransferReceipt_03</td>
<td></td>
<td>0</td>
<td>G2.Project.Test.TS13.TC_TransferReceipt_03@123f1134</td></tr>
<tr>
<td title='G2.Project.Test.TS13.TC_TransferReceipt_05.checkResponseBody()'><b>checkResponseBody</b><br>Test class: G2.Project.Test.TS13.TC_TransferReceipt_05</td>
<td></td>
<td>0</td>
<td>G2.Project.Test.TS13.TC_TransferReceipt_05@7d68ef40</td></tr>
<tr>
<td title='G2.Project.Test.TS13.TC_TransferReceipt_07.checkResponseBody()'><b>checkResponseBody</b><br>Test class: G2.Project.Test.TS13.TC_TransferReceipt_07</td>
<td></td>
<td>0</td>
<td>G2.Project.Test.TS13.TC_TransferReceipt_07@75c072cb</td></tr>
<tr>
<td title='G2.Project.Test.TS13.TC_TransferReceipt_01.checkResponseBody()'><b>checkResponseBody</b><br>Test class: G2.Project.Test.TS13.TC_TransferReceipt_01</td>
<td></td>
<td>0</td>
<td>G2.Project.Test.TS13.TC_TransferReceipt_01@1f1c7bf6</td></tr>
<tr>
<td title='G2.Project.Test.TS13.TC_TransferReceipt_03.checkResponseTime()'><b>checkResponseTime</b><br>Test class: G2.Project.Test.TS13.TC_TransferReceipt_03</td>
<td></td>
<td>0</td>
<td>G2.Project.Test.TS13.TC_TransferReceipt_03@123f1134</td></tr>
<tr>
<td title='G2.Project.Test.TS13.TC_TransferReceipt_05.checkResponseTime()'><b>checkResponseTime</b><br>Test class: G2.Project.Test.TS13.TC_TransferReceipt_05</td>
<td></td>
<td>0</td>
<td>G2.Project.Test.TS13.TC_TransferReceipt_05@7d68ef40</td></tr>
<tr>
<td title='G2.Project.Test.TS13.TC_TransferReceipt_07.checkResponseTime()'><b>checkResponseTime</b><br>Test class: G2.Project.Test.TS13.TC_TransferReceipt_07</td>
<td></td>
<td>0</td>
<td>G2.Project.Test.TS13.TC_TransferReceipt_07@75c072cb</td></tr>
<tr>
<td title='G2.Project.Test.TS13.TC_TransferReceipt_01.checkResponseTime()'><b>checkResponseTime</b><br>Test class: G2.Project.Test.TS13.TC_TransferReceipt_01</td>
<td></td>
<td>0</td>
<td>G2.Project.Test.TS13.TC_TransferReceipt_01@1f1c7bf6</td></tr>
<tr>
<td title='G2.Project.Test.TS13.TC_TransferReceipt_03.checkStatusCode()'><b>checkStatusCode</b><br>Test class: G2.Project.Test.TS13.TC_TransferReceipt_03</td>
<td></td>
<td>0</td>
<td>G2.Project.Test.TS13.TC_TransferReceipt_03@123f1134</td></tr>
<tr>
<td title='G2.Project.Test.TS13.TC_TransferReceipt_05.checkStatusCode()'><b>checkStatusCode</b><br>Test class: G2.Project.Test.TS13.TC_TransferReceipt_05</td>
<td></td>
<td>0</td>
<td>G2.Project.Test.TS13.TC_TransferReceipt_05@7d68ef40</td></tr>
<tr>
<td title='G2.Project.Test.TS13.TC_TransferReceipt_06.checkStatusCode()'><b>checkStatusCode</b><br>Test class: G2.Project.Test.TS13.TC_TransferReceipt_06</td>
<td></td>
<td>0</td>
<td>G2.Project.Test.TS13.TC_TransferReceipt_06@5b0abc94</td></tr>
<tr>
<td title='G2.Project.Test.TS13.TC_TransferReceipt_07.checkStatusCode()'><b>checkStatusCode</b><br>Test class: G2.Project.Test.TS13.TC_TransferReceipt_07</td>
<td></td>
<td>0</td>
<td>G2.Project.Test.TS13.TC_TransferReceipt_07@75c072cb</td></tr>
<tr>
<td title='G2.Project.Test.TS13.TC_TransferReceipt_01.checkStatusCode()'><b>checkStatusCode</b><br>Test class: G2.Project.Test.TS13.TC_TransferReceipt_01</td>
<td></td>
<td>0</td>
<td>G2.Project.Test.TS13.TC_TransferReceipt_01@1f1c7bf6</td></tr>
<tr>
<td title='G2.Project.Test.TS13.TC_TransferReceipt_03.checkStatusLine()'><b>checkStatusLine</b><br>Test class: G2.Project.Test.TS13.TC_TransferReceipt_03</td>
<td></td>
<td>0</td>
<td>G2.Project.Test.TS13.TC_TransferReceipt_03@123f1134</td></tr>
<tr>
<td title='G2.Project.Test.TS13.TC_TransferReceipt_05.checkStatusLine()'><b>checkStatusLine</b><br>Test class: G2.Project.Test.TS13.TC_TransferReceipt_05</td>
<td></td>
<td>0</td>
<td>G2.Project.Test.TS13.TC_TransferReceipt_05@7d68ef40</td></tr>
<tr>
<td title='G2.Project.Test.TS13.TC_TransferReceipt_06.checkStatusLine()'><b>checkStatusLine</b><br>Test class: G2.Project.Test.TS13.TC_TransferReceipt_06</td>
<td></td>
<td>0</td>
<td>G2.Project.Test.TS13.TC_TransferReceipt_06@5b0abc94</td></tr>
<tr>
<td title='G2.Project.Test.TS13.TC_TransferReceipt_07.checkStatusLine()'><b>checkStatusLine</b><br>Test class: G2.Project.Test.TS13.TC_TransferReceipt_07</td>
<td></td>
<td>0</td>
<td>G2.Project.Test.TS13.TC_TransferReceipt_07@75c072cb</td></tr>
<tr>
<td title='G2.Project.Test.TS13.TC_TransferReceipt_01.checkStatusLine()'><b>checkStatusLine</b><br>Test class: G2.Project.Test.TS13.TC_TransferReceipt_01</td>
<td></td>
<td>0</td>
<td>G2.Project.Test.TS13.TC_TransferReceipt_01@1f1c7bf6</td></tr>
</table><p>
</body>
</html>