<?xml version="1.0" encoding="UTF-8"?>
<!-- Generated by org.testng.reporters.JUnitXMLReporter -->
<testsuite ignored="0" hostname="DNID0689L01.local" failures="11" tests="26" name="EmployeeTest" time="7.274" errors="0" timestamp="15 May 2020 04:15:26 GMT">
  <testcase classname="G2.Project.Test.TS12.TC_TopUpBalance_02" name="checkHeader" time="0.011"/>
  <testcase classname="G2.Project.Test.TS12.TC_TopUpBalance_02" name="checkResponseBody" time="0.001"/>
  <testcase classname="G2.Project.Test.TS12.TC_TopUpBalance_02" name="checkResponseTime" time="0.001"/>
  <testcase classname="G2.Project.Test.TS12.TC_TopUpBalance_02" name="checkStatusCode" time="0.001">
    <failure type="java.lang.AssertionError" message="expected [400] but found [500]">
      <![CDATA[java.lang.AssertionError: expected [400] but found [500]
at G2.Project.Base.TestBase.checkStatusCode(TestBase.java:53)
at G2.Project.Test.TS12.TC_TopUpBalance_02.checkStatusCode(TC_TopUpBalance_02.java:41)
... Removed 35 stack frames]]>
    </failure>
  </testcase> <!-- checkStatusCode -->
  <testcase classname="G2.Project.Test.TS12.TC_TopUpBalance_02" name="checkStatusLine" time="0.001">
    <failure type="java.lang.AssertionError" message="expected [HTTP/1.1 400 ] but found [HTTP/1.1 500 ]">
      <![CDATA[java.lang.AssertionError: expected [HTTP/1.1 400 ] but found [HTTP/1.1 500 ]
at G2.Project.Base.TestBase.checkStatusLine(TestBase.java:69)
at G2.Project.Test.TS12.TC_TopUpBalance_02.checkStatusLine(TC_TopUpBalance_02.java:46)
... Removed 35 stack frames]]>
    </failure>
  </testcase> <!-- checkStatusLine -->
  <testcase classname="G2.Project.Test.TS12.TC_TopUpBalance_03" name="checkHeader" time="0.001"/>
  <testcase classname="G2.Project.Test.TS12.TC_TopUpBalance_03" name="checkResponseBody" time="0.001"/>
  <testcase classname="G2.Project.Test.TS12.TC_TopUpBalance_03" name="checkResponseTime" time="0.002">
    <failure type="java.lang.AssertionError" message="expected [true] but found [false]">
      <![CDATA[java.lang.AssertionError: expected [true] but found [false]
at G2.Project.Base.TestBase.checkResponseTime(TestBase.java:61)
at G2.Project.Test.TS12.TC_TopUpBalance_03.checkResponseTime(TC_TopUpBalance_03.java:51)
... Removed 33 stack frames]]>
    </failure>
  </testcase> <!-- checkResponseTime -->
  <testcase classname="G2.Project.Test.TS12.TC_TopUpBalance_03" name="checkStatusCode" time="0.001">
    <failure type="java.lang.AssertionError" message="expected [400] but found [500]">
      <![CDATA[java.lang.AssertionError: expected [400] but found [500]
at G2.Project.Base.TestBase.checkStatusCode(TestBase.java:53)
at G2.Project.Test.TS12.TC_TopUpBalance_03.checkStatusCode(TC_TopUpBalance_03.java:41)
... Removed 35 stack frames]]>
    </failure>
  </testcase> <!-- checkStatusCode -->
  <testcase classname="G2.Project.Test.TS12.TC_TopUpBalance_03" name="checkStatusLine" time="0.002">
    <failure type="java.lang.AssertionError" message="expected [HTTP/1.1 400 ] but found [HTTP/1.1 500 ]">
      <![CDATA[java.lang.AssertionError: expected [HTTP/1.1 400 ] but found [HTTP/1.1 500 ]
at G2.Project.Base.TestBase.checkStatusLine(TestBase.java:69)
at G2.Project.Test.TS12.TC_TopUpBalance_03.checkStatusLine(TC_TopUpBalance_03.java:46)
... Removed 35 stack frames]]>
    </failure>
  </testcase> <!-- checkStatusLine -->
  <testcase classname="G2.Project.Test.TS12.TC_TopUpBalance_04" name="checkHeader" time="0.001"/>
  <testcase classname="G2.Project.Test.TS12.TC_TopUpBalance_04" name="checkResponseBody" time="0.001"/>
  <testcase classname="G2.Project.Test.TS12.TC_TopUpBalance_04" name="checkResponseTime" time="0.002">
    <failure type="java.lang.AssertionError" message="expected [true] but found [false]">
      <![CDATA[java.lang.AssertionError: expected [true] but found [false]
at G2.Project.Base.TestBase.checkResponseTime(TestBase.java:61)
at G2.Project.Test.TS12.TC_TopUpBalance_04.checkResponseTime(TC_TopUpBalance_04.java:51)
... Removed 33 stack frames]]>
    </failure>
  </testcase> <!-- checkResponseTime -->
  <testcase classname="G2.Project.Test.TS12.TC_TopUpBalance_04" name="checkStatusCode" time="0.001">
    <failure type="java.lang.AssertionError" message="expected [400] but found [500]">
      <![CDATA[java.lang.AssertionError: expected [400] but found [500]
at G2.Project.Base.TestBase.checkStatusCode(TestBase.java:53)
at G2.Project.Test.TS12.TC_TopUpBalance_04.checkStatusCode(TC_TopUpBalance_04.java:41)
... Removed 35 stack frames]]>
    </failure>
  </testcase> <!-- checkStatusCode -->
  <testcase classname="G2.Project.Test.TS12.TC_TopUpBalance_04" name="checkStatusLine" time="0.001">
    <failure type="java.lang.AssertionError" message="expected [HTTP/1.1 400 ] but found [HTTP/1.1 500 ]">
      <![CDATA[java.lang.AssertionError: expected [HTTP/1.1 400 ] but found [HTTP/1.1 500 ]
at G2.Project.Base.TestBase.checkStatusLine(TestBase.java:69)
at G2.Project.Test.TS12.TC_TopUpBalance_04.checkStatusLine(TC_TopUpBalance_04.java:46)
... Removed 35 stack frames]]>
    </failure>
  </testcase> <!-- checkStatusLine -->
  <testcase classname="G2.Project.Test.TS12.TC_TopUpBalance_05" name="checkHeader" time="0.001">
    <failure type="java.lang.AssertionError" message="expected [application/json] but found [text/plain]">
      <![CDATA[java.lang.AssertionError: expected [application/json] but found [text/plain]
at G2.Project.Base.TestBase.checkContentType(TestBase.java:76)
at G2.Project.Test.TS12.TC_TopUpBalance_05.checkHeader(TC_TopUpBalance_05.java:56)
... Removed 35 stack frames]]>
    </failure>
  </testcase> <!-- checkHeader -->
  <testcase classname="G2.Project.Test.TS12.TC_TopUpBalance_05" name="checkResponseBody" time="0.0"/>
  <testcase classname="G2.Project.Test.TS12.TC_TopUpBalance_05" name="checkResponseTime" time="0.001"/>
  <testcase classname="G2.Project.Test.TS12.TC_TopUpBalance_05" name="checkStatusCode" time="0.001">
    <failure type="java.lang.AssertionError" message="expected [400] but found [404]">
      <![CDATA[java.lang.AssertionError: expected [400] but found [404]
at G2.Project.Base.TestBase.checkStatusCode(TestBase.java:53)
at G2.Project.Test.TS12.TC_TopUpBalance_05.checkStatusCode(TC_TopUpBalance_05.java:41)
... Removed 35 stack frames]]>
    </failure>
  </testcase> <!-- checkStatusCode -->
  <testcase classname="G2.Project.Test.TS12.TC_TopUpBalance_05" name="checkStatusLine" time="0.001">
    <failure type="java.lang.AssertionError" message="expected [HTTP/1.1 400 ] but found [HTTP/1.1 404 Not Found]">
      <![CDATA[java.lang.AssertionError: expected [HTTP/1.1 400 ] but found [HTTP/1.1 404 Not Found]
at G2.Project.Base.TestBase.checkStatusLine(TestBase.java:69)
at G2.Project.Test.TS12.TC_TopUpBalance_05.checkStatusLine(TC_TopUpBalance_05.java:46)
... Removed 35 stack frames]]>
    </failure>
  </testcase> <!-- checkStatusLine -->
  <testcase classname="G2.Project.Test.TS12.TC_TopUpBalance_01" name="checkDataBody" time="0.203"/>
  <testcase classname="G2.Project.Test.TS12.TC_TopUpBalance_01" name="checkHeader" time="0.001"/>
  <testcase classname="G2.Project.Test.TS12.TC_TopUpBalance_01" name="checkResponseBody" time="0.0"/>
  <testcase classname="G2.Project.Test.TS12.TC_TopUpBalance_01" name="checkResponseTime" time="0.0"/>
  <testcase classname="G2.Project.Test.TS12.TC_TopUpBalance_01" name="checkStatusCode" time="0.001"/>
  <testcase classname="G2.Project.Test.TS12.TC_TopUpBalance_01" name="checkStatusLine" time="0.001"/>
</testsuite> <!-- EmployeeTest -->
