<?xml version="1.0" encoding="UTF-8"?>
<!-- Generated by org.testng.reporters.JUnitXMLReporter -->
<testsuite ignored="0" hostname="DNID0689L01.local" failures="1" tests="10" name="GetTopupHistoryResponseTest" time="4.654" errors="0" timestamp="15 May 2020 08:12:05 GMT">
  <testcase classname="G2.Project.Test.TS11.TC_GetTopUpHistory_02" name="checkResponseBody" time="0.002"/>
  <testcase classname="G2.Project.Test.TS11.TC_GetTopUpHistory_02" name="checkResponseTime" time="0.002"/>
  <testcase classname="G2.Project.Test.TS11.TC_GetTopUpHistory_02" name="checkStatusCode" time="0.001"/>
  <testcase classname="G2.Project.Test.TS11.TC_GetTopUpHistory_02" name="checkStatusLine" time="0.002"/>
  <testcase classname="G2.Project.Test.TS11.TC_GetTopUpHistory_01" name="checkDataBody" time="0.232"/>
  <testcase classname="G2.Project.Test.TS11.TC_GetTopUpHistory_01" name="checkHeader" time="0.001"/>
  <testcase classname="G2.Project.Test.TS11.TC_GetTopUpHistory_01" name="checkResponseBody" time="0.001"/>
  <testcase classname="G2.Project.Test.TS11.TC_GetTopUpHistory_01" name="checkResponseTime" time="0.003">
    <failure type="java.lang.AssertionError" message="expected [true] but found [false]">
      <![CDATA[java.lang.AssertionError: expected [true] but found [false]
at G2.Project.Base.TestBase.checkResponseTime(TestBase.java:76)
at G2.Project.Test.TS11.TC_GetTopUpHistory_01.checkResponseTime(TC_GetTopUpHistory_01.java:46)
... Removed 33 stack frames]]>
    </failure>
  </testcase> <!-- checkResponseTime -->
  <testcase classname="G2.Project.Test.TS11.TC_GetTopUpHistory_01" name="checkStatusCode" time="0.002"/>
  <testcase classname="G2.Project.Test.TS11.TC_GetTopUpHistory_01" name="checkStatusLine" time="0.001"/>
</testsuite> <!-- GetTopupHistoryResponseTest -->
