<?xml version="1.0" encoding="UTF-8"?>
<!-- Generated by org.testng.reporters.JUnitXMLReporter -->
<testsuite ignored="0" hostname="DNID0689L01.local" failures="1" tests="26" name="TopupBalanceResponseTest" time="8.828" errors="0" timestamp="17 May 2020 10:46:30 GMT">
  <testcase classname="G2.Project.Test.TS12.TC_TopUpBalance_02" name="checkHeader" time="0.002"/>
  <testcase classname="G2.Project.Test.TS12.TC_TopUpBalance_02" name="checkResponseBody" time="0.001"/>
  <testcase classname="G2.Project.Test.TS12.TC_TopUpBalance_02" name="checkResponseTime" time="0.001"/>
  <testcase classname="G2.Project.Test.TS12.TC_TopUpBalance_02" name="checkStatusCode" time="0.001"/>
  <testcase classname="G2.Project.Test.TS12.TC_TopUpBalance_02" name="checkStatusLine" time="0.002"/>
  <testcase classname="G2.Project.Test.TS12.TC_TopUpBalance_03" name="checkHeader" time="0.001"/>
  <testcase classname="G2.Project.Test.TS12.TC_TopUpBalance_03" name="checkResponseBody" time="0.001"/>
  <testcase classname="G2.Project.Test.TS12.TC_TopUpBalance_03" name="checkResponseTime" time="0.003"/>
  <testcase classname="G2.Project.Test.TS12.TC_TopUpBalance_03" name="checkStatusCode" time="0.005"/>
  <testcase classname="G2.Project.Test.TS12.TC_TopUpBalance_03" name="checkStatusLine" time="0.003"/>
  <testcase classname="G2.Project.Test.TS12.TC_TopUpBalance_04" name="checkHeader" time="0.002"/>
  <testcase classname="G2.Project.Test.TS12.TC_TopUpBalance_04" name="checkResponseBody" time="0.002"/>
  <testcase classname="G2.Project.Test.TS12.TC_TopUpBalance_04" name="checkResponseTime" time="0.003"/>
  <testcase classname="G2.Project.Test.TS12.TC_TopUpBalance_04" name="checkStatusCode" time="0.003"/>
  <testcase classname="G2.Project.Test.TS12.TC_TopUpBalance_04" name="checkStatusLine" time="0.003"/>
  <testcase classname="G2.Project.Test.TS12.TC_TopUpBalance_05" name="checkHeader" time="0.001"/>
  <testcase classname="G2.Project.Test.TS12.TC_TopUpBalance_05" name="checkResponseBody" time="0.001"/>
  <testcase classname="G2.Project.Test.TS12.TC_TopUpBalance_05" name="checkResponseTime" time="0.002"/>
  <testcase classname="G2.Project.Test.TS12.TC_TopUpBalance_05" name="checkStatusCode" time="0.002"/>
  <testcase classname="G2.Project.Test.TS12.TC_TopUpBalance_05" name="checkStatusLine" time="0.002"/>
  <testcase classname="G2.Project.Test.TS12.TC_TopUpBalance_01" name="checkDataBody" time="0.011"/>
  <testcase classname="G2.Project.Test.TS12.TC_TopUpBalance_01" name="checkHeader" time="0.0"/>
  <testcase classname="G2.Project.Test.TS12.TC_TopUpBalance_01" name="checkResponseBody" time="0.001"/>
  <testcase classname="G2.Project.Test.TS12.TC_TopUpBalance_01" name="checkResponseTime" time="0.002">
    <failure type="java.lang.AssertionError" message="expected [true] but found [false]">
      <![CDATA[java.lang.AssertionError: expected [true] but found [false]
at G2.Project.Base.TestBase.checkResponseTime(TestBase.java:76)
at G2.Project.Test.TS12.TC_TopUpBalance_01.checkResponseTime(TC_TopUpBalance_01.java:56)
... Removed 34 stack frames]]>
    </failure>
  </testcase> <!-- checkResponseTime -->
  <testcase classname="G2.Project.Test.TS12.TC_TopUpBalance_01" name="checkStatusCode" time="0.001"/>
  <testcase classname="G2.Project.Test.TS12.TC_TopUpBalance_01" name="checkStatusLine" time="0.004"/>
</testsuite> <!-- TopupBalanceResponseTest -->
