<?xml version="1.0" encoding="UTF-8"?>
<!-- Generated by org.testng.reporters.JUnitXMLReporter -->
<testsuite ignored="0" hostname="DNID0689L01.local" failures="1" tests="10" name="GetUserBalanceResponseTest" time="3.359" errors="0" timestamp="17 May 2020 08:23:21 GMT">
  <testcase classname="G2.Project.Test.TS07.TC_GetUserBalance_01" name="checkDataBody" time="0.007"/>
  <testcase classname="G2.Project.Test.TS07.TC_GetUserBalance_01" name="checkHeader" time="0.001"/>
  <testcase classname="G2.Project.Test.TS07.TC_GetUserBalance_01" name="checkResponseBody" time="0.001"/>
  <testcase classname="G2.Project.Test.TS07.TC_GetUserBalance_01" name="checkResponseTime" time="0.002">
    <failure type="java.lang.AssertionError" message="expected [true] but found [false]">
      <![CDATA[java.lang.AssertionError: expected [true] but found [false]
at G2.Project.Base.TestBase.checkResponseTime(TestBase.java:76)
at G2.Project.Test.TS07.TC_GetUserBalance_01.checkResponseTime(TC_GetUserBalance_01.java:52)
... Removed 34 stack frames]]>
    </failure>
  </testcase> <!-- checkResponseTime -->
  <testcase classname="G2.Project.Test.TS07.TC_GetUserBalance_01" name="checkStatusCode" time="0.002"/>
  <testcase classname="G2.Project.Test.TS07.TC_GetUserBalance_01" name="checkStatusLine" time="0.001"/>
  <testcase classname="G2.Project.Test.TS07.TC_GetUserBalance_02" name="checkResponseBody" time="0.001"/>
  <testcase classname="G2.Project.Test.TS07.TC_GetUserBalance_02" name="checkResponseTime" time="0.002"/>
  <testcase classname="G2.Project.Test.TS07.TC_GetUserBalance_02" name="checkStatusCode" time="0.001"/>
  <testcase classname="G2.Project.Test.TS07.TC_GetUserBalance_02" name="checkStatusLine" time="0.001"/>
</testsuite> <!-- GetUserBalanceResponseTest -->
