<?xml version="1.0" encoding="UTF-8"?>
<!-- Generated by org.testng.reporters.JUnitXMLReporter -->
<testsuite ignored="0" hostname="DNID0689L01.local" failures="3" tests="10" name="GetTopupHistoryResponseTest" time="1.614" errors="0" timestamp="17 May 2020 14:39:24 GMT">
  <testcase classname="G2.Project.Test.TS11.TC_GetTopUpHistory_02" name="checkResponseBody" time="0.003"/>
  <testcase classname="G2.Project.Test.TS11.TC_GetTopUpHistory_02" name="checkResponseTime" time="0.002"/>
  <testcase classname="G2.Project.Test.TS11.TC_GetTopUpHistory_02" name="checkStatusCode" time="0.002"/>
  <testcase classname="G2.Project.Test.TS11.TC_GetTopUpHistory_02" name="checkStatusLine" time="0.002"/>
  <testcase classname="G2.Project.Test.TS11.TC_GetTopUpHistory_01" name="checkDataBody" time="0.012">
    <failure type="java.lang.NullPointerException">
      <![CDATA[java.lang.NullPointerException
at G2.Project.Base.TestBase.checkData(TestBase.java:53)
at G2.Project.Test.TS11.TC_GetTopUpHistory_01.checkDataBody(TC_GetTopUpHistory_01.java:31)
... Removed 30 stack frames]]>
    </failure>
  </testcase> <!-- checkDataBody -->
  <testcase classname="G2.Project.Test.TS11.TC_GetTopUpHistory_01" name="checkHeader" time="0.001"/>
  <testcase classname="G2.Project.Test.TS11.TC_GetTopUpHistory_01" name="checkResponseBody" time="0.001"/>
  <testcase classname="G2.Project.Test.TS11.TC_GetTopUpHistory_01" name="checkResponseTime" time="0.002"/>
  <testcase classname="G2.Project.Test.TS11.TC_GetTopUpHistory_01" name="checkStatusCode" time="0.002">
    <failure type="java.lang.AssertionError" message="expected [200] but found [500]">
      <![CDATA[java.lang.AssertionError: expected [200] but found [500]
at G2.Project.Base.TestBase.checkStatusCode(TestBase.java:69)
at G2.Project.Test.TS11.TC_GetTopUpHistory_01.checkStatusCode(TC_GetTopUpHistory_01.java:36)
... Removed 36 stack frames]]>
    </failure>
  </testcase> <!-- checkStatusCode -->
  <testcase classname="G2.Project.Test.TS11.TC_GetTopUpHistory_01" name="checkStatusLine" time="0.003">
    <failure type="java.lang.AssertionError" message="expected [HTTP/1.1 200 ] but found [HTTP/1.1 500 ]">
      <![CDATA[java.lang.AssertionError: expected [HTTP/1.1 200 ] but found [HTTP/1.1 500 ]
at G2.Project.Base.TestBase.checkStatusLine(TestBase.java:85)
at G2.Project.Test.TS11.TC_GetTopUpHistory_01.checkStatusLine(TC_GetTopUpHistory_01.java:41)
... Removed 36 stack frames]]>
    </failure>
  </testcase> <!-- checkStatusLine -->
</testsuite> <!-- GetTopupHistoryResponseTest -->
