<html>
<head>
<title>TestNG:  LoginResponseTest</title>
<link href="../testng.css" rel="stylesheet" type="text/css" />
<link href="../my-testng.css" rel="stylesheet" type="text/css" />

<style type="text/css">
.log { display: none;} 
.stack-trace { display: none;} 
</style>
<script type="text/javascript">
<!--
function flip(e) {
  current = e.style.display;
  if (current == 'block') {
    e.style.display = 'none';
    return 0;
  }
  else {
    e.style.display = 'block';
    return 1;
  }
}

function toggleBox(szDivId, elem, msg1, msg2)
{
  var res = -1;  if (document.getElementById) {
    res = flip(document.getElementById(szDivId));
  }
  else if (document.all) {
    // this is the way old msie versions work
    res = flip(document.all[szDivId]);
  }
  if(elem) {
    if(res == 0) elem.innerHTML = msg1; else elem.innerHTML = msg2;
  }

}

function toggleAllBoxes() {
  if (document.getElementsByTagName) {
    d = document.getElementsByTagName('div');
    for (i = 0; i < d.length; i++) {
      if (d[i].className == 'log') {
        flip(d[i]);
      }
    }
  }
}

// -->
</script>

</head>
<body>
<h2 align='center'>LoginResponseTest</h2><table border='1' align="center">
<tr>
<td>Tests passed/Failed/Skipped:</td><td>45/18/0</td>
</tr><tr>
<td>Started on:</td><td>Fri May 15 09:45:55 WIB 2020</td>
</tr>
<tr><td>Total time:</td><td>14 seconds (14267 ms)</td>
</tr><tr>
<td>Included groups:</td><td></td>
</tr><tr>
<td>Excluded groups:</td><td></td>
</tr>
</table><p/>
<small><i>(Hover the method name to see the test class name)</i></small><p/>
<table width='100%' border='1' class='invocation-failed'>
<tr><td colspan='4' align='center'><b>FAILED TESTS</b></td></tr>
<tr><td><b>Test method</b></td>
<td width="30%"><b>Exception</b></td>
<td width="10%"><b>Time (seconds)</b></td>
<td><b>Instance</b></td>
</tr>
<tr>
<td title='G2.Project.Test.TS02.TC_Login_01.checkDataBody()'><b>checkDataBody</b><br>Test class: G2.Project.Test.TS02.TC_Login_01</td>
<td><div><pre>java.lang.ClassCastException: class java.util.HashMap cannot be cast to class java.lang.String (java.util.HashMap and java.lang.String are in module java.base of loader &apos;bootstrap&apos;)
	at G2.Project.Base.TestBase.checkData(TestBase.java:36)
	at G2.Project.Test.TS02.TC_Login_01.checkDataBody(TC_Login_01.java:60)
... Removed 29 stack frames</pre></div><a href='#' onClick='toggleBox("stack-trace1886381510", this, "Click to show all stack frames", "Click to hide stack frames")'>Click to show all stack frames</a>
<div class='stack-trace' id='stack-trace1886381510'><pre>java.lang.ClassCastException: class java.util.HashMap cannot be cast to class java.lang.String (java.util.HashMap and java.lang.String are in module java.base of loader &apos;bootstrap&apos;)
	at G2.Project.Base.TestBase.checkData(TestBase.java:36)
	at G2.Project.Test.TS02.TC_Login_01.checkDataBody(TC_Login_01.java:60)
	at java.base/jdk.internal.reflect.NativeMethodAccessorImpl.invoke0(Native Method)
	at java.base/jdk.internal.reflect.NativeMethodAccessorImpl.invoke(NativeMethodAccessorImpl.java:62)
	at java.base/jdk.internal.reflect.DelegatingMethodAccessorImpl.invoke(DelegatingMethodAccessorImpl.java:43)
	at java.base/java.lang.reflect.Method.invoke(Method.java:564)
	at org.testng.internal.MethodInvocationHelper.invokeMethod(MethodInvocationHelper.java:124)
	at org.testng.internal.Invoker.invokeMethod(Invoker.java:583)
	at org.testng.internal.Invoker.invokeTestMethod(Invoker.java:719)
	at org.testng.internal.Invoker.invokeTestMethods(Invoker.java:989)
	at org.testng.internal.TestMethodWorker.invokeTestMethods(TestMethodWorker.java:125)
	at org.testng.internal.TestMethodWorker.run(TestMethodWorker.java:109)
	at org.testng.TestRunner.privateRun(TestRunner.java:648)
	at org.testng.TestRunner.run(TestRunner.java:505)
	at org.testng.SuiteRunner.runTest(SuiteRunner.java:455)
	at org.testng.SuiteRunner.runSequentially(SuiteRunner.java:450)
	at org.testng.SuiteRunner.privateRun(SuiteRunner.java:415)
	at org.testng.SuiteRunner.run(SuiteRunner.java:364)
	at org.testng.SuiteRunnerWorker.runSuite(SuiteRunnerWorker.java:52)
	at org.testng.SuiteRunnerWorker.run(SuiteRunnerWorker.java:84)
	at org.testng.TestNG.runSuitesSequentially(TestNG.java:1208)
	at org.testng.TestNG.runSuitesLocally(TestNG.java:1137)
	at org.testng.TestNG.runSuites(TestNG.java:1049)
	at org.testng.TestNG.run(TestNG.java:1017)
	at org.apache.maven.surefire.testng.TestNGExecutor.run(TestNGExecutor.java:283)
	at org.apache.maven.surefire.testng.TestNGXmlTestSuite.execute(TestNGXmlTestSuite.java:75)
	at org.apache.maven.surefire.testng.TestNGProvider.invoke(TestNGProvider.java:120)
	at org.apache.maven.surefire.booter.ForkedBooter.invokeProviderInSameClassLoader(ForkedBooter.java:384)
	at org.apache.maven.surefire.booter.ForkedBooter.runSuitesInProcess(ForkedBooter.java:345)
	at org.apache.maven.surefire.booter.ForkedBooter.execute(ForkedBooter.java:126)
	at org.apache.maven.surefire.booter.ForkedBooter.main(ForkedBooter.java:418)
</pre></div></td>
<td>0</td>
<td>G2.Project.Test.TS02.TC_Login_01@5cdd8682</td></tr>
<tr>
<td title='G2.Project.Test.TS02.TC_Login_02.checkDataBody()'><b>checkDataBody</b><br>Test class: G2.Project.Test.TS02.TC_Login_02</td>
<td><div><pre>java.lang.NullPointerException
	at G2.Project.Base.TestBase.checkData(TestBase.java:38)
	at G2.Project.Test.TS02.TC_Login_02.checkDataBody(TC_Login_02.java:40)
... Removed 29 stack frames</pre></div><a href='#' onClick='toggleBox("stack-trace2033282874", this, "Click to show all stack frames", "Click to hide stack frames")'>Click to show all stack frames</a>
<div class='stack-trace' id='stack-trace2033282874'><pre>java.lang.NullPointerException
	at G2.Project.Base.TestBase.checkData(TestBase.java:38)
	at G2.Project.Test.TS02.TC_Login_02.checkDataBody(TC_Login_02.java:40)
	at java.base/jdk.internal.reflect.NativeMethodAccessorImpl.invoke0(Native Method)
	at java.base/jdk.internal.reflect.NativeMethodAccessorImpl.invoke(NativeMethodAccessorImpl.java:62)
	at java.base/jdk.internal.reflect.DelegatingMethodAccessorImpl.invoke(DelegatingMethodAccessorImpl.java:43)
	at java.base/java.lang.reflect.Method.invoke(Method.java:564)
	at org.testng.internal.MethodInvocationHelper.invokeMethod(MethodInvocationHelper.java:124)
	at org.testng.internal.Invoker.invokeMethod(Invoker.java:583)
	at org.testng.internal.Invoker.invokeTestMethod(Invoker.java:719)
	at org.testng.internal.Invoker.invokeTestMethods(Invoker.java:989)
	at org.testng.internal.TestMethodWorker.invokeTestMethods(TestMethodWorker.java:125)
	at org.testng.internal.TestMethodWorker.run(TestMethodWorker.java:109)
	at org.testng.TestRunner.privateRun(TestRunner.java:648)
	at org.testng.TestRunner.run(TestRunner.java:505)
	at org.testng.SuiteRunner.runTest(SuiteRunner.java:455)
	at org.testng.SuiteRunner.runSequentially(SuiteRunner.java:450)
	at org.testng.SuiteRunner.privateRun(SuiteRunner.java:415)
	at org.testng.SuiteRunner.run(SuiteRunner.java:364)
	at org.testng.SuiteRunnerWorker.runSuite(SuiteRunnerWorker.java:52)
	at org.testng.SuiteRunnerWorker.run(SuiteRunnerWorker.java:84)
	at org.testng.TestNG.runSuitesSequentially(TestNG.java:1208)
	at org.testng.TestNG.runSuitesLocally(TestNG.java:1137)
	at org.testng.TestNG.runSuites(TestNG.java:1049)
	at org.testng.TestNG.run(TestNG.java:1017)
	at org.apache.maven.surefire.testng.TestNGExecutor.run(TestNGExecutor.java:283)
	at org.apache.maven.surefire.testng.TestNGXmlTestSuite.execute(TestNGXmlTestSuite.java:75)
	at org.apache.maven.surefire.testng.TestNGProvider.invoke(TestNGProvider.java:120)
	at org.apache.maven.surefire.booter.ForkedBooter.invokeProviderInSameClassLoader(ForkedBooter.java:384)
	at org.apache.maven.surefire.booter.ForkedBooter.runSuitesInProcess(ForkedBooter.java:345)
	at org.apache.maven.surefire.booter.ForkedBooter.execute(ForkedBooter.java:126)
	at org.apache.maven.surefire.booter.ForkedBooter.main(ForkedBooter.java:418)
</pre></div></td>
<td>0</td>
<td>G2.Project.Test.TS02.TC_Login_02@d6da883</td></tr>
<tr>
<td title='G2.Project.Test.TS02.TC_Login_03.checkDataBody()'><b>checkDataBody</b><br>Test class: G2.Project.Test.TS02.TC_Login_03</td>
<td><div><pre>java.lang.NullPointerException
	at G2.Project.Base.TestBase.checkData(TestBase.java:38)
	at G2.Project.Test.TS02.TC_Login_03.checkDataBody(TC_Login_03.java:40)
... Removed 29 stack frames</pre></div><a href='#' onClick='toggleBox("stack-trace43368234", this, "Click to show all stack frames", "Click to hide stack frames")'>Click to show all stack frames</a>
<div class='stack-trace' id='stack-trace43368234'><pre>java.lang.NullPointerException
	at G2.Project.Base.TestBase.checkData(TestBase.java:38)
	at G2.Project.Test.TS02.TC_Login_03.checkDataBody(TC_Login_03.java:40)
	at java.base/jdk.internal.reflect.NativeMethodAccessorImpl.invoke0(Native Method)
	at java.base/jdk.internal.reflect.NativeMethodAccessorImpl.invoke(NativeMethodAccessorImpl.java:62)
	at java.base/jdk.internal.reflect.DelegatingMethodAccessorImpl.invoke(DelegatingMethodAccessorImpl.java:43)
	at java.base/java.lang.reflect.Method.invoke(Method.java:564)
	at org.testng.internal.MethodInvocationHelper.invokeMethod(MethodInvocationHelper.java:124)
	at org.testng.internal.Invoker.invokeMethod(Invoker.java:583)
	at org.testng.internal.Invoker.invokeTestMethod(Invoker.java:719)
	at org.testng.internal.Invoker.invokeTestMethods(Invoker.java:989)
	at org.testng.internal.TestMethodWorker.invokeTestMethods(TestMethodWorker.java:125)
	at org.testng.internal.TestMethodWorker.run(TestMethodWorker.java:109)
	at org.testng.TestRunner.privateRun(TestRunner.java:648)
	at org.testng.TestRunner.run(TestRunner.java:505)
	at org.testng.SuiteRunner.runTest(SuiteRunner.java:455)
	at org.testng.SuiteRunner.runSequentially(SuiteRunner.java:450)
	at org.testng.SuiteRunner.privateRun(SuiteRunner.java:415)
	at org.testng.SuiteRunner.run(SuiteRunner.java:364)
	at org.testng.SuiteRunnerWorker.runSuite(SuiteRunnerWorker.java:52)
	at org.testng.SuiteRunnerWorker.run(SuiteRunnerWorker.java:84)
	at org.testng.TestNG.runSuitesSequentially(TestNG.java:1208)
	at org.testng.TestNG.runSuitesLocally(TestNG.java:1137)
	at org.testng.TestNG.runSuites(TestNG.java:1049)
	at org.testng.TestNG.run(TestNG.java:1017)
	at org.apache.maven.surefire.testng.TestNGExecutor.run(TestNGExecutor.java:283)
	at org.apache.maven.surefire.testng.TestNGXmlTestSuite.execute(TestNGXmlTestSuite.java:75)
	at org.apache.maven.surefire.testng.TestNGProvider.invoke(TestNGProvider.java:120)
	at org.apache.maven.surefire.booter.ForkedBooter.invokeProviderInSameClassLoader(ForkedBooter.java:384)
	at org.apache.maven.surefire.booter.ForkedBooter.runSuitesInProcess(ForkedBooter.java:345)
	at org.apache.maven.surefire.booter.ForkedBooter.execute(ForkedBooter.java:126)
	at org.apache.maven.surefire.booter.ForkedBooter.main(ForkedBooter.java:418)
</pre></div></td>
<td>0</td>
<td>G2.Project.Test.TS02.TC_Login_03@45afc369</td></tr>
<tr>
<td title='G2.Project.Test.TS02.TC_Login_04.checkDataBody()'><b>checkDataBody</b><br>Test class: G2.Project.Test.TS02.TC_Login_04</td>
<td><div><pre>java.lang.NullPointerException
	at G2.Project.Base.TestBase.checkData(TestBase.java:38)
	at G2.Project.Test.TS02.TC_Login_04.checkDataBody(TC_Login_04.java:40)
... Removed 29 stack frames</pre></div><a href='#' onClick='toggleBox("stack-trace2111181256", this, "Click to show all stack frames", "Click to hide stack frames")'>Click to show all stack frames</a>
<div class='stack-trace' id='stack-trace2111181256'><pre>java.lang.NullPointerException
	at G2.Project.Base.TestBase.checkData(TestBase.java:38)
	at G2.Project.Test.TS02.TC_Login_04.checkDataBody(TC_Login_04.java:40)
	at java.base/jdk.internal.reflect.NativeMethodAccessorImpl.invoke0(Native Method)
	at java.base/jdk.internal.reflect.NativeMethodAccessorImpl.invoke(NativeMethodAccessorImpl.java:62)
	at java.base/jdk.internal.reflect.DelegatingMethodAccessorImpl.invoke(DelegatingMethodAccessorImpl.java:43)
	at java.base/java.lang.reflect.Method.invoke(Method.java:564)
	at org.testng.internal.MethodInvocationHelper.invokeMethod(MethodInvocationHelper.java:124)
	at org.testng.internal.Invoker.invokeMethod(Invoker.java:583)
	at org.testng.internal.Invoker.invokeTestMethod(Invoker.java:719)
	at org.testng.internal.Invoker.invokeTestMethods(Invoker.java:989)
	at org.testng.internal.TestMethodWorker.invokeTestMethods(TestMethodWorker.java:125)
	at org.testng.internal.TestMethodWorker.run(TestMethodWorker.java:109)
	at org.testng.TestRunner.privateRun(TestRunner.java:648)
	at org.testng.TestRunner.run(TestRunner.java:505)
	at org.testng.SuiteRunner.runTest(SuiteRunner.java:455)
	at org.testng.SuiteRunner.runSequentially(SuiteRunner.java:450)
	at org.testng.SuiteRunner.privateRun(SuiteRunner.java:415)
	at org.testng.SuiteRunner.run(SuiteRunner.java:364)
	at org.testng.SuiteRunnerWorker.runSuite(SuiteRunnerWorker.java:52)
	at org.testng.SuiteRunnerWorker.run(SuiteRunnerWorker.java:84)
	at org.testng.TestNG.runSuitesSequentially(TestNG.java:1208)
	at org.testng.TestNG.runSuitesLocally(TestNG.java:1137)
	at org.testng.TestNG.runSuites(TestNG.java:1049)
	at org.testng.TestNG.run(TestNG.java:1017)
	at org.apache.maven.surefire.testng.TestNGExecutor.run(TestNGExecutor.java:283)
	at org.apache.maven.surefire.testng.TestNGXmlTestSuite.execute(TestNGXmlTestSuite.java:75)
	at org.apache.maven.surefire.testng.TestNGProvider.invoke(TestNGProvider.java:120)
	at org.apache.maven.surefire.booter.ForkedBooter.invokeProviderInSameClassLoader(ForkedBooter.java:384)
	at org.apache.maven.surefire.booter.ForkedBooter.runSuitesInProcess(ForkedBooter.java:345)
	at org.apache.maven.surefire.booter.ForkedBooter.execute(ForkedBooter.java:126)
	at org.apache.maven.surefire.booter.ForkedBooter.main(ForkedBooter.java:418)
</pre></div></td>
<td>0</td>
<td>G2.Project.Test.TS02.TC_Login_04@799d4f69</td></tr>
<tr>
<td title='G2.Project.Test.TS02.TC_Login_05.checkDataBody()'><b>checkDataBody</b><br>Test class: G2.Project.Test.TS02.TC_Login_05</td>
<td><div><pre>java.lang.NullPointerException
	at G2.Project.Base.TestBase.checkData(TestBase.java:38)
	at G2.Project.Test.TS02.TC_Login_05.checkDataBody(TC_Login_05.java:40)
... Removed 29 stack frames</pre></div><a href='#' onClick='toggleBox("stack-trace1027022907", this, "Click to show all stack frames", "Click to hide stack frames")'>Click to show all stack frames</a>
<div class='stack-trace' id='stack-trace1027022907'><pre>java.lang.NullPointerException
	at G2.Project.Base.TestBase.checkData(TestBase.java:38)
	at G2.Project.Test.TS02.TC_Login_05.checkDataBody(TC_Login_05.java:40)
	at java.base/jdk.internal.reflect.NativeMethodAccessorImpl.invoke0(Native Method)
	at java.base/jdk.internal.reflect.NativeMethodAccessorImpl.invoke(NativeMethodAccessorImpl.java:62)
	at java.base/jdk.internal.reflect.DelegatingMethodAccessorImpl.invoke(DelegatingMethodAccessorImpl.java:43)
	at java.base/java.lang.reflect.Method.invoke(Method.java:564)
	at org.testng.internal.MethodInvocationHelper.invokeMethod(MethodInvocationHelper.java:124)
	at org.testng.internal.Invoker.invokeMethod(Invoker.java:583)
	at org.testng.internal.Invoker.invokeTestMethod(Invoker.java:719)
	at org.testng.internal.Invoker.invokeTestMethods(Invoker.java:989)
	at org.testng.internal.TestMethodWorker.invokeTestMethods(TestMethodWorker.java:125)
	at org.testng.internal.TestMethodWorker.run(TestMethodWorker.java:109)
	at org.testng.TestRunner.privateRun(TestRunner.java:648)
	at org.testng.TestRunner.run(TestRunner.java:505)
	at org.testng.SuiteRunner.runTest(SuiteRunner.java:455)
	at org.testng.SuiteRunner.runSequentially(SuiteRunner.java:450)
	at org.testng.SuiteRunner.privateRun(SuiteRunner.java:415)
	at org.testng.SuiteRunner.run(SuiteRunner.java:364)
	at org.testng.SuiteRunnerWorker.runSuite(SuiteRunnerWorker.java:52)
	at org.testng.SuiteRunnerWorker.run(SuiteRunnerWorker.java:84)
	at org.testng.TestNG.runSuitesSequentially(TestNG.java:1208)
	at org.testng.TestNG.runSuitesLocally(TestNG.java:1137)
	at org.testng.TestNG.runSuites(TestNG.java:1049)
	at org.testng.TestNG.run(TestNG.java:1017)
	at org.apache.maven.surefire.testng.TestNGExecutor.run(TestNGExecutor.java:283)
	at org.apache.maven.surefire.testng.TestNGXmlTestSuite.execute(TestNGXmlTestSuite.java:75)
	at org.apache.maven.surefire.testng.TestNGProvider.invoke(TestNGProvider.java:120)
	at org.apache.maven.surefire.booter.ForkedBooter.invokeProviderInSameClassLoader(ForkedBooter.java:384)
	at org.apache.maven.surefire.booter.ForkedBooter.runSuitesInProcess(ForkedBooter.java:345)
	at org.apache.maven.surefire.booter.ForkedBooter.execute(ForkedBooter.java:126)
	at org.apache.maven.surefire.booter.ForkedBooter.main(ForkedBooter.java:418)
</pre></div></td>
<td>0</td>
<td>G2.Project.Test.TS02.TC_Login_05@49c43f4e</td></tr>
<tr>
<td title='G2.Project.Test.TS02.TC_Login_06.checkDataBody()'><b>checkDataBody</b><br>Test class: G2.Project.Test.TS02.TC_Login_06</td>
<td><div><pre>java.lang.NullPointerException
	at G2.Project.Base.TestBase.checkData(TestBase.java:38)
	at G2.Project.Test.TS02.TC_Login_06.checkDataBody(TC_Login_06.java:40)
... Removed 29 stack frames</pre></div><a href='#' onClick='toggleBox("stack-trace2016142571", this, "Click to show all stack frames", "Click to hide stack frames")'>Click to show all stack frames</a>
<div class='stack-trace' id='stack-trace2016142571'><pre>java.lang.NullPointerException
	at G2.Project.Base.TestBase.checkData(TestBase.java:38)
	at G2.Project.Test.TS02.TC_Login_06.checkDataBody(TC_Login_06.java:40)
	at java.base/jdk.internal.reflect.NativeMethodAccessorImpl.invoke0(Native Method)
	at java.base/jdk.internal.reflect.NativeMethodAccessorImpl.invoke(NativeMethodAccessorImpl.java:62)
	at java.base/jdk.internal.reflect.DelegatingMethodAccessorImpl.invoke(DelegatingMethodAccessorImpl.java:43)
	at java.base/java.lang.reflect.Method.invoke(Method.java:564)
	at org.testng.internal.MethodInvocationHelper.invokeMethod(MethodInvocationHelper.java:124)
	at org.testng.internal.Invoker.invokeMethod(Invoker.java:583)
	at org.testng.internal.Invoker.invokeTestMethod(Invoker.java:719)
	at org.testng.internal.Invoker.invokeTestMethods(Invoker.java:989)
	at org.testng.internal.TestMethodWorker.invokeTestMethods(TestMethodWorker.java:125)
	at org.testng.internal.TestMethodWorker.run(TestMethodWorker.java:109)
	at org.testng.TestRunner.privateRun(TestRunner.java:648)
	at org.testng.TestRunner.run(TestRunner.java:505)
	at org.testng.SuiteRunner.runTest(SuiteRunner.java:455)
	at org.testng.SuiteRunner.runSequentially(SuiteRunner.java:450)
	at org.testng.SuiteRunner.privateRun(SuiteRunner.java:415)
	at org.testng.SuiteRunner.run(SuiteRunner.java:364)
	at org.testng.SuiteRunnerWorker.runSuite(SuiteRunnerWorker.java:52)
	at org.testng.SuiteRunnerWorker.run(SuiteRunnerWorker.java:84)
	at org.testng.TestNG.runSuitesSequentially(TestNG.java:1208)
	at org.testng.TestNG.runSuitesLocally(TestNG.java:1137)
	at org.testng.TestNG.runSuites(TestNG.java:1049)
	at org.testng.TestNG.run(TestNG.java:1017)
	at org.apache.maven.surefire.testng.TestNGExecutor.run(TestNGExecutor.java:283)
	at org.apache.maven.surefire.testng.TestNGXmlTestSuite.execute(TestNGXmlTestSuite.java:75)
	at org.apache.maven.surefire.testng.TestNGProvider.invoke(TestNGProvider.java:120)
	at org.apache.maven.surefire.booter.ForkedBooter.invokeProviderInSameClassLoader(ForkedBooter.java:384)
	at org.apache.maven.surefire.booter.ForkedBooter.runSuitesInProcess(ForkedBooter.java:345)
	at org.apache.maven.surefire.booter.ForkedBooter.execute(ForkedBooter.java:126)
	at org.apache.maven.surefire.booter.ForkedBooter.main(ForkedBooter.java:418)
</pre></div></td>
<td>0</td>
<td>G2.Project.Test.TS02.TC_Login_06@290dbf45</td></tr>
<tr>
<td title='G2.Project.Test.TS02.TC_Login_07.checkDataBody()'><b>checkDataBody</b><br>Test class: G2.Project.Test.TS02.TC_Login_07</td>
<td><div><pre>java.lang.NullPointerException
	at G2.Project.Base.TestBase.checkData(TestBase.java:38)
	at G2.Project.Test.TS02.TC_Login_07.checkDataBody(TC_Login_07.java:40)
... Removed 29 stack frames</pre></div><a href='#' onClick='toggleBox("stack-trace1943275118", this, "Click to show all stack frames", "Click to hide stack frames")'>Click to show all stack frames</a>
<div class='stack-trace' id='stack-trace1943275118'><pre>java.lang.NullPointerException
	at G2.Project.Base.TestBase.checkData(TestBase.java:38)
	at G2.Project.Test.TS02.TC_Login_07.checkDataBody(TC_Login_07.java:40)
	at java.base/jdk.internal.reflect.NativeMethodAccessorImpl.invoke0(Native Method)
	at java.base/jdk.internal.reflect.NativeMethodAccessorImpl.invoke(NativeMethodAccessorImpl.java:62)
	at java.base/jdk.internal.reflect.DelegatingMethodAccessorImpl.invoke(DelegatingMethodAccessorImpl.java:43)
	at java.base/java.lang.reflect.Method.invoke(Method.java:564)
	at org.testng.internal.MethodInvocationHelper.invokeMethod(MethodInvocationHelper.java:124)
	at org.testng.internal.Invoker.invokeMethod(Invoker.java:583)
	at org.testng.internal.Invoker.invokeTestMethod(Invoker.java:719)
	at org.testng.internal.Invoker.invokeTestMethods(Invoker.java:989)
	at org.testng.internal.TestMethodWorker.invokeTestMethods(TestMethodWorker.java:125)
	at org.testng.internal.TestMethodWorker.run(TestMethodWorker.java:109)
	at org.testng.TestRunner.privateRun(TestRunner.java:648)
	at org.testng.TestRunner.run(TestRunner.java:505)
	at org.testng.SuiteRunner.runTest(SuiteRunner.java:455)
	at org.testng.SuiteRunner.runSequentially(SuiteRunner.java:450)
	at org.testng.SuiteRunner.privateRun(SuiteRunner.java:415)
	at org.testng.SuiteRunner.run(SuiteRunner.java:364)
	at org.testng.SuiteRunnerWorker.runSuite(SuiteRunnerWorker.java:52)
	at org.testng.SuiteRunnerWorker.run(SuiteRunnerWorker.java:84)
	at org.testng.TestNG.runSuitesSequentially(TestNG.java:1208)
	at org.testng.TestNG.runSuitesLocally(TestNG.java:1137)
	at org.testng.TestNG.runSuites(TestNG.java:1049)
	at org.testng.TestNG.run(TestNG.java:1017)
	at org.apache.maven.surefire.testng.TestNGExecutor.run(TestNGExecutor.java:283)
	at org.apache.maven.surefire.testng.TestNGXmlTestSuite.execute(TestNGXmlTestSuite.java:75)
	at org.apache.maven.surefire.testng.TestNGProvider.invoke(TestNGProvider.java:120)
	at org.apache.maven.surefire.booter.ForkedBooter.invokeProviderInSameClassLoader(ForkedBooter.java:384)
	at org.apache.maven.surefire.booter.ForkedBooter.runSuitesInProcess(ForkedBooter.java:345)
	at org.apache.maven.surefire.booter.ForkedBooter.execute(ForkedBooter.java:126)
	at org.apache.maven.surefire.booter.ForkedBooter.main(ForkedBooter.java:418)
</pre></div></td>
<td>0</td>
<td>G2.Project.Test.TS02.TC_Login_07@12028586</td></tr>
<tr>
<td title='G2.Project.Test.TS02.TC_Login_08.checkDataBody()'><b>checkDataBody</b><br>Test class: G2.Project.Test.TS02.TC_Login_08</td>
<td><div><pre>java.lang.NullPointerException
	at G2.Project.Base.TestBase.checkData(TestBase.java:38)
	at G2.Project.Test.TS02.TC_Login_08.checkDataBody(TC_Login_08.java:40)
... Removed 29 stack frames</pre></div><a href='#' onClick='toggleBox("stack-trace1295820487", this, "Click to show all stack frames", "Click to hide stack frames")'>Click to show all stack frames</a>
<div class='stack-trace' id='stack-trace1295820487'><pre>java.lang.NullPointerException
	at G2.Project.Base.TestBase.checkData(TestBase.java:38)
	at G2.Project.Test.TS02.TC_Login_08.checkDataBody(TC_Login_08.java:40)
	at java.base/jdk.internal.reflect.NativeMethodAccessorImpl.invoke0(Native Method)
	at java.base/jdk.internal.reflect.NativeMethodAccessorImpl.invoke(NativeMethodAccessorImpl.java:62)
	at java.base/jdk.internal.reflect.DelegatingMethodAccessorImpl.invoke(DelegatingMethodAccessorImpl.java:43)
	at java.base/java.lang.reflect.Method.invoke(Method.java:564)
	at org.testng.internal.MethodInvocationHelper.invokeMethod(MethodInvocationHelper.java:124)
	at org.testng.internal.Invoker.invokeMethod(Invoker.java:583)
	at org.testng.internal.Invoker.invokeTestMethod(Invoker.java:719)
	at org.testng.internal.Invoker.invokeTestMethods(Invoker.java:989)
	at org.testng.internal.TestMethodWorker.invokeTestMethods(TestMethodWorker.java:125)
	at org.testng.internal.TestMethodWorker.run(TestMethodWorker.java:109)
	at org.testng.TestRunner.privateRun(TestRunner.java:648)
	at org.testng.TestRunner.run(TestRunner.java:505)
	at org.testng.SuiteRunner.runTest(SuiteRunner.java:455)
	at org.testng.SuiteRunner.runSequentially(SuiteRunner.java:450)
	at org.testng.SuiteRunner.privateRun(SuiteRunner.java:415)
	at org.testng.SuiteRunner.run(SuiteRunner.java:364)
	at org.testng.SuiteRunnerWorker.runSuite(SuiteRunnerWorker.java:52)
	at org.testng.SuiteRunnerWorker.run(SuiteRunnerWorker.java:84)
	at org.testng.TestNG.runSuitesSequentially(TestNG.java:1208)
	at org.testng.TestNG.runSuitesLocally(TestNG.java:1137)
	at org.testng.TestNG.runSuites(TestNG.java:1049)
	at org.testng.TestNG.run(TestNG.java:1017)
	at org.apache.maven.surefire.testng.TestNGExecutor.run(TestNGExecutor.java:283)
	at org.apache.maven.surefire.testng.TestNGXmlTestSuite.execute(TestNGXmlTestSuite.java:75)
	at org.apache.maven.surefire.testng.TestNGProvider.invoke(TestNGProvider.java:120)
	at org.apache.maven.surefire.booter.ForkedBooter.invokeProviderInSameClassLoader(ForkedBooter.java:384)
	at org.apache.maven.surefire.booter.ForkedBooter.runSuitesInProcess(ForkedBooter.java:345)
	at org.apache.maven.surefire.booter.ForkedBooter.execute(ForkedBooter.java:126)
	at org.apache.maven.surefire.booter.ForkedBooter.main(ForkedBooter.java:418)
</pre></div></td>
<td>0</td>
<td>G2.Project.Test.TS02.TC_Login_08@17776a8</td></tr>
<tr>
<td title='G2.Project.Test.TS02.TC_Login_09.checkDataBody()'><b>checkDataBody</b><br>Test class: G2.Project.Test.TS02.TC_Login_09</td>
<td><div><pre>java.lang.NullPointerException
	at G2.Project.Base.TestBase.checkData(TestBase.java:38)
	at G2.Project.Test.TS02.TC_Login_09.checkDataBody(TC_Login_09.java:38)
... Removed 29 stack frames</pre></div><a href='#' onClick='toggleBox("stack-trace1866340787", this, "Click to show all stack frames", "Click to hide stack frames")'>Click to show all stack frames</a>
<div class='stack-trace' id='stack-trace1866340787'><pre>java.lang.NullPointerException
	at G2.Project.Base.TestBase.checkData(TestBase.java:38)
	at G2.Project.Test.TS02.TC_Login_09.checkDataBody(TC_Login_09.java:38)
	at java.base/jdk.internal.reflect.NativeMethodAccessorImpl.invoke0(Native Method)
	at java.base/jdk.internal.reflect.NativeMethodAccessorImpl.invoke(NativeMethodAccessorImpl.java:62)
	at java.base/jdk.internal.reflect.DelegatingMethodAccessorImpl.invoke(DelegatingMethodAccessorImpl.java:43)
	at java.base/java.lang.reflect.Method.invoke(Method.java:564)
	at org.testng.internal.MethodInvocationHelper.invokeMethod(MethodInvocationHelper.java:124)
	at org.testng.internal.Invoker.invokeMethod(Invoker.java:583)
	at org.testng.internal.Invoker.invokeTestMethod(Invoker.java:719)
	at org.testng.internal.Invoker.invokeTestMethods(Invoker.java:989)
	at org.testng.internal.TestMethodWorker.invokeTestMethods(TestMethodWorker.java:125)
	at org.testng.internal.TestMethodWorker.run(TestMethodWorker.java:109)
	at org.testng.TestRunner.privateRun(TestRunner.java:648)
	at org.testng.TestRunner.run(TestRunner.java:505)
	at org.testng.SuiteRunner.runTest(SuiteRunner.java:455)
	at org.testng.SuiteRunner.runSequentially(SuiteRunner.java:450)
	at org.testng.SuiteRunner.privateRun(SuiteRunner.java:415)
	at org.testng.SuiteRunner.run(SuiteRunner.java:364)
	at org.testng.SuiteRunnerWorker.runSuite(SuiteRunnerWorker.java:52)
	at org.testng.SuiteRunnerWorker.run(SuiteRunnerWorker.java:84)
	at org.testng.TestNG.runSuitesSequentially(TestNG.java:1208)
	at org.testng.TestNG.runSuitesLocally(TestNG.java:1137)
	at org.testng.TestNG.runSuites(TestNG.java:1049)
	at org.testng.TestNG.run(TestNG.java:1017)
	at org.apache.maven.surefire.testng.TestNGExecutor.run(TestNGExecutor.java:283)
	at org.apache.maven.surefire.testng.TestNGXmlTestSuite.execute(TestNGXmlTestSuite.java:75)
	at org.apache.maven.surefire.testng.TestNGProvider.invoke(TestNGProvider.java:120)
	at org.apache.maven.surefire.booter.ForkedBooter.invokeProviderInSameClassLoader(ForkedBooter.java:384)
	at org.apache.maven.surefire.booter.ForkedBooter.runSuitesInProcess(ForkedBooter.java:345)
	at org.apache.maven.surefire.booter.ForkedBooter.execute(ForkedBooter.java:126)
	at org.apache.maven.surefire.booter.ForkedBooter.main(ForkedBooter.java:418)
</pre></div></td>
<td>0</td>
<td>G2.Project.Test.TS02.TC_Login_09@69a10787</td></tr>
<tr>
<td title='G2.Project.Test.TS02.TC_Login_01.checkLength()'><b>checkLength</b><br>Test class: G2.Project.Test.TS02.TC_Login_01</td>
<td><div><pre>java.lang.NumberFormatException: null
	at java.base/java.lang.Integer.parseInt(Integer.java:614)
	at java.base/java.lang.Integer.parseInt(Integer.java:770)
	at G2.Project.Base.TestBase.checkContentLength(TestBase.java:84)
	at G2.Project.Test.TS02.TC_Login_01.checkLength(TC_Login_01.java:85)
... Removed 29 stack frames</pre></div><a href='#' onClick='toggleBox("stack-trace1440939580", this, "Click to show all stack frames", "Click to hide stack frames")'>Click to show all stack frames</a>
<div class='stack-trace' id='stack-trace1440939580'><pre>java.lang.NumberFormatException: null
	at java.base/java.lang.Integer.parseInt(Integer.java:614)
	at java.base/java.lang.Integer.parseInt(Integer.java:770)
	at G2.Project.Base.TestBase.checkContentLength(TestBase.java:84)
	at G2.Project.Test.TS02.TC_Login_01.checkLength(TC_Login_01.java:85)
	at java.base/jdk.internal.reflect.NativeMethodAccessorImpl.invoke0(Native Method)
	at java.base/jdk.internal.reflect.NativeMethodAccessorImpl.invoke(NativeMethodAccessorImpl.java:62)
	at java.base/jdk.internal.reflect.DelegatingMethodAccessorImpl.invoke(DelegatingMethodAccessorImpl.java:43)
	at java.base/java.lang.reflect.Method.invoke(Method.java:564)
	at org.testng.internal.MethodInvocationHelper.invokeMethod(MethodInvocationHelper.java:124)
	at org.testng.internal.Invoker.invokeMethod(Invoker.java:583)
	at org.testng.internal.Invoker.invokeTestMethod(Invoker.java:719)
	at org.testng.internal.Invoker.invokeTestMethods(Invoker.java:989)
	at org.testng.internal.TestMethodWorker.invokeTestMethods(TestMethodWorker.java:125)
	at org.testng.internal.TestMethodWorker.run(TestMethodWorker.java:109)
	at org.testng.TestRunner.privateRun(TestRunner.java:648)
	at org.testng.TestRunner.run(TestRunner.java:505)
	at org.testng.SuiteRunner.runTest(SuiteRunner.java:455)
	at org.testng.SuiteRunner.runSequentially(SuiteRunner.java:450)
	at org.testng.SuiteRunner.privateRun(SuiteRunner.java:415)
	at org.testng.SuiteRunner.run(SuiteRunner.java:364)
	at org.testng.SuiteRunnerWorker.runSuite(SuiteRunnerWorker.java:52)
	at org.testng.SuiteRunnerWorker.run(SuiteRunnerWorker.java:84)
	at org.testng.TestNG.runSuitesSequentially(TestNG.java:1208)
	at org.testng.TestNG.runSuitesLocally(TestNG.java:1137)
	at org.testng.TestNG.runSuites(TestNG.java:1049)
	at org.testng.TestNG.run(TestNG.java:1017)
	at org.apache.maven.surefire.testng.TestNGExecutor.run(TestNGExecutor.java:283)
	at org.apache.maven.surefire.testng.TestNGXmlTestSuite.execute(TestNGXmlTestSuite.java:75)
	at org.apache.maven.surefire.testng.TestNGProvider.invoke(TestNGProvider.java:120)
	at org.apache.maven.surefire.booter.ForkedBooter.invokeProviderInSameClassLoader(ForkedBooter.java:384)
	at org.apache.maven.surefire.booter.ForkedBooter.runSuitesInProcess(ForkedBooter.java:345)
	at org.apache.maven.surefire.booter.ForkedBooter.execute(ForkedBooter.java:126)
	at org.apache.maven.surefire.booter.ForkedBooter.main(ForkedBooter.java:418)
</pre></div></td>
<td>0</td>
<td>G2.Project.Test.TS02.TC_Login_01@5cdd8682</td></tr>
<tr>
<td title='G2.Project.Test.TS02.TC_Login_02.checkLength()'><b>checkLength</b><br>Test class: G2.Project.Test.TS02.TC_Login_02</td>
<td><div><pre>java.lang.NumberFormatException: null
	at java.base/java.lang.Integer.parseInt(Integer.java:614)
	at java.base/java.lang.Integer.parseInt(Integer.java:770)
	at G2.Project.Base.TestBase.checkContentLength(TestBase.java:84)
	at G2.Project.Test.TS02.TC_Login_02.checkLength(TC_Login_02.java:65)
... Removed 29 stack frames</pre></div><a href='#' onClick='toggleBox("stack-trace1241395522", this, "Click to show all stack frames", "Click to hide stack frames")'>Click to show all stack frames</a>
<div class='stack-trace' id='stack-trace1241395522'><pre>java.lang.NumberFormatException: null
	at java.base/java.lang.Integer.parseInt(Integer.java:614)
	at java.base/java.lang.Integer.parseInt(Integer.java:770)
	at G2.Project.Base.TestBase.checkContentLength(TestBase.java:84)
	at G2.Project.Test.TS02.TC_Login_02.checkLength(TC_Login_02.java:65)
	at java.base/jdk.internal.reflect.NativeMethodAccessorImpl.invoke0(Native Method)
	at java.base/jdk.internal.reflect.NativeMethodAccessorImpl.invoke(NativeMethodAccessorImpl.java:62)
	at java.base/jdk.internal.reflect.DelegatingMethodAccessorImpl.invoke(DelegatingMethodAccessorImpl.java:43)
	at java.base/java.lang.reflect.Method.invoke(Method.java:564)
	at org.testng.internal.MethodInvocationHelper.invokeMethod(MethodInvocationHelper.java:124)
	at org.testng.internal.Invoker.invokeMethod(Invoker.java:583)
	at org.testng.internal.Invoker.invokeTestMethod(Invoker.java:719)
	at org.testng.internal.Invoker.invokeTestMethods(Invoker.java:989)
	at org.testng.internal.TestMethodWorker.invokeTestMethods(TestMethodWorker.java:125)
	at org.testng.internal.TestMethodWorker.run(TestMethodWorker.java:109)
	at org.testng.TestRunner.privateRun(TestRunner.java:648)
	at org.testng.TestRunner.run(TestRunner.java:505)
	at org.testng.SuiteRunner.runTest(SuiteRunner.java:455)
	at org.testng.SuiteRunner.runSequentially(SuiteRunner.java:450)
	at org.testng.SuiteRunner.privateRun(SuiteRunner.java:415)
	at org.testng.SuiteRunner.run(SuiteRunner.java:364)
	at org.testng.SuiteRunnerWorker.runSuite(SuiteRunnerWorker.java:52)
	at org.testng.SuiteRunnerWorker.run(SuiteRunnerWorker.java:84)
	at org.testng.TestNG.runSuitesSequentially(TestNG.java:1208)
	at org.testng.TestNG.runSuitesLocally(TestNG.java:1137)
	at org.testng.TestNG.runSuites(TestNG.java:1049)
	at org.testng.TestNG.run(TestNG.java:1017)
	at org.apache.maven.surefire.testng.TestNGExecutor.run(TestNGExecutor.java:283)
	at org.apache.maven.surefire.testng.TestNGXmlTestSuite.execute(TestNGXmlTestSuite.java:75)
	at org.apache.maven.surefire.testng.TestNGProvider.invoke(TestNGProvider.java:120)
	at org.apache.maven.surefire.booter.ForkedBooter.invokeProviderInSameClassLoader(ForkedBooter.java:384)
	at org.apache.maven.surefire.booter.ForkedBooter.runSuitesInProcess(ForkedBooter.java:345)
	at org.apache.maven.surefire.booter.ForkedBooter.execute(ForkedBooter.java:126)
	at org.apache.maven.surefire.booter.ForkedBooter.main(ForkedBooter.java:418)
</pre></div></td>
<td>0</td>
<td>G2.Project.Test.TS02.TC_Login_02@d6da883</td></tr>
<tr>
<td title='G2.Project.Test.TS02.TC_Login_03.checkLength()'><b>checkLength</b><br>Test class: G2.Project.Test.TS02.TC_Login_03</td>
<td><div><pre>java.lang.NumberFormatException: null
	at java.base/java.lang.Integer.parseInt(Integer.java:614)
	at java.base/java.lang.Integer.parseInt(Integer.java:770)
	at G2.Project.Base.TestBase.checkContentLength(TestBase.java:84)
	at G2.Project.Test.TS02.TC_Login_03.checkLength(TC_Login_03.java:65)
... Removed 29 stack frames</pre></div><a href='#' onClick='toggleBox("stack-trace1878454236", this, "Click to show all stack frames", "Click to hide stack frames")'>Click to show all stack frames</a>
<div class='stack-trace' id='stack-trace1878454236'><pre>java.lang.NumberFormatException: null
	at java.base/java.lang.Integer.parseInt(Integer.java:614)
	at java.base/java.lang.Integer.parseInt(Integer.java:770)
	at G2.Project.Base.TestBase.checkContentLength(TestBase.java:84)
	at G2.Project.Test.TS02.TC_Login_03.checkLength(TC_Login_03.java:65)
	at java.base/jdk.internal.reflect.NativeMethodAccessorImpl.invoke0(Native Method)
	at java.base/jdk.internal.reflect.NativeMethodAccessorImpl.invoke(NativeMethodAccessorImpl.java:62)
	at java.base/jdk.internal.reflect.DelegatingMethodAccessorImpl.invoke(DelegatingMethodAccessorImpl.java:43)
	at java.base/java.lang.reflect.Method.invoke(Method.java:564)
	at org.testng.internal.MethodInvocationHelper.invokeMethod(MethodInvocationHelper.java:124)
	at org.testng.internal.Invoker.invokeMethod(Invoker.java:583)
	at org.testng.internal.Invoker.invokeTestMethod(Invoker.java:719)
	at org.testng.internal.Invoker.invokeTestMethods(Invoker.java:989)
	at org.testng.internal.TestMethodWorker.invokeTestMethods(TestMethodWorker.java:125)
	at org.testng.internal.TestMethodWorker.run(TestMethodWorker.java:109)
	at org.testng.TestRunner.privateRun(TestRunner.java:648)
	at org.testng.TestRunner.run(TestRunner.java:505)
	at org.testng.SuiteRunner.runTest(SuiteRunner.java:455)
	at org.testng.SuiteRunner.runSequentially(SuiteRunner.java:450)
	at org.testng.SuiteRunner.privateRun(SuiteRunner.java:415)
	at org.testng.SuiteRunner.run(SuiteRunner.java:364)
	at org.testng.SuiteRunnerWorker.runSuite(SuiteRunnerWorker.java:52)
	at org.testng.SuiteRunnerWorker.run(SuiteRunnerWorker.java:84)
	at org.testng.TestNG.runSuitesSequentially(TestNG.java:1208)
	at org.testng.TestNG.runSuitesLocally(TestNG.java:1137)
	at org.testng.TestNG.runSuites(TestNG.java:1049)
	at org.testng.TestNG.run(TestNG.java:1017)
	at org.apache.maven.surefire.testng.TestNGExecutor.run(TestNGExecutor.java:283)
	at org.apache.maven.surefire.testng.TestNGXmlTestSuite.execute(TestNGXmlTestSuite.java:75)
	at org.apache.maven.surefire.testng.TestNGProvider.invoke(TestNGProvider.java:120)
	at org.apache.maven.surefire.booter.ForkedBooter.invokeProviderInSameClassLoader(ForkedBooter.java:384)
	at org.apache.maven.surefire.booter.ForkedBooter.runSuitesInProcess(ForkedBooter.java:345)
	at org.apache.maven.surefire.booter.ForkedBooter.execute(ForkedBooter.java:126)
	at org.apache.maven.surefire.booter.ForkedBooter.main(ForkedBooter.java:418)
</pre></div></td>
<td>0</td>
<td>G2.Project.Test.TS02.TC_Login_03@45afc369</td></tr>
<tr>
<td title='G2.Project.Test.TS02.TC_Login_04.checkLength()'><b>checkLength</b><br>Test class: G2.Project.Test.TS02.TC_Login_04</td>
<td><div><pre>java.lang.NumberFormatException: null
	at java.base/java.lang.Integer.parseInt(Integer.java:614)
	at java.base/java.lang.Integer.parseInt(Integer.java:770)
	at G2.Project.Base.TestBase.checkContentLength(TestBase.java:84)
	at G2.Project.Test.TS02.TC_Login_04.checkLength(TC_Login_04.java:65)
... Removed 29 stack frames</pre></div><a href='#' onClick='toggleBox("stack-trace386040589", this, "Click to show all stack frames", "Click to hide stack frames")'>Click to show all stack frames</a>
<div class='stack-trace' id='stack-trace386040589'><pre>java.lang.NumberFormatException: null
	at java.base/java.lang.Integer.parseInt(Integer.java:614)
	at java.base/java.lang.Integer.parseInt(Integer.java:770)
	at G2.Project.Base.TestBase.checkContentLength(TestBase.java:84)
	at G2.Project.Test.TS02.TC_Login_04.checkLength(TC_Login_04.java:65)
	at java.base/jdk.internal.reflect.NativeMethodAccessorImpl.invoke0(Native Method)
	at java.base/jdk.internal.reflect.NativeMethodAccessorImpl.invoke(NativeMethodAccessorImpl.java:62)
	at java.base/jdk.internal.reflect.DelegatingMethodAccessorImpl.invoke(DelegatingMethodAccessorImpl.java:43)
	at java.base/java.lang.reflect.Method.invoke(Method.java:564)
	at org.testng.internal.MethodInvocationHelper.invokeMethod(MethodInvocationHelper.java:124)
	at org.testng.internal.Invoker.invokeMethod(Invoker.java:583)
	at org.testng.internal.Invoker.invokeTestMethod(Invoker.java:719)
	at org.testng.internal.Invoker.invokeTestMethods(Invoker.java:989)
	at org.testng.internal.TestMethodWorker.invokeTestMethods(TestMethodWorker.java:125)
	at org.testng.internal.TestMethodWorker.run(TestMethodWorker.java:109)
	at org.testng.TestRunner.privateRun(TestRunner.java:648)
	at org.testng.TestRunner.run(TestRunner.java:505)
	at org.testng.SuiteRunner.runTest(SuiteRunner.java:455)
	at org.testng.SuiteRunner.runSequentially(SuiteRunner.java:450)
	at org.testng.SuiteRunner.privateRun(SuiteRunner.java:415)
	at org.testng.SuiteRunner.run(SuiteRunner.java:364)
	at org.testng.SuiteRunnerWorker.runSuite(SuiteRunnerWorker.java:52)
	at org.testng.SuiteRunnerWorker.run(SuiteRunnerWorker.java:84)
	at org.testng.TestNG.runSuitesSequentially(TestNG.java:1208)
	at org.testng.TestNG.runSuitesLocally(TestNG.java:1137)
	at org.testng.TestNG.runSuites(TestNG.java:1049)
	at org.testng.TestNG.run(TestNG.java:1017)
	at org.apache.maven.surefire.testng.TestNGExecutor.run(TestNGExecutor.java:283)
	at org.apache.maven.surefire.testng.TestNGXmlTestSuite.execute(TestNGXmlTestSuite.java:75)
	at org.apache.maven.surefire.testng.TestNGProvider.invoke(TestNGProvider.java:120)
	at org.apache.maven.surefire.booter.ForkedBooter.invokeProviderInSameClassLoader(ForkedBooter.java:384)
	at org.apache.maven.surefire.booter.ForkedBooter.runSuitesInProcess(ForkedBooter.java:345)
	at org.apache.maven.surefire.booter.ForkedBooter.execute(ForkedBooter.java:126)
	at org.apache.maven.surefire.booter.ForkedBooter.main(ForkedBooter.java:418)
</pre></div></td>
<td>0</td>
<td>G2.Project.Test.TS02.TC_Login_04@799d4f69</td></tr>
<tr>
<td title='G2.Project.Test.TS02.TC_Login_05.checkLength()'><b>checkLength</b><br>Test class: G2.Project.Test.TS02.TC_Login_05</td>
<td><div><pre>java.lang.NumberFormatException: null
	at java.base/java.lang.Integer.parseInt(Integer.java:614)
	at java.base/java.lang.Integer.parseInt(Integer.java:770)
	at G2.Project.Base.TestBase.checkContentLength(TestBase.java:84)
	at G2.Project.Test.TS02.TC_Login_05.checkLength(TC_Login_05.java:65)
... Removed 29 stack frames</pre></div><a href='#' onClick='toggleBox("stack-trace412375354", this, "Click to show all stack frames", "Click to hide stack frames")'>Click to show all stack frames</a>
<div class='stack-trace' id='stack-trace412375354'><pre>java.lang.NumberFormatException: null
	at java.base/java.lang.Integer.parseInt(Integer.java:614)
	at java.base/java.lang.Integer.parseInt(Integer.java:770)
	at G2.Project.Base.TestBase.checkContentLength(TestBase.java:84)
	at G2.Project.Test.TS02.TC_Login_05.checkLength(TC_Login_05.java:65)
	at java.base/jdk.internal.reflect.NativeMethodAccessorImpl.invoke0(Native Method)
	at java.base/jdk.internal.reflect.NativeMethodAccessorImpl.invoke(NativeMethodAccessorImpl.java:62)
	at java.base/jdk.internal.reflect.DelegatingMethodAccessorImpl.invoke(DelegatingMethodAccessorImpl.java:43)
	at java.base/java.lang.reflect.Method.invoke(Method.java:564)
	at org.testng.internal.MethodInvocationHelper.invokeMethod(MethodInvocationHelper.java:124)
	at org.testng.internal.Invoker.invokeMethod(Invoker.java:583)
	at org.testng.internal.Invoker.invokeTestMethod(Invoker.java:719)
	at org.testng.internal.Invoker.invokeTestMethods(Invoker.java:989)
	at org.testng.internal.TestMethodWorker.invokeTestMethods(TestMethodWorker.java:125)
	at org.testng.internal.TestMethodWorker.run(TestMethodWorker.java:109)
	at org.testng.TestRunner.privateRun(TestRunner.java:648)
	at org.testng.TestRunner.run(TestRunner.java:505)
	at org.testng.SuiteRunner.runTest(SuiteRunner.java:455)
	at org.testng.SuiteRunner.runSequentially(SuiteRunner.java:450)
	at org.testng.SuiteRunner.privateRun(SuiteRunner.java:415)
	at org.testng.SuiteRunner.run(SuiteRunner.java:364)
	at org.testng.SuiteRunnerWorker.runSuite(SuiteRunnerWorker.java:52)
	at org.testng.SuiteRunnerWorker.run(SuiteRunnerWorker.java:84)
	at org.testng.TestNG.runSuitesSequentially(TestNG.java:1208)
	at org.testng.TestNG.runSuitesLocally(TestNG.java:1137)
	at org.testng.TestNG.runSuites(TestNG.java:1049)
	at org.testng.TestNG.run(TestNG.java:1017)
	at org.apache.maven.surefire.testng.TestNGExecutor.run(TestNGExecutor.java:283)
	at org.apache.maven.surefire.testng.TestNGXmlTestSuite.execute(TestNGXmlTestSuite.java:75)
	at org.apache.maven.surefire.testng.TestNGProvider.invoke(TestNGProvider.java:120)
	at org.apache.maven.surefire.booter.ForkedBooter.invokeProviderInSameClassLoader(ForkedBooter.java:384)
	at org.apache.maven.surefire.booter.ForkedBooter.runSuitesInProcess(ForkedBooter.java:345)
	at org.apache.maven.surefire.booter.ForkedBooter.execute(ForkedBooter.java:126)
	at org.apache.maven.surefire.booter.ForkedBooter.main(ForkedBooter.java:418)
</pre></div></td>
<td>0</td>
<td>G2.Project.Test.TS02.TC_Login_05@49c43f4e</td></tr>
<tr>
<td title='G2.Project.Test.TS02.TC_Login_06.checkLength()'><b>checkLength</b><br>Test class: G2.Project.Test.TS02.TC_Login_06</td>
<td><div><pre>java.lang.NumberFormatException: null
	at java.base/java.lang.Integer.parseInt(Integer.java:614)
	at java.base/java.lang.Integer.parseInt(Integer.java:770)
	at G2.Project.Base.TestBase.checkContentLength(TestBase.java:84)
	at G2.Project.Test.TS02.TC_Login_06.checkLength(TC_Login_06.java:65)
... Removed 29 stack frames</pre></div><a href='#' onClick='toggleBox("stack-trace886343183", this, "Click to show all stack frames", "Click to hide stack frames")'>Click to show all stack frames</a>
<div class='stack-trace' id='stack-trace886343183'><pre>java.lang.NumberFormatException: null
	at java.base/java.lang.Integer.parseInt(Integer.java:614)
	at java.base/java.lang.Integer.parseInt(Integer.java:770)
	at G2.Project.Base.TestBase.checkContentLength(TestBase.java:84)
	at G2.Project.Test.TS02.TC_Login_06.checkLength(TC_Login_06.java:65)
	at java.base/jdk.internal.reflect.NativeMethodAccessorImpl.invoke0(Native Method)
	at java.base/jdk.internal.reflect.NativeMethodAccessorImpl.invoke(NativeMethodAccessorImpl.java:62)
	at java.base/jdk.internal.reflect.DelegatingMethodAccessorImpl.invoke(DelegatingMethodAccessorImpl.java:43)
	at java.base/java.lang.reflect.Method.invoke(Method.java:564)
	at org.testng.internal.MethodInvocationHelper.invokeMethod(MethodInvocationHelper.java:124)
	at org.testng.internal.Invoker.invokeMethod(Invoker.java:583)
	at org.testng.internal.Invoker.invokeTestMethod(Invoker.java:719)
	at org.testng.internal.Invoker.invokeTestMethods(Invoker.java:989)
	at org.testng.internal.TestMethodWorker.invokeTestMethods(TestMethodWorker.java:125)
	at org.testng.internal.TestMethodWorker.run(TestMethodWorker.java:109)
	at org.testng.TestRunner.privateRun(TestRunner.java:648)
	at org.testng.TestRunner.run(TestRunner.java:505)
	at org.testng.SuiteRunner.runTest(SuiteRunner.java:455)
	at org.testng.SuiteRunner.runSequentially(SuiteRunner.java:450)
	at org.testng.SuiteRunner.privateRun(SuiteRunner.java:415)
	at org.testng.SuiteRunner.run(SuiteRunner.java:364)
	at org.testng.SuiteRunnerWorker.runSuite(SuiteRunnerWorker.java:52)
	at org.testng.SuiteRunnerWorker.run(SuiteRunnerWorker.java:84)
	at org.testng.TestNG.runSuitesSequentially(TestNG.java:1208)
	at org.testng.TestNG.runSuitesLocally(TestNG.java:1137)
	at org.testng.TestNG.runSuites(TestNG.java:1049)
	at org.testng.TestNG.run(TestNG.java:1017)
	at org.apache.maven.surefire.testng.TestNGExecutor.run(TestNGExecutor.java:283)
	at org.apache.maven.surefire.testng.TestNGXmlTestSuite.execute(TestNGXmlTestSuite.java:75)
	at org.apache.maven.surefire.testng.TestNGProvider.invoke(TestNGProvider.java:120)
	at org.apache.maven.surefire.booter.ForkedBooter.invokeProviderInSameClassLoader(ForkedBooter.java:384)
	at org.apache.maven.surefire.booter.ForkedBooter.runSuitesInProcess(ForkedBooter.java:345)
	at org.apache.maven.surefire.booter.ForkedBooter.execute(ForkedBooter.java:126)
	at org.apache.maven.surefire.booter.ForkedBooter.main(ForkedBooter.java:418)
</pre></div></td>
<td>0</td>
<td>G2.Project.Test.TS02.TC_Login_06@290dbf45</td></tr>
<tr>
<td title='G2.Project.Test.TS02.TC_Login_07.checkLength()'><b>checkLength</b><br>Test class: G2.Project.Test.TS02.TC_Login_07</td>
<td><div><pre>java.lang.NumberFormatException: null
	at java.base/java.lang.Integer.parseInt(Integer.java:614)
	at java.base/java.lang.Integer.parseInt(Integer.java:770)
	at G2.Project.Base.TestBase.checkContentLength(TestBase.java:84)
	at G2.Project.Test.TS02.TC_Login_07.checkLength(TC_Login_07.java:65)
... Removed 29 stack frames</pre></div><a href='#' onClick='toggleBox("stack-trace1513071903", this, "Click to show all stack frames", "Click to hide stack frames")'>Click to show all stack frames</a>
<div class='stack-trace' id='stack-trace1513071903'><pre>java.lang.NumberFormatException: null
	at java.base/java.lang.Integer.parseInt(Integer.java:614)
	at java.base/java.lang.Integer.parseInt(Integer.java:770)
	at G2.Project.Base.TestBase.checkContentLength(TestBase.java:84)
	at G2.Project.Test.TS02.TC_Login_07.checkLength(TC_Login_07.java:65)
	at java.base/jdk.internal.reflect.NativeMethodAccessorImpl.invoke0(Native Method)
	at java.base/jdk.internal.reflect.NativeMethodAccessorImpl.invoke(NativeMethodAccessorImpl.java:62)
	at java.base/jdk.internal.reflect.DelegatingMethodAccessorImpl.invoke(DelegatingMethodAccessorImpl.java:43)
	at java.base/java.lang.reflect.Method.invoke(Method.java:564)
	at org.testng.internal.MethodInvocationHelper.invokeMethod(MethodInvocationHelper.java:124)
	at org.testng.internal.Invoker.invokeMethod(Invoker.java:583)
	at org.testng.internal.Invoker.invokeTestMethod(Invoker.java:719)
	at org.testng.internal.Invoker.invokeTestMethods(Invoker.java:989)
	at org.testng.internal.TestMethodWorker.invokeTestMethods(TestMethodWorker.java:125)
	at org.testng.internal.TestMethodWorker.run(TestMethodWorker.java:109)
	at org.testng.TestRunner.privateRun(TestRunner.java:648)
	at org.testng.TestRunner.run(TestRunner.java:505)
	at org.testng.SuiteRunner.runTest(SuiteRunner.java:455)
	at org.testng.SuiteRunner.runSequentially(SuiteRunner.java:450)
	at org.testng.SuiteRunner.privateRun(SuiteRunner.java:415)
	at org.testng.SuiteRunner.run(SuiteRunner.java:364)
	at org.testng.SuiteRunnerWorker.runSuite(SuiteRunnerWorker.java:52)
	at org.testng.SuiteRunnerWorker.run(SuiteRunnerWorker.java:84)
	at org.testng.TestNG.runSuitesSequentially(TestNG.java:1208)
	at org.testng.TestNG.runSuitesLocally(TestNG.java:1137)
	at org.testng.TestNG.runSuites(TestNG.java:1049)
	at org.testng.TestNG.run(TestNG.java:1017)
	at org.apache.maven.surefire.testng.TestNGExecutor.run(TestNGExecutor.java:283)
	at org.apache.maven.surefire.testng.TestNGXmlTestSuite.execute(TestNGXmlTestSuite.java:75)
	at org.apache.maven.surefire.testng.TestNGProvider.invoke(TestNGProvider.java:120)
	at org.apache.maven.surefire.booter.ForkedBooter.invokeProviderInSameClassLoader(ForkedBooter.java:384)
	at org.apache.maven.surefire.booter.ForkedBooter.runSuitesInProcess(ForkedBooter.java:345)
	at org.apache.maven.surefire.booter.ForkedBooter.execute(ForkedBooter.java:126)
	at org.apache.maven.surefire.booter.ForkedBooter.main(ForkedBooter.java:418)
</pre></div></td>
<td>0</td>
<td>G2.Project.Test.TS02.TC_Login_07@12028586</td></tr>
<tr>
<td title='G2.Project.Test.TS02.TC_Login_08.checkLength()'><b>checkLength</b><br>Test class: G2.Project.Test.TS02.TC_Login_08</td>
<td><div><pre>java.lang.NumberFormatException: null
	at java.base/java.lang.Integer.parseInt(Integer.java:614)
	at java.base/java.lang.Integer.parseInt(Integer.java:770)
	at G2.Project.Base.TestBase.checkContentLength(TestBase.java:84)
	at G2.Project.Test.TS02.TC_Login_08.checkLength(TC_Login_08.java:65)
... Removed 29 stack frames</pre></div><a href='#' onClick='toggleBox("stack-trace1784908921", this, "Click to show all stack frames", "Click to hide stack frames")'>Click to show all stack frames</a>
<div class='stack-trace' id='stack-trace1784908921'><pre>java.lang.NumberFormatException: null
	at java.base/java.lang.Integer.parseInt(Integer.java:614)
	at java.base/java.lang.Integer.parseInt(Integer.java:770)
	at G2.Project.Base.TestBase.checkContentLength(TestBase.java:84)
	at G2.Project.Test.TS02.TC_Login_08.checkLength(TC_Login_08.java:65)
	at java.base/jdk.internal.reflect.NativeMethodAccessorImpl.invoke0(Native Method)
	at java.base/jdk.internal.reflect.NativeMethodAccessorImpl.invoke(NativeMethodAccessorImpl.java:62)
	at java.base/jdk.internal.reflect.DelegatingMethodAccessorImpl.invoke(DelegatingMethodAccessorImpl.java:43)
	at java.base/java.lang.reflect.Method.invoke(Method.java:564)
	at org.testng.internal.MethodInvocationHelper.invokeMethod(MethodInvocationHelper.java:124)
	at org.testng.internal.Invoker.invokeMethod(Invoker.java:583)
	at org.testng.internal.Invoker.invokeTestMethod(Invoker.java:719)
	at org.testng.internal.Invoker.invokeTestMethods(Invoker.java:989)
	at org.testng.internal.TestMethodWorker.invokeTestMethods(TestMethodWorker.java:125)
	at org.testng.internal.TestMethodWorker.run(TestMethodWorker.java:109)
	at org.testng.TestRunner.privateRun(TestRunner.java:648)
	at org.testng.TestRunner.run(TestRunner.java:505)
	at org.testng.SuiteRunner.runTest(SuiteRunner.java:455)
	at org.testng.SuiteRunner.runSequentially(SuiteRunner.java:450)
	at org.testng.SuiteRunner.privateRun(SuiteRunner.java:415)
	at org.testng.SuiteRunner.run(SuiteRunner.java:364)
	at org.testng.SuiteRunnerWorker.runSuite(SuiteRunnerWorker.java:52)
	at org.testng.SuiteRunnerWorker.run(SuiteRunnerWorker.java:84)
	at org.testng.TestNG.runSuitesSequentially(TestNG.java:1208)
	at org.testng.TestNG.runSuitesLocally(TestNG.java:1137)
	at org.testng.TestNG.runSuites(TestNG.java:1049)
	at org.testng.TestNG.run(TestNG.java:1017)
	at org.apache.maven.surefire.testng.TestNGExecutor.run(TestNGExecutor.java:283)
	at org.apache.maven.surefire.testng.TestNGXmlTestSuite.execute(TestNGXmlTestSuite.java:75)
	at org.apache.maven.surefire.testng.TestNGProvider.invoke(TestNGProvider.java:120)
	at org.apache.maven.surefire.booter.ForkedBooter.invokeProviderInSameClassLoader(ForkedBooter.java:384)
	at org.apache.maven.surefire.booter.ForkedBooter.runSuitesInProcess(ForkedBooter.java:345)
	at org.apache.maven.surefire.booter.ForkedBooter.execute(ForkedBooter.java:126)
	at org.apache.maven.surefire.booter.ForkedBooter.main(ForkedBooter.java:418)
</pre></div></td>
<td>0</td>
<td>G2.Project.Test.TS02.TC_Login_08@17776a8</td></tr>
<tr>
<td title='G2.Project.Test.TS02.TC_Login_09.checkLength()'><b>checkLength</b><br>Test class: G2.Project.Test.TS02.TC_Login_09</td>
<td><div><pre>java.lang.NumberFormatException: null
	at java.base/java.lang.Integer.parseInt(Integer.java:614)
	at java.base/java.lang.Integer.parseInt(Integer.java:770)
	at G2.Project.Base.TestBase.checkContentLength(TestBase.java:84)
	at G2.Project.Test.TS02.TC_Login_09.checkLength(TC_Login_09.java:63)
... Removed 29 stack frames</pre></div><a href='#' onClick='toggleBox("stack-trace2097435292", this, "Click to show all stack frames", "Click to hide stack frames")'>Click to show all stack frames</a>
<div class='stack-trace' id='stack-trace2097435292'><pre>java.lang.NumberFormatException: null
	at java.base/java.lang.Integer.parseInt(Integer.java:614)
	at java.base/java.lang.Integer.parseInt(Integer.java:770)
	at G2.Project.Base.TestBase.checkContentLength(TestBase.java:84)
	at G2.Project.Test.TS02.TC_Login_09.checkLength(TC_Login_09.java:63)
	at java.base/jdk.internal.reflect.NativeMethodAccessorImpl.invoke0(Native Method)
	at java.base/jdk.internal.reflect.NativeMethodAccessorImpl.invoke(NativeMethodAccessorImpl.java:62)
	at java.base/jdk.internal.reflect.DelegatingMethodAccessorImpl.invoke(DelegatingMethodAccessorImpl.java:43)
	at java.base/java.lang.reflect.Method.invoke(Method.java:564)
	at org.testng.internal.MethodInvocationHelper.invokeMethod(MethodInvocationHelper.java:124)
	at org.testng.internal.Invoker.invokeMethod(Invoker.java:583)
	at org.testng.internal.Invoker.invokeTestMethod(Invoker.java:719)
	at org.testng.internal.Invoker.invokeTestMethods(Invoker.java:989)
	at org.testng.internal.TestMethodWorker.invokeTestMethods(TestMethodWorker.java:125)
	at org.testng.internal.TestMethodWorker.run(TestMethodWorker.java:109)
	at org.testng.TestRunner.privateRun(TestRunner.java:648)
	at org.testng.TestRunner.run(TestRunner.java:505)
	at org.testng.SuiteRunner.runTest(SuiteRunner.java:455)
	at org.testng.SuiteRunner.runSequentially(SuiteRunner.java:450)
	at org.testng.SuiteRunner.privateRun(SuiteRunner.java:415)
	at org.testng.SuiteRunner.run(SuiteRunner.java:364)
	at org.testng.SuiteRunnerWorker.runSuite(SuiteRunnerWorker.java:52)
	at org.testng.SuiteRunnerWorker.run(SuiteRunnerWorker.java:84)
	at org.testng.TestNG.runSuitesSequentially(TestNG.java:1208)
	at org.testng.TestNG.runSuitesLocally(TestNG.java:1137)
	at org.testng.TestNG.runSuites(TestNG.java:1049)
	at org.testng.TestNG.run(TestNG.java:1017)
	at org.apache.maven.surefire.testng.TestNGExecutor.run(TestNGExecutor.java:283)
	at org.apache.maven.surefire.testng.TestNGXmlTestSuite.execute(TestNGXmlTestSuite.java:75)
	at org.apache.maven.surefire.testng.TestNGProvider.invoke(TestNGProvider.java:120)
	at org.apache.maven.surefire.booter.ForkedBooter.invokeProviderInSameClassLoader(ForkedBooter.java:384)
	at org.apache.maven.surefire.booter.ForkedBooter.runSuitesInProcess(ForkedBooter.java:345)
	at org.apache.maven.surefire.booter.ForkedBooter.execute(ForkedBooter.java:126)
	at org.apache.maven.surefire.booter.ForkedBooter.main(ForkedBooter.java:418)
</pre></div></td>
<td>0</td>
<td>G2.Project.Test.TS02.TC_Login_09@69a10787</td></tr>
</table><p>
<table width='100%' border='1' class='invocation-passed'>
<tr><td colspan='4' align='center'><b>PASSED TESTS</b></td></tr>
<tr><td><b>Test method</b></td>
<td width="30%"><b>Exception</b></td>
<td width="10%"><b>Time (seconds)</b></td>
<td><b>Instance</b></td>
</tr>
<tr>
<td title='G2.Project.Test.TS02.TC_Login_01.checkHeader()'><b>checkHeader</b><br>Test class: G2.Project.Test.TS02.TC_Login_01</td>
<td></td>
<td>0</td>
<td>G2.Project.Test.TS02.TC_Login_01@5cdd8682</td></tr>
<tr>
<td title='G2.Project.Test.TS02.TC_Login_02.checkHeader()'><b>checkHeader</b><br>Test class: G2.Project.Test.TS02.TC_Login_02</td>
<td></td>
<td>0</td>
<td>G2.Project.Test.TS02.TC_Login_02@d6da883</td></tr>
<tr>
<td title='G2.Project.Test.TS02.TC_Login_03.checkHeader()'><b>checkHeader</b><br>Test class: G2.Project.Test.TS02.TC_Login_03</td>
<td></td>
<td>0</td>
<td>G2.Project.Test.TS02.TC_Login_03@45afc369</td></tr>
<tr>
<td title='G2.Project.Test.TS02.TC_Login_04.checkHeader()'><b>checkHeader</b><br>Test class: G2.Project.Test.TS02.TC_Login_04</td>
<td></td>
<td>0</td>
<td>G2.Project.Test.TS02.TC_Login_04@799d4f69</td></tr>
<tr>
<td title='G2.Project.Test.TS02.TC_Login_05.checkHeader()'><b>checkHeader</b><br>Test class: G2.Project.Test.TS02.TC_Login_05</td>
<td></td>
<td>0</td>
<td>G2.Project.Test.TS02.TC_Login_05@49c43f4e</td></tr>
<tr>
<td title='G2.Project.Test.TS02.TC_Login_06.checkHeader()'><b>checkHeader</b><br>Test class: G2.Project.Test.TS02.TC_Login_06</td>
<td></td>
<td>0</td>
<td>G2.Project.Test.TS02.TC_Login_06@290dbf45</td></tr>
<tr>
<td title='G2.Project.Test.TS02.TC_Login_07.checkHeader()'><b>checkHeader</b><br>Test class: G2.Project.Test.TS02.TC_Login_07</td>
<td></td>
<td>0</td>
<td>G2.Project.Test.TS02.TC_Login_07@12028586</td></tr>
<tr>
<td title='G2.Project.Test.TS02.TC_Login_08.checkHeader()'><b>checkHeader</b><br>Test class: G2.Project.Test.TS02.TC_Login_08</td>
<td></td>
<td>0</td>
<td>G2.Project.Test.TS02.TC_Login_08@17776a8</td></tr>
<tr>
<td title='G2.Project.Test.TS02.TC_Login_09.checkHeader()'><b>checkHeader</b><br>Test class: G2.Project.Test.TS02.TC_Login_09</td>
<td></td>
<td>0</td>
<td>G2.Project.Test.TS02.TC_Login_09@69a10787</td></tr>
<tr>
<td title='G2.Project.Test.TS02.TC_Login_01.checkResponseBody()'><b>checkResponseBody</b><br>Test class: G2.Project.Test.TS02.TC_Login_01</td>
<td></td>
<td>0</td>
<td>G2.Project.Test.TS02.TC_Login_01@5cdd8682</td></tr>
<tr>
<td title='G2.Project.Test.TS02.TC_Login_02.checkResponseBody()'><b>checkResponseBody</b><br>Test class: G2.Project.Test.TS02.TC_Login_02</td>
<td></td>
<td>0</td>
<td>G2.Project.Test.TS02.TC_Login_02@d6da883</td></tr>
<tr>
<td title='G2.Project.Test.TS02.TC_Login_03.checkResponseBody()'><b>checkResponseBody</b><br>Test class: G2.Project.Test.TS02.TC_Login_03</td>
<td></td>
<td>0</td>
<td>G2.Project.Test.TS02.TC_Login_03@45afc369</td></tr>
<tr>
<td title='G2.Project.Test.TS02.TC_Login_04.checkResponseBody()'><b>checkResponseBody</b><br>Test class: G2.Project.Test.TS02.TC_Login_04</td>
<td></td>
<td>0</td>
<td>G2.Project.Test.TS02.TC_Login_04@799d4f69</td></tr>
<tr>
<td title='G2.Project.Test.TS02.TC_Login_05.checkResponseBody()'><b>checkResponseBody</b><br>Test class: G2.Project.Test.TS02.TC_Login_05</td>
<td></td>
<td>0</td>
<td>G2.Project.Test.TS02.TC_Login_05@49c43f4e</td></tr>
<tr>
<td title='G2.Project.Test.TS02.TC_Login_06.checkResponseBody()'><b>checkResponseBody</b><br>Test class: G2.Project.Test.TS02.TC_Login_06</td>
<td></td>
<td>0</td>
<td>G2.Project.Test.TS02.TC_Login_06@290dbf45</td></tr>
<tr>
<td title='G2.Project.Test.TS02.TC_Login_07.checkResponseBody()'><b>checkResponseBody</b><br>Test class: G2.Project.Test.TS02.TC_Login_07</td>
<td></td>
<td>0</td>
<td>G2.Project.Test.TS02.TC_Login_07@12028586</td></tr>
<tr>
<td title='G2.Project.Test.TS02.TC_Login_08.checkResponseBody()'><b>checkResponseBody</b><br>Test class: G2.Project.Test.TS02.TC_Login_08</td>
<td></td>
<td>0</td>
<td>G2.Project.Test.TS02.TC_Login_08@17776a8</td></tr>
<tr>
<td title='G2.Project.Test.TS02.TC_Login_09.checkResponseBody()'><b>checkResponseBody</b><br>Test class: G2.Project.Test.TS02.TC_Login_09</td>
<td></td>
<td>0</td>
<td>G2.Project.Test.TS02.TC_Login_09@69a10787</td></tr>
<tr>
<td title='G2.Project.Test.TS02.TC_Login_01.checkResponseTime()'><b>checkResponseTime</b><br>Test class: G2.Project.Test.TS02.TC_Login_01</td>
<td></td>
<td>0</td>
<td>G2.Project.Test.TS02.TC_Login_01@5cdd8682</td></tr>
<tr>
<td title='G2.Project.Test.TS02.TC_Login_02.checkResponseTime()'><b>checkResponseTime</b><br>Test class: G2.Project.Test.TS02.TC_Login_02</td>
<td></td>
<td>0</td>
<td>G2.Project.Test.TS02.TC_Login_02@d6da883</td></tr>
<tr>
<td title='G2.Project.Test.TS02.TC_Login_03.checkResponseTime()'><b>checkResponseTime</b><br>Test class: G2.Project.Test.TS02.TC_Login_03</td>
<td></td>
<td>0</td>
<td>G2.Project.Test.TS02.TC_Login_03@45afc369</td></tr>
<tr>
<td title='G2.Project.Test.TS02.TC_Login_04.checkResponseTime()'><b>checkResponseTime</b><br>Test class: G2.Project.Test.TS02.TC_Login_04</td>
<td></td>
<td>0</td>
<td>G2.Project.Test.TS02.TC_Login_04@799d4f69</td></tr>
<tr>
<td title='G2.Project.Test.TS02.TC_Login_05.checkResponseTime()'><b>checkResponseTime</b><br>Test class: G2.Project.Test.TS02.TC_Login_05</td>
<td></td>
<td>0</td>
<td>G2.Project.Test.TS02.TC_Login_05@49c43f4e</td></tr>
<tr>
<td title='G2.Project.Test.TS02.TC_Login_06.checkResponseTime()'><b>checkResponseTime</b><br>Test class: G2.Project.Test.TS02.TC_Login_06</td>
<td></td>
<td>0</td>
<td>G2.Project.Test.TS02.TC_Login_06@290dbf45</td></tr>
<tr>
<td title='G2.Project.Test.TS02.TC_Login_07.checkResponseTime()'><b>checkResponseTime</b><br>Test class: G2.Project.Test.TS02.TC_Login_07</td>
<td></td>
<td>0</td>
<td>G2.Project.Test.TS02.TC_Login_07@12028586</td></tr>
<tr>
<td title='G2.Project.Test.TS02.TC_Login_08.checkResponseTime()'><b>checkResponseTime</b><br>Test class: G2.Project.Test.TS02.TC_Login_08</td>
<td></td>
<td>0</td>
<td>G2.Project.Test.TS02.TC_Login_08@17776a8</td></tr>
<tr>
<td title='G2.Project.Test.TS02.TC_Login_09.checkResponseTime()'><b>checkResponseTime</b><br>Test class: G2.Project.Test.TS02.TC_Login_09</td>
<td></td>
<td>0</td>
<td>G2.Project.Test.TS02.TC_Login_09@69a10787</td></tr>
<tr>
<td title='G2.Project.Test.TS02.TC_Login_01.checkStatusCode()'><b>checkStatusCode</b><br>Test class: G2.Project.Test.TS02.TC_Login_01</td>
<td></td>
<td>0</td>
<td>G2.Project.Test.TS02.TC_Login_01@5cdd8682</td></tr>
<tr>
<td title='G2.Project.Test.TS02.TC_Login_02.checkStatusCode()'><b>checkStatusCode</b><br>Test class: G2.Project.Test.TS02.TC_Login_02</td>
<td></td>
<td>0</td>
<td>G2.Project.Test.TS02.TC_Login_02@d6da883</td></tr>
<tr>
<td title='G2.Project.Test.TS02.TC_Login_03.checkStatusCode()'><b>checkStatusCode</b><br>Test class: G2.Project.Test.TS02.TC_Login_03</td>
<td></td>
<td>0</td>
<td>G2.Project.Test.TS02.TC_Login_03@45afc369</td></tr>
<tr>
<td title='G2.Project.Test.TS02.TC_Login_04.checkStatusCode()'><b>checkStatusCode</b><br>Test class: G2.Project.Test.TS02.TC_Login_04</td>
<td></td>
<td>0</td>
<td>G2.Project.Test.TS02.TC_Login_04@799d4f69</td></tr>
<tr>
<td title='G2.Project.Test.TS02.TC_Login_05.checkStatusCode()'><b>checkStatusCode</b><br>Test class: G2.Project.Test.TS02.TC_Login_05</td>
<td></td>
<td>0</td>
<td>G2.Project.Test.TS02.TC_Login_05@49c43f4e</td></tr>
<tr>
<td title='G2.Project.Test.TS02.TC_Login_06.checkStatusCode()'><b>checkStatusCode</b><br>Test class: G2.Project.Test.TS02.TC_Login_06</td>
<td></td>
<td>0</td>
<td>G2.Project.Test.TS02.TC_Login_06@290dbf45</td></tr>
<tr>
<td title='G2.Project.Test.TS02.TC_Login_07.checkStatusCode()'><b>checkStatusCode</b><br>Test class: G2.Project.Test.TS02.TC_Login_07</td>
<td></td>
<td>0</td>
<td>G2.Project.Test.TS02.TC_Login_07@12028586</td></tr>
<tr>
<td title='G2.Project.Test.TS02.TC_Login_08.checkStatusCode()'><b>checkStatusCode</b><br>Test class: G2.Project.Test.TS02.TC_Login_08</td>
<td></td>
<td>0</td>
<td>G2.Project.Test.TS02.TC_Login_08@17776a8</td></tr>
<tr>
<td title='G2.Project.Test.TS02.TC_Login_09.checkStatusCode()'><b>checkStatusCode</b><br>Test class: G2.Project.Test.TS02.TC_Login_09</td>
<td></td>
<td>0</td>
<td>G2.Project.Test.TS02.TC_Login_09@69a10787</td></tr>
<tr>
<td title='G2.Project.Test.TS02.TC_Login_01.checkStatusLine()'><b>checkStatusLine</b><br>Test class: G2.Project.Test.TS02.TC_Login_01</td>
<td></td>
<td>0</td>
<td>G2.Project.Test.TS02.TC_Login_01@5cdd8682</td></tr>
<tr>
<td title='G2.Project.Test.TS02.TC_Login_02.checkStatusLine()'><b>checkStatusLine</b><br>Test class: G2.Project.Test.TS02.TC_Login_02</td>
<td></td>
<td>0</td>
<td>G2.Project.Test.TS02.TC_Login_02@d6da883</td></tr>
<tr>
<td title='G2.Project.Test.TS02.TC_Login_03.checkStatusLine()'><b>checkStatusLine</b><br>Test class: G2.Project.Test.TS02.TC_Login_03</td>
<td></td>
<td>0</td>
<td>G2.Project.Test.TS02.TC_Login_03@45afc369</td></tr>
<tr>
<td title='G2.Project.Test.TS02.TC_Login_04.checkStatusLine()'><b>checkStatusLine</b><br>Test class: G2.Project.Test.TS02.TC_Login_04</td>
<td></td>
<td>0</td>
<td>G2.Project.Test.TS02.TC_Login_04@799d4f69</td></tr>
<tr>
<td title='G2.Project.Test.TS02.TC_Login_05.checkStatusLine()'><b>checkStatusLine</b><br>Test class: G2.Project.Test.TS02.TC_Login_05</td>
<td></td>
<td>0</td>
<td>G2.Project.Test.TS02.TC_Login_05@49c43f4e</td></tr>
<tr>
<td title='G2.Project.Test.TS02.TC_Login_06.checkStatusLine()'><b>checkStatusLine</b><br>Test class: G2.Project.Test.TS02.TC_Login_06</td>
<td></td>
<td>0</td>
<td>G2.Project.Test.TS02.TC_Login_06@290dbf45</td></tr>
<tr>
<td title='G2.Project.Test.TS02.TC_Login_07.checkStatusLine()'><b>checkStatusLine</b><br>Test class: G2.Project.Test.TS02.TC_Login_07</td>
<td></td>
<td>0</td>
<td>G2.Project.Test.TS02.TC_Login_07@12028586</td></tr>
<tr>
<td title='G2.Project.Test.TS02.TC_Login_08.checkStatusLine()'><b>checkStatusLine</b><br>Test class: G2.Project.Test.TS02.TC_Login_08</td>
<td></td>
<td>0</td>
<td>G2.Project.Test.TS02.TC_Login_08@17776a8</td></tr>
<tr>
<td title='G2.Project.Test.TS02.TC_Login_09.checkStatusLine()'><b>checkStatusLine</b><br>Test class: G2.Project.Test.TS02.TC_Login_09</td>
<td></td>
<td>0</td>
<td>G2.Project.Test.TS02.TC_Login_09@69a10787</td></tr>
</table><p>
</body>
</html>