<?xml version="1.0" encoding="UTF-8"?>
<!-- Generated by org.testng.reporters.JUnitXMLReporter -->
<testsuite ignored="0" hostname="DNID0688L01.local" failures="1" tests="46" name="LoginResponseTest" time="13.797" errors="0" timestamp="16 May 2020 14:21:49 GMT">
  <testcase classname="G2.Project.Test.TS02.TC_Login_01" name="checkDataBody" time="0.01"/>
  <testcase classname="G2.Project.Test.TS02.TC_Login_01" name="checkHeader" time="0.001"/>
  <testcase classname="G2.Project.Test.TS02.TC_Login_01" name="checkResponseBody" time="0.001"/>
  <testcase classname="G2.Project.Test.TS02.TC_Login_01" name="checkResponseTime" time="0.002">
    <failure type="java.lang.AssertionError" message="expected [true] but found [false]">
      <![CDATA[java.lang.AssertionError: expected [true] but found [false]
at G2.Project.Base.TestBase.checkResponseTime(TestBase.java:76)
at G2.Project.Test.TS02.TC_Login_01.checkResponseTime(TC_Login_01.java:75)
... Removed 34 stack frames]]>
    </failure>
  </testcase> <!-- checkResponseTime -->
  <testcase classname="G2.Project.Test.TS02.TC_Login_01" name="checkStatusCode" time="0.003"/>
  <testcase classname="G2.Project.Test.TS02.TC_Login_01" name="checkStatusLine" time="0.007"/>
  <testcase classname="G2.Project.Test.TS02.TC_Login_02" name="checkHeader" time="0.002"/>
  <testcase classname="G2.Project.Test.TS02.TC_Login_02" name="checkResponseBody" time="0.002"/>
  <testcase classname="G2.Project.Test.TS02.TC_Login_02" name="checkResponseTime" time="0.003"/>
  <testcase classname="G2.Project.Test.TS02.TC_Login_02" name="checkStatusCode" time="0.002"/>
  <testcase classname="G2.Project.Test.TS02.TC_Login_02" name="checkStatusLine" time="0.007"/>
  <testcase classname="G2.Project.Test.TS02.TC_Login_03" name="checkHeader" time="0.002"/>
  <testcase classname="G2.Project.Test.TS02.TC_Login_03" name="checkResponseBody" time="0.002"/>
  <testcase classname="G2.Project.Test.TS02.TC_Login_03" name="checkResponseTime" time="0.002"/>
  <testcase classname="G2.Project.Test.TS02.TC_Login_03" name="checkStatusCode" time="0.002"/>
  <testcase classname="G2.Project.Test.TS02.TC_Login_03" name="checkStatusLine" time="0.002"/>
  <testcase classname="G2.Project.Test.TS02.TC_Login_04" name="checkHeader" time="0.002"/>
  <testcase classname="G2.Project.Test.TS02.TC_Login_04" name="checkResponseBody" time="0.001"/>
  <testcase classname="G2.Project.Test.TS02.TC_Login_04" name="checkResponseTime" time="0.003"/>
  <testcase classname="G2.Project.Test.TS02.TC_Login_04" name="checkStatusCode" time="0.002"/>
  <testcase classname="G2.Project.Test.TS02.TC_Login_04" name="checkStatusLine" time="0.003"/>
  <testcase classname="G2.Project.Test.TS02.TC_Login_05" name="checkHeader" time="0.002"/>
  <testcase classname="G2.Project.Test.TS02.TC_Login_05" name="checkResponseBody" time="0.001"/>
  <testcase classname="G2.Project.Test.TS02.TC_Login_05" name="checkResponseTime" time="0.003"/>
  <testcase classname="G2.Project.Test.TS02.TC_Login_05" name="checkStatusCode" time="0.005"/>
  <testcase classname="G2.Project.Test.TS02.TC_Login_05" name="checkStatusLine" time="0.003"/>
  <testcase classname="G2.Project.Test.TS02.TC_Login_06" name="checkHeader" time="0.002"/>
  <testcase classname="G2.Project.Test.TS02.TC_Login_06" name="checkResponseBody" time="0.002"/>
  <testcase classname="G2.Project.Test.TS02.TC_Login_06" name="checkResponseTime" time="0.002"/>
  <testcase classname="G2.Project.Test.TS02.TC_Login_06" name="checkStatusCode" time="0.002"/>
  <testcase classname="G2.Project.Test.TS02.TC_Login_06" name="checkStatusLine" time="0.002"/>
  <testcase classname="G2.Project.Test.TS02.TC_Login_07" name="checkHeader" time="0.004"/>
  <testcase classname="G2.Project.Test.TS02.TC_Login_07" name="checkResponseBody" time="0.001"/>
  <testcase classname="G2.Project.Test.TS02.TC_Login_07" name="checkResponseTime" time="0.002"/>
  <testcase classname="G2.Project.Test.TS02.TC_Login_07" name="checkStatusCode" time="0.002"/>
  <testcase classname="G2.Project.Test.TS02.TC_Login_07" name="checkStatusLine" time="0.001"/>
  <testcase classname="G2.Project.Test.TS02.TC_Login_08" name="checkHeader" time="0.002"/>
  <testcase classname="G2.Project.Test.TS02.TC_Login_08" name="checkResponseBody" time="0.001"/>
  <testcase classname="G2.Project.Test.TS02.TC_Login_08" name="checkResponseTime" time="0.002"/>
  <testcase classname="G2.Project.Test.TS02.TC_Login_08" name="checkStatusCode" time="0.002"/>
  <testcase classname="G2.Project.Test.TS02.TC_Login_08" name="checkStatusLine" time="0.002"/>
  <testcase classname="G2.Project.Test.TS02.TC_Login_09" name="checkHeader" time="0.008"/>
  <testcase classname="G2.Project.Test.TS02.TC_Login_09" name="checkResponseBody" time="0.001"/>
  <testcase classname="G2.Project.Test.TS02.TC_Login_09" name="checkResponseTime" time="0.002"/>
  <testcase classname="G2.Project.Test.TS02.TC_Login_09" name="checkStatusCode" time="0.002"/>
  <testcase classname="G2.Project.Test.TS02.TC_Login_09" name="checkStatusLine" time="0.002"/>
</testsuite> <!-- LoginResponseTest -->
